2024-01-17 00:00:00,516 [WARN] IPConfigManager:99 - WARNING: Missing Config File for MEMORYMAP ip!!
2024-01-17 00:00:00,527 [WARN] IP:2119 - DefaultDataRegion not found: check if there is a RefParameter without a condition.
2024-01-17 00:00:01,384 [WARN] IP:2119 - OutPut1 not found: check if there is a RefParameter without a condition.
2024-01-17 00:00:01,384 [WARN] IP:2119 - OutPut2 not found: check if there is a RefParameter without a condition.
2024-01-17 00:00:01,384 [WARN] IP:2119 - OutPut3 not found: check if there is a RefParameter without a condition.
2024-01-17 00:00:01,384 [WARN] IP:2119 - BinMixBcdU not found: check if there is a RefParameter without a condition.
2024-01-17 00:00:01,384 [WARN] IP:2119 - SSRU_Underflow_Interrupt not found: check if there is a RefParameter without a condition.
2024-01-17 00:00:01,384 [WARN] IP:2119 - rtcSecureFull not found: check if there is a RefParameter without a condition.
2024-01-17 00:00:01,384 [WARN] IP:2119 - rtcNonSecureFeatures not found: check if there is a RefParameter without a condition.
2024-01-17 00:00:01,384 [WARN] IP:2119 - RTC_NONSECURE_FEATURE_NONE not found: check if there is a RefParameter without a condition.
2024-01-17 00:00:01,384 [WARN] IP:2119 - RTC_NONSECURE_FEATURE_INIT not found: check if there is a RefParameter without a condition.
2024-01-17 00:00:01,385 [WARN] IP:2119 - RTC_NONSECURE_FEATURE_ALRA not found: check if there is a RefParameter without a condition.
2024-01-17 00:00:01,385 [WARN] IP:2119 - RTC_NONSECURE_FEATURE_ALRB not found: check if there is a RefParameter without a condition.
2024-01-17 00:00:01,385 [WARN] IP:2119 - RTC_NONSECURE_FEATURE_TS not found: check if there is a RefParameter without a condition.
2024-01-17 00:00:01,385 [WARN] IP:2119 - RTC_NONSECURE_FEATURE_CAL not found: check if there is a RefParameter without a condition.
2024-01-17 00:00:01,385 [WARN] IP:2119 - RTC_NONSECURE_FEATURE_WUT not found: check if there is a RefParameter without a condition.
2024-01-17 00:00:01,385 [WARN] IP:2119 - Sec_BKP_Registers1 not found: check if there is a RefParameter without a condition.
2024-01-17 00:00:01,385 [WARN] IP:2119 - backupRegisterStartZone2_gS not found: check if there is a RefParameter without a condition.
2024-01-17 00:00:01,385 [WARN] IP:2119 - backupRegisterStartZone3_gS not found: check if there is a RefParameter without a condition.
2024-01-17 00:00:03,423 [WARN] IPConfigManager:2946 - Warning: the RefConfig PWREx_EnableUSBVoltageDetector is not available in your config.xml file
2024-01-17 00:00:03,475 [ERROR] CodeGenerator:9455 - The current RTOS owner has not been found in the list of IPs
2024-01-17 00:00:03,481 [INFO] Middleware:1439 - No code input for Bsp Dependency
2024-01-17 00:00:03,485 [INFO] Middleware:1439 - No code input for Bsp Dependency
2024-01-17 00:00:03,485 [INFO] Middleware:1439 - No code input for Bsp Dependency
2024-01-17 00:00:03,486 [INFO] IP:3348 - RTE Config file name : RTE_Component
2024-01-17 00:00:03,486 [INFO] IP:3366 - RTE template : RTE_Components.ftl
2024-01-17 00:00:03,487 [INFO] Middleware:1439 - No code input for Bsp Dependency
2024-01-17 00:00:03,489 [INFO] Middleware:1439 - No code input for Bsp Dependency
2024-01-17 00:00:03,489 [INFO] IP:3348 - RTE Config file name : RTE_Component
2024-01-17 00:00:03,489 [INFO] IP:3366 - RTE template : RTE_Components.ftl
2024-01-17 00:00:03,503 [INFO] CodeEngine:255 - oldGeneratedFile, C:\Users\bens1\Documents\Other\Projects\Smart-Watch\Firmware\STM32\blink\MXTmpFiles\RTOS_defines_X-CUBE-GNSS1.tmp_save
2024-01-17 00:00:03,598 [INFO] CodeEngine:279 - Generated code: C:\Users\bens1\Documents\Other\Projects\Smart-Watch\Firmware\STM32\blink\MXTmpFiles\RTOS_defines_X-CUBE-GNSS1.tmp
2024-01-17 00:00:03,609 [INFO] CodeEngine:255 - oldGeneratedFile, C:\Users\bens1\Documents\Other\Projects\Smart-Watch\Firmware\STM32\blink\MXTmpFiles\RTOS_variables_X-CUBE-GNSS1.tmp_save
2024-01-17 00:00:03,682 [INFO] CodeEngine:279 - Generated code: C:\Users\bens1\Documents\Other\Projects\Smart-Watch\Firmware\STM32\blink\MXTmpFiles\RTOS_variables_X-CUBE-GNSS1.tmp
2024-01-17 00:00:03,693 [INFO] CodeEngine:255 - oldGeneratedFile, C:\Users\bens1\Documents\Other\Projects\Smart-Watch\Firmware\STM32\blink\MXTmpFiles\RTOS_pool_create_X-CUBE-GNSS1.tmp_save
2024-01-17 00:00:03,761 [INFO] CodeEngine:279 - Generated code: C:\Users\bens1\Documents\Other\Projects\Smart-Watch\Firmware\STM32\blink\MXTmpFiles\RTOS_pool_create_X-CUBE-GNSS1.tmp
2024-01-17 00:00:03,768 [INFO] IP:3348 - RTE Config file name : RTE_Component
2024-01-17 00:00:03,768 [INFO] IP:3366 - RTE template : RTE_Components.ftl
2024-01-17 00:00:03,801 [INFO] IP:3348 - RTE Config file name : RTE_Component
2024-01-17 00:00:03,801 [INFO] IP:3366 - RTE template : RTE_Components.ftl
2024-01-17 00:00:03,804 [INFO] Middleware:1439 - No code input for Bsp Dependency
2024-01-17 00:00:03,805 [INFO] IP:3348 - RTE Config file name : RTE_Component
2024-01-17 00:00:03,805 [INFO] IP:3366 - RTE template : RTE_Components.ftl
2024-01-17 00:00:03,832 [INFO] CodeEngine:255 - oldGeneratedFile, C:\Users\bens1\Documents\Other\Projects\Smart-Watch\Firmware\STM32\blink\MXTmpFiles\RTOS_defines_X-CUBE-TouchGFX.tmp_save
2024-01-17 00:00:03,918 [INFO] CodeEngine:279 - Generated code: C:\Users\bens1\Documents\Other\Projects\Smart-Watch\Firmware\STM32\blink\MXTmpFiles\RTOS_defines_X-CUBE-TouchGFX.tmp
2024-01-17 00:00:03,928 [INFO] CodeEngine:255 - oldGeneratedFile, C:\Users\bens1\Documents\Other\Projects\Smart-Watch\Firmware\STM32\blink\MXTmpFiles\RTOS_variables_X-CUBE-TouchGFX.tmp_save
2024-01-17 00:00:04,001 [INFO] CodeEngine:279 - Generated code: C:\Users\bens1\Documents\Other\Projects\Smart-Watch\Firmware\STM32\blink\MXTmpFiles\RTOS_variables_X-CUBE-TouchGFX.tmp
2024-01-17 00:00:04,012 [INFO] CodeEngine:255 - oldGeneratedFile, C:\Users\bens1\Documents\Other\Projects\Smart-Watch\Firmware\STM32\blink\MXTmpFiles\RTOS_pool_create_X-CUBE-TouchGFX.tmp_save
2024-01-17 00:00:04,071 [INFO] CodeEngine:279 - Generated code: C:\Users\bens1\Documents\Other\Projects\Smart-Watch\Firmware\STM32\blink\MXTmpFiles\RTOS_pool_create_X-CUBE-TouchGFX.tmp
2024-01-17 00:00:04,083 [INFO] CodeEngine:255 - oldGeneratedFile, C:\Users\bens1\Documents\Other\Projects\Smart-Watch\Firmware\STM32\blink\MXTmpFiles\SCB_CleanInvalidateDCache.tmp_save
2024-01-17 00:00:04,133 [INFO] CodeEngine:279 - Generated code: C:\Users\bens1\Documents\Other\Projects\Smart-Watch\Firmware\STM32\blink\MXTmpFiles\SCB_CleanInvalidateDCache.tmp
2024-01-17 00:00:04,145 [INFO] CodeEngine:255 - oldGeneratedFile, C:\Users\bens1\Documents\Other\Projects\Smart-Watch\Firmware\STM32\blink\MXTmpFiles\SCB_InvalidateDCache.tmp_save
2024-01-17 00:00:04,196 [INFO] CodeEngine:279 - Generated code: C:\Users\bens1\Documents\Other\Projects\Smart-Watch\Firmware\STM32\blink\MXTmpFiles\SCB_InvalidateDCache.tmp
2024-01-17 00:00:04,205 [INFO] CodeEngine:255 - oldGeneratedFile, C:\Users\bens1\Documents\Other\Projects\Smart-Watch\Firmware\STM32\blink\MXTmpFiles\touchgfx_license.tmp_save
2024-01-17 00:00:04,263 [INFO] CodeEngine:279 - Generated code: C:\Users\bens1\Documents\Other\Projects\Smart-Watch\Firmware\STM32\blink\MXTmpFiles\touchgfx_license.tmp
2024-01-17 00:00:04,271 [INFO] CodeEngine:255 - oldGeneratedFile, C:\Users\bens1\Documents\Other\Projects\Smart-Watch\Firmware\STM32\blink\MXTmpFiles\touchgfx_gen_license.tmp_save
2024-01-17 00:00:04,331 [INFO] CodeEngine:279 - Generated code: C:\Users\bens1\Documents\Other\Projects\Smart-Watch\Firmware\STM32\blink\MXTmpFiles\touchgfx_gen_license.tmp
2024-01-17 00:00:04,341 [INFO] CodeEngine:255 - oldGeneratedFile, C:\Users\bens1\Documents\Other\Projects\Smart-Watch\Firmware\STM32\blink\MXTmpFiles\dma_paint_common.tmp_save
2024-01-17 00:00:04,399 [INFO] CodeEngine:279 - Generated code: C:\Users\bens1\Documents\Other\Projects\Smart-Watch\Firmware\STM32\blink\MXTmpFiles\dma_paint_common.tmp
2024-01-17 00:00:04,409 [INFO] CodeEngine:255 - oldGeneratedFile, C:\Users\bens1\Documents\Other\Projects\Smart-Watch\Firmware\STM32\blink\MXTmpFiles\dma_32bpp_implementation.tmp_save
2024-01-17 00:00:04,475 [INFO] CodeEngine:279 - Generated code: C:\Users\bens1\Documents\Other\Projects\Smart-Watch\Firmware\STM32\blink\MXTmpFiles\dma_32bpp_implementation.tmp
2024-01-17 00:00:04,491 [INFO] CodeEngine:255 - oldGeneratedFile, C:\Users\bens1\Documents\Other\Projects\Smart-Watch\Firmware\STM32\blink\MXTmpFiles\oswrappers_threadx.tmp_save
2024-01-17 00:00:04,541 [ERROR] CodeEngine:420 - The following has evaluated to null or missing:
==> ide  [in template "oswrappers_threadx_tmp.ftl" at line 2, column 6]

----
Tip: If the failing expression is known to legally refer to something that's sometimes null or missing, either specify a default value like myOptionalVar!myDefault, or use [#if myOptionalVar??]when-present[#else]when-missing[/#if]. (These only cover the last step of the expression; to cover the whole expression, use parenthesis: (myOptionalVar.foo)!myDefault, (myOptionalVar.foo)??
----

----
FTL stack trace ("~" means nesting-related):
	- Failed at: #if ide.contains("MDK-ARM") && (mcuSu...  [in template "oswrappers_threadx_tmp.ftl" at line 2, column 1]
----
2024-01-17 00:00:04,548 [INFO] CodeEngine:279 - Generated code: C:\Users\bens1\Documents\Other\Projects\Smart-Watch\Firmware\STM32\blink\MXTmpFiles\oswrappers_threadx.tmp
2024-01-17 00:00:04,553 [INFO] Middleware:1439 - No code input for Bsp Dependency
2024-01-17 00:00:04,566 [INFO] CodeEngine:255 - oldGeneratedFile, C:\Users\bens1\Documents\Other\Projects\Smart-Watch\Firmware\STM32\blink\MXTmpFiles\cortex.tmp_save
2024-01-17 00:00:04,632 [INFO] CodeEngine:279 - Generated code: C:\Users\bens1\Documents\Other\Projects\Smart-Watch\Firmware\STM32\blink\MXTmpFiles\cortex.tmp
2024-01-17 00:00:04,639 [INFO] Middleware:1439 - No code input for Bsp Dependency
2024-01-17 00:00:04,641 [INFO] Middleware:1439 - No code input for Bsp Dependency
2024-01-17 00:00:04,654 [INFO] CodeEngine:255 - oldGeneratedFile, C:\Users\bens1\Documents\Other\Projects\Smart-Watch\Firmware\STM32\blink\FileX\App\app_filex.h_save
2024-01-17 00:00:04,735 [INFO] CodeEngine:279 - Generated code: C:\Users\bens1\Documents\Other\Projects\Smart-Watch\Firmware\STM32\blink\FileX\App\app_filex.h
2024-01-17 00:00:04,745 [INFO] CodeEngine:255 - oldGeneratedFile, C:\Users\bens1\Documents\Other\Projects\Smart-Watch\Firmware\STM32\blink\FileX\App\app_filex.c_save
2024-01-17 00:00:04,812 [INFO] CodeEngine:279 - Generated code: C:\Users\bens1\Documents\Other\Projects\Smart-Watch\Firmware\STM32\blink\FileX\App\app_filex.c
2024-01-17 00:00:04,824 [INFO] CodeEngine:255 - oldGeneratedFile, C:\Users\bens1\Documents\Other\Projects\Smart-Watch\Firmware\STM32\blink\FileX\App\fx_user.h_save
2024-01-17 00:00:04,897 [INFO] CodeEngine:279 - Generated code: C:\Users\bens1\Documents\Other\Projects\Smart-Watch\Firmware\STM32\blink\FileX\App\fx_user.h
2024-01-17 00:00:04,913 [INFO] CodeEngine:255 - oldGeneratedFile, C:\Users\bens1\Documents\Other\Projects\Smart-Watch\Firmware\STM32\blink\FileX\Target\fx_stm32_sd_driver.h_save
2024-01-17 00:00:04,981 [INFO] CodeEngine:279 - Generated code: C:\Users\bens1\Documents\Other\Projects\Smart-Watch\Firmware\STM32\blink\FileX\Target\fx_stm32_sd_driver.h
2024-01-17 00:00:04,991 [INFO] CodeEngine:255 - oldGeneratedFile, C:\Users\bens1\Documents\Other\Projects\Smart-Watch\Firmware\STM32\blink\FileX\Target\fx_stm32_sd_driver_glue.c_save
2024-01-17 00:00:05,059 [INFO] CodeEngine:279 - Generated code: C:\Users\bens1\Documents\Other\Projects\Smart-Watch\Firmware\STM32\blink\FileX\Target\fx_stm32_sd_driver_glue.c
2024-01-17 00:00:05,073 [INFO] CodeEngine:255 - oldGeneratedFile, C:\Users\bens1\Documents\Other\Projects\Smart-Watch\Firmware\STM32\blink\Core\Inc\gfxmmu_lut.h_save
2024-01-17 00:00:05,152 [INFO] CodeEngine:279 - Generated code: C:\Users\bens1\Documents\Other\Projects\Smart-Watch\Firmware\STM32\blink\Core\Inc\gfxmmu_lut.h
2024-01-17 00:00:05,170 [INFO] Middleware:1439 - No code input for Bsp Dependency
2024-01-17 00:00:05,170 [INFO] IP:3348 - RTE Config file name : RTE_Component
2024-01-17 00:00:05,171 [INFO] IP:3366 - RTE template : RTE_Components.ftl
2024-01-17 00:00:05,171 [INFO] Middleware:1439 - No code input for Bsp Dependency
2024-01-17 00:00:05,171 [INFO] Middleware:1439 - No code input for Bsp Dependency
2024-01-17 00:00:05,172 [INFO] IP:3348 - RTE Config file name : RTE_Component
2024-01-17 00:00:05,172 [INFO] IP:3366 - RTE template : RTE_Components.ftl
2024-01-17 00:00:05,183 [INFO] CodeEngine:255 - oldGeneratedFile, C:\Users\bens1\Documents\Other\Projects\Smart-Watch\Firmware\STM32\blink\MXTmpFiles\RTOS_defines_X-CUBE-GNSS1.tmp_save
2024-01-17 00:00:05,242 [INFO] CodeEngine:279 - Generated code: C:\Users\bens1\Documents\Other\Projects\Smart-Watch\Firmware\STM32\blink\MXTmpFiles\RTOS_defines_X-CUBE-GNSS1.tmp
2024-01-17 00:00:05,247 [INFO] CodeEngine:255 - oldGeneratedFile, C:\Users\bens1\Documents\Other\Projects\Smart-Watch\Firmware\STM32\blink\MXTmpFiles\RTOS_variables_X-CUBE-GNSS1.tmp_save
2024-01-17 00:00:05,298 [INFO] CodeEngine:279 - Generated code: C:\Users\bens1\Documents\Other\Projects\Smart-Watch\Firmware\STM32\blink\MXTmpFiles\RTOS_variables_X-CUBE-GNSS1.tmp
2024-01-17 00:00:05,303 [INFO] CodeEngine:255 - oldGeneratedFile, C:\Users\bens1\Documents\Other\Projects\Smart-Watch\Firmware\STM32\blink\MXTmpFiles\RTOS_pool_create_X-CUBE-GNSS1.tmp_save
2024-01-17 00:00:05,353 [INFO] CodeEngine:279 - Generated code: C:\Users\bens1\Documents\Other\Projects\Smart-Watch\Firmware\STM32\blink\MXTmpFiles\RTOS_pool_create_X-CUBE-GNSS1.tmp
2024-01-17 00:00:05,364 [INFO] CodeEngine:255 - oldGeneratedFile, C:\Users\bens1\Documents\Other\Projects\Smart-Watch\Firmware\STM32\blink\GNSS\Target\teseo_liv3f_conf.h_save
2024-01-17 00:00:05,432 [INFO] CodeEngine:279 - Generated code: C:\Users\bens1\Documents\Other\Projects\Smart-Watch\Firmware\STM32\blink\GNSS\Target\teseo_liv3f_conf.h
2024-01-17 00:00:05,442 [INFO] CodeEngine:255 - oldGeneratedFile, C:\Users\bens1\Documents\Other\Projects\Smart-Watch\Firmware\STM32\blink\GNSS\Target\gnss_lib_config.h_save
2024-01-17 00:00:05,511 [INFO] CodeEngine:279 - Generated code: C:\Users\bens1\Documents\Other\Projects\Smart-Watch\Firmware\STM32\blink\GNSS\Target\gnss_lib_config.h
2024-01-17 00:00:05,521 [INFO] CodeEngine:255 - oldGeneratedFile, C:\Users\bens1\Documents\Other\Projects\Smart-Watch\Firmware\STM32\blink\GNSS\Target\gnss_lib_config.c_save
2024-01-17 00:00:05,589 [INFO] CodeEngine:279 - Generated code: C:\Users\bens1\Documents\Other\Projects\Smart-Watch\Firmware\STM32\blink\GNSS\Target\gnss_lib_config.c
2024-01-17 00:00:05,594 [INFO] IP:3348 - RTE Config file name : RTE_Component
2024-01-17 00:00:05,594 [INFO] IP:3366 - RTE template : RTE_Components.ftl
2024-01-17 00:00:05,605 [INFO] CodeEngine:255 - oldGeneratedFile, C:\Users\bens1\Documents\Other\Projects\Smart-Watch\Firmware\STM32\blink\X-CUBE-ISPU\Target\custom_ispu_mems_conf.h_save
2024-01-17 00:00:05,674 [INFO] CodeEngine:279 - Generated code: C:\Users\bens1\Documents\Other\Projects\Smart-Watch\Firmware\STM32\blink\X-CUBE-ISPU\Target\custom_ispu_mems_conf.h
2024-01-17 00:00:05,684 [INFO] CodeEngine:255 - oldGeneratedFile, C:\Users\bens1\Documents\Other\Projects\Smart-Watch\Firmware\STM32\blink\X-CUBE-ISPU\Target\custom_ispu_mems_conf_app.h_save
2024-01-17 00:00:05,741 [INFO] CodeEngine:279 - Generated code: C:\Users\bens1\Documents\Other\Projects\Smart-Watch\Firmware\STM32\blink\X-CUBE-ISPU\Target\custom_ispu_mems_conf_app.h
2024-01-17 00:00:05,756 [INFO] IP:3348 - RTE Config file name : RTE_Component
2024-01-17 00:00:05,757 [INFO] IP:3366 - RTE template : RTE_Components.ftl
2024-01-17 00:00:05,771 [INFO] CodeEngine:255 - oldGeneratedFile, C:\Users\bens1\Documents\Other\Projects\Smart-Watch\Firmware\STM32\blink\X-CUBE-MEMS1\Target\sensor_unicleo_id.h_save
2024-01-17 00:00:05,843 [INFO] CodeEngine:279 - Generated code: C:\Users\bens1\Documents\Other\Projects\Smart-Watch\Firmware\STM32\blink\X-CUBE-MEMS1\Target\sensor_unicleo_id.h
2024-01-17 00:00:05,855 [INFO] CodeEngine:255 - oldGeneratedFile, C:\Users\bens1\Documents\Other\Projects\Smart-Watch\Firmware\STM32\blink\X-CUBE-MEMS1\Target\custom_mems_conf_app.h_save
2024-01-17 00:00:05,950 [INFO] CodeEngine:279 - Generated code: C:\Users\bens1\Documents\Other\Projects\Smart-Watch\Firmware\STM32\blink\X-CUBE-MEMS1\Target\custom_mems_conf_app.h
2024-01-17 00:00:05,970 [INFO] CodeEngine:255 - oldGeneratedFile, C:\Users\bens1\Documents\Other\Projects\Smart-Watch\Firmware\STM32\blink\X-CUBE-MEMS1\Target\custom_mems_conf.h_save
2024-01-17 00:00:06,051 [INFO] CodeEngine:279 - Generated code: C:\Users\bens1\Documents\Other\Projects\Smart-Watch\Firmware\STM32\blink\X-CUBE-MEMS1\Target\custom_mems_conf.h
2024-01-17 00:00:06,055 [INFO] Middleware:1439 - No code input for Bsp Dependency
2024-01-17 00:00:06,056 [INFO] IP:3348 - RTE Config file name : RTE_Component
2024-01-17 00:00:06,056 [INFO] IP:3366 - RTE template : RTE_Components.ftl
2024-01-17 00:00:06,065 [INFO] CodeEngine:255 - oldGeneratedFile, C:\Users\bens1\Documents\Other\Projects\Smart-Watch\Firmware\STM32\blink\MXTmpFiles\RTOS_defines_X-CUBE-TouchGFX.tmp_save
2024-01-17 00:00:06,126 [INFO] CodeEngine:279 - Generated code: C:\Users\bens1\Documents\Other\Projects\Smart-Watch\Firmware\STM32\blink\MXTmpFiles\RTOS_defines_X-CUBE-TouchGFX.tmp
2024-01-17 00:00:06,131 [INFO] CodeEngine:255 - oldGeneratedFile, C:\Users\bens1\Documents\Other\Projects\Smart-Watch\Firmware\STM32\blink\MXTmpFiles\RTOS_variables_X-CUBE-TouchGFX.tmp_save
2024-01-17 00:00:06,177 [INFO] CodeEngine:279 - Generated code: C:\Users\bens1\Documents\Other\Projects\Smart-Watch\Firmware\STM32\blink\MXTmpFiles\RTOS_variables_X-CUBE-TouchGFX.tmp
2024-01-17 00:00:06,183 [INFO] CodeEngine:255 - oldGeneratedFile, C:\Users\bens1\Documents\Other\Projects\Smart-Watch\Firmware\STM32\blink\MXTmpFiles\RTOS_pool_create_X-CUBE-TouchGFX.tmp_save
2024-01-17 00:00:06,231 [INFO] CodeEngine:279 - Generated code: C:\Users\bens1\Documents\Other\Projects\Smart-Watch\Firmware\STM32\blink\MXTmpFiles\RTOS_pool_create_X-CUBE-TouchGFX.tmp
2024-01-17 00:00:06,236 [INFO] CodeEngine:255 - oldGeneratedFile, C:\Users\bens1\Documents\Other\Projects\Smart-Watch\Firmware\STM32\blink\MXTmpFiles\SCB_CleanInvalidateDCache.tmp_save
2024-01-17 00:00:06,285 [INFO] CodeEngine:279 - Generated code: C:\Users\bens1\Documents\Other\Projects\Smart-Watch\Firmware\STM32\blink\MXTmpFiles\SCB_CleanInvalidateDCache.tmp
2024-01-17 00:00:06,291 [INFO] CodeEngine:255 - oldGeneratedFile, C:\Users\bens1\Documents\Other\Projects\Smart-Watch\Firmware\STM32\blink\MXTmpFiles\SCB_InvalidateDCache.tmp_save
2024-01-17 00:00:06,345 [INFO] CodeEngine:279 - Generated code: C:\Users\bens1\Documents\Other\Projects\Smart-Watch\Firmware\STM32\blink\MXTmpFiles\SCB_InvalidateDCache.tmp
2024-01-17 00:00:06,352 [INFO] CodeEngine:255 - oldGeneratedFile, C:\Users\bens1\Documents\Other\Projects\Smart-Watch\Firmware\STM32\blink\MXTmpFiles\touchgfx_license.tmp_save
2024-01-17 00:00:06,408 [INFO] CodeEngine:279 - Generated code: C:\Users\bens1\Documents\Other\Projects\Smart-Watch\Firmware\STM32\blink\MXTmpFiles\touchgfx_license.tmp
2024-01-17 00:00:06,415 [INFO] CodeEngine:255 - oldGeneratedFile, C:\Users\bens1\Documents\Other\Projects\Smart-Watch\Firmware\STM32\blink\MXTmpFiles\touchgfx_gen_license.tmp_save
2024-01-17 00:00:06,476 [INFO] CodeEngine:279 - Generated code: C:\Users\bens1\Documents\Other\Projects\Smart-Watch\Firmware\STM32\blink\MXTmpFiles\touchgfx_gen_license.tmp
2024-01-17 00:00:06,482 [INFO] CodeEngine:255 - oldGeneratedFile, C:\Users\bens1\Documents\Other\Projects\Smart-Watch\Firmware\STM32\blink\MXTmpFiles\dma_paint_common.tmp_save
2024-01-17 00:00:06,543 [INFO] CodeEngine:279 - Generated code: C:\Users\bens1\Documents\Other\Projects\Smart-Watch\Firmware\STM32\blink\MXTmpFiles\dma_paint_common.tmp
2024-01-17 00:00:06,555 [INFO] CodeEngine:255 - oldGeneratedFile, C:\Users\bens1\Documents\Other\Projects\Smart-Watch\Firmware\STM32\blink\MXTmpFiles\dma_32bpp_implementation.tmp_save
2024-01-17 00:00:06,637 [INFO] CodeEngine:279 - Generated code: C:\Users\bens1\Documents\Other\Projects\Smart-Watch\Firmware\STM32\blink\MXTmpFiles\dma_32bpp_implementation.tmp
2024-01-17 00:00:06,645 [INFO] CodeEngine:255 - oldGeneratedFile, C:\Users\bens1\Documents\Other\Projects\Smart-Watch\Firmware\STM32\blink\MXTmpFiles\oswrappers_threadx.tmp_save
2024-01-17 00:00:06,717 [INFO] CodeEngine:279 - Generated code: C:\Users\bens1\Documents\Other\Projects\Smart-Watch\Firmware\STM32\blink\MXTmpFiles\oswrappers_threadx.tmp
2024-01-17 00:00:06,730 [INFO] CodeEngine:255 - oldGeneratedFile, C:\Users\bens1\Documents\Other\Projects\Smart-Watch\Firmware\STM32\blink\TouchGFX\App\app_touchgfx.h_save
2024-01-17 00:00:06,806 [INFO] CodeEngine:279 - Generated code: C:\Users\bens1\Documents\Other\Projects\Smart-Watch\Firmware\STM32\blink\TouchGFX\App\app_touchgfx.h
2024-01-17 00:00:06,817 [INFO] CodeEngine:255 - oldGeneratedFile, C:\Users\bens1\Documents\Other\Projects\Smart-Watch\Firmware\STM32\blink\TouchGFX\ApplicationTemplate.touchgfx.part_save
2024-01-17 00:00:06,887 [INFO] CodeEngine:279 - Generated code: C:\Users\bens1\Documents\Other\Projects\Smart-Watch\Firmware\STM32\blink\TouchGFX\ApplicationTemplate.touchgfx.part
2024-01-17 00:00:06,899 [INFO] CodeEngine:255 - oldGeneratedFile, C:\Users\bens1\Documents\Other\Projects\Smart-Watch\Firmware\STM32\blink\TouchGFX\target\generated\TouchGFXConfiguration.cpp_save
2024-01-17 00:00:06,988 [INFO] CodeEngine:279 - Generated code: C:\Users\bens1\Documents\Other\Projects\Smart-Watch\Firmware\STM32\blink\TouchGFX\target\generated\TouchGFXConfiguration.cpp
2024-01-17 00:00:07,002 [INFO] CodeEngine:255 - oldGeneratedFile, C:\Users\bens1\Documents\Other\Projects\Smart-Watch\Firmware\STM32\blink\TouchGFX\target\generated\TouchGFXGeneratedHAL.hpp_save
2024-01-17 00:00:07,078 [INFO] CodeEngine:279 - Generated code: C:\Users\bens1\Documents\Other\Projects\Smart-Watch\Firmware\STM32\blink\TouchGFX\target\generated\TouchGFXGeneratedHAL.hpp
2024-01-17 00:00:07,089 [INFO] CodeEngine:255 - oldGeneratedFile, C:\Users\bens1\Documents\Other\Projects\Smart-Watch\Firmware\STM32\blink\TouchGFX\target\generated\TouchGFXGeneratedHAL.cpp_save
2024-01-17 00:00:07,173 [INFO] CodeEngine:279 - Generated code: C:\Users\bens1\Documents\Other\Projects\Smart-Watch\Firmware\STM32\blink\TouchGFX\target\generated\TouchGFXGeneratedHAL.cpp
2024-01-17 00:00:07,186 [INFO] CodeEngine:255 - oldGeneratedFile, C:\Users\bens1\Documents\Other\Projects\Smart-Watch\Firmware\STM32\blink\TouchGFX\target\TouchGFXHAL.hpp_save
2024-01-17 00:00:07,253 [INFO] CodeEngine:279 - Generated code: C:\Users\bens1\Documents\Other\Projects\Smart-Watch\Firmware\STM32\blink\TouchGFX\target\TouchGFXHAL.hpp
2024-01-17 00:00:07,263 [INFO] CodeEngine:255 - oldGeneratedFile, C:\Users\bens1\Documents\Other\Projects\Smart-Watch\Firmware\STM32\blink\TouchGFX\target\TouchGFXHAL.cpp_save
2024-01-17 00:00:07,326 [INFO] CodeEngine:279 - Generated code: C:\Users\bens1\Documents\Other\Projects\Smart-Watch\Firmware\STM32\blink\TouchGFX\target\TouchGFXHAL.cpp
2024-01-17 00:00:07,336 [INFO] CodeEngine:255 - oldGeneratedFile, C:\Users\bens1\Documents\Other\Projects\Smart-Watch\Firmware\STM32\blink\TouchGFX\target\STM32TouchController.hpp_save
2024-01-17 00:00:07,401 [INFO] CodeEngine:279 - Generated code: C:\Users\bens1\Documents\Other\Projects\Smart-Watch\Firmware\STM32\blink\TouchGFX\target\STM32TouchController.hpp
2024-01-17 00:00:07,410 [INFO] CodeEngine:255 - oldGeneratedFile, C:\Users\bens1\Documents\Other\Projects\Smart-Watch\Firmware\STM32\blink\TouchGFX\target\STM32TouchController.cpp_save
2024-01-17 00:00:07,479 [INFO] CodeEngine:279 - Generated code: C:\Users\bens1\Documents\Other\Projects\Smart-Watch\Firmware\STM32\blink\TouchGFX\target\STM32TouchController.cpp
2024-01-17 00:00:07,489 [INFO] CodeEngine:255 - oldGeneratedFile, C:\Users\bens1\Documents\Other\Projects\Smart-Watch\Firmware\STM32\blink\TouchGFX\target\generated\STM32DMA.hpp_save
2024-01-17 00:00:07,559 [INFO] CodeEngine:279 - Generated code: C:\Users\bens1\Documents\Other\Projects\Smart-Watch\Firmware\STM32\blink\TouchGFX\target\generated\STM32DMA.hpp
2024-01-17 00:00:07,570 [INFO] CodeEngine:255 - oldGeneratedFile, C:\Users\bens1\Documents\Other\Projects\Smart-Watch\Firmware\STM32\blink\TouchGFX\target\generated\STM32DMA.cpp_save
2024-01-17 00:00:07,646 [INFO] CodeEngine:279 - Generated code: C:\Users\bens1\Documents\Other\Projects\Smart-Watch\Firmware\STM32\blink\TouchGFX\target\generated\STM32DMA.cpp
2024-01-17 00:00:07,660 [INFO] CodeEngine:255 - oldGeneratedFile, C:\Users\bens1\Documents\Other\Projects\Smart-Watch\Firmware\STM32\blink\TouchGFX\target\generated\OSWrappers.cpp_save
2024-01-17 00:00:07,729 [INFO] CodeEngine:279 - Generated code: C:\Users\bens1\Documents\Other\Projects\Smart-Watch\Firmware\STM32\blink\TouchGFX\target\generated\OSWrappers.cpp
2024-01-17 00:00:07,739 [INFO] CodeEngine:255 - oldGeneratedFile, C:\Users\bens1\Documents\Other\Projects\Smart-Watch\Firmware\STM32\blink\TouchGFX\target\TouchGFXGPIO.cpp_save
2024-01-17 00:00:07,804 [INFO] CodeEngine:279 - Generated code: C:\Users\bens1\Documents\Other\Projects\Smart-Watch\Firmware\STM32\blink\TouchGFX\target\TouchGFXGPIO.cpp
2024-01-17 00:00:07,815 [INFO] CodeEngine:255 - oldGeneratedFile, C:\Users\bens1\Documents\Other\Projects\Smart-Watch\Firmware\STM32\blink\TouchGFX\target\generated\nema_hal.c_save
2024-01-17 00:00:07,883 [INFO] CodeEngine:279 - Generated code: C:\Users\bens1\Documents\Other\Projects\Smart-Watch\Firmware\STM32\blink\TouchGFX\target\generated\nema_hal.c
2024-01-17 00:00:07,893 [INFO] CodeEngine:255 - oldGeneratedFile, C:\Users\bens1\Documents\Other\Projects\Smart-Watch\Firmware\STM32\blink\TouchGFX\App\app_touchgfx.c_save
2024-01-17 00:00:07,956 [INFO] CodeEngine:279 - Generated code: C:\Users\bens1\Documents\Other\Projects\Smart-Watch\Firmware\STM32\blink\TouchGFX\App\app_touchgfx.c
2024-01-17 00:00:07,960 [INFO] Middleware:1439 - No code input for Bsp Dependency
2024-01-17 00:00:07,971 [INFO] CodeEngine:255 - oldGeneratedFile, C:\Users\bens1\Documents\Other\Projects\Smart-Watch\Firmware\STM32\blink\Core\Inc\app_threadx.h_save
2024-01-17 00:00:08,038 [INFO] CodeEngine:279 - Generated code: C:\Users\bens1\Documents\Other\Projects\Smart-Watch\Firmware\STM32\blink\Core\Inc\app_threadx.h
2024-01-17 00:00:08,048 [INFO] CodeEngine:255 - oldGeneratedFile, C:\Users\bens1\Documents\Other\Projects\Smart-Watch\Firmware\STM32\blink\Core\Src\app_threadx.c_save
2024-01-17 00:00:08,113 [INFO] CodeEngine:279 - Generated code: C:\Users\bens1\Documents\Other\Projects\Smart-Watch\Firmware\STM32\blink\Core\Src\app_threadx.c
2024-01-17 00:00:08,123 [INFO] CodeEngine:255 - oldGeneratedFile, C:\Users\bens1\Documents\Other\Projects\Smart-Watch\Firmware\STM32\blink\AZURE_RTOS\App\app_azure_rtos.c_save
2024-01-17 00:00:08,196 [INFO] CodeEngine:279 - Generated code: C:\Users\bens1\Documents\Other\Projects\Smart-Watch\Firmware\STM32\blink\AZURE_RTOS\App\app_azure_rtos.c
2024-01-17 00:00:08,206 [INFO] CodeEngine:255 - oldGeneratedFile, C:\Users\bens1\Documents\Other\Projects\Smart-Watch\Firmware\STM32\blink\AZURE_RTOS\App\app_azure_rtos.h_save
2024-01-17 00:00:08,266 [INFO] CodeEngine:279 - Generated code: C:\Users\bens1\Documents\Other\Projects\Smart-Watch\Firmware\STM32\blink\AZURE_RTOS\App\app_azure_rtos.h
2024-01-17 00:00:08,276 [INFO] CodeEngine:255 - oldGeneratedFile, C:\Users\bens1\Documents\Other\Projects\Smart-Watch\Firmware\STM32\blink\Core\Inc\tx_user.h_save
2024-01-17 00:00:08,352 [INFO] CodeEngine:279 - Generated code: C:\Users\bens1\Documents\Other\Projects\Smart-Watch\Firmware\STM32\blink\Core\Inc\tx_user.h
2024-01-17 00:00:08,366 [INFO] CodeEngine:255 - oldGeneratedFile, C:\Users\bens1\Documents\Other\Projects\Smart-Watch\Firmware\STM32\blink\Core\Src\tx_initialize_low_level.S_save
2024-01-17 00:00:08,443 [INFO] CodeEngine:279 - Generated code: C:\Users\bens1\Documents\Other\Projects\Smart-Watch\Firmware\STM32\blink\Core\Src\tx_initialize_low_level.S
2024-01-17 00:00:08,458 [INFO] CodeEngine:255 - oldGeneratedFile, C:\Users\bens1\Documents\Other\Projects\Smart-Watch\Firmware\STM32\blink\AZURE_RTOS\App\app_azure_rtos_config.h_save
2024-01-17 00:00:08,523 [INFO] CodeEngine:279 - Generated code: C:\Users\bens1\Documents\Other\Projects\Smart-Watch\Firmware\STM32\blink\AZURE_RTOS\App\app_azure_rtos_config.h
2024-01-17 00:00:08,550 [INFO] CodeEngine:255 - oldGeneratedFile, C:\Users\bens1\Documents\Other\Projects\Smart-Watch\Firmware\STM32\blink\Core\Inc\custom_bus.h_save
2024-01-17 00:00:08,623 [INFO] CodeEngine:279 - Generated code: C:\Users\bens1\Documents\Other\Projects\Smart-Watch\Firmware\STM32\blink\Core\Inc\custom_bus.h
2024-01-17 00:00:08,634 [INFO] CodeEngine:255 - oldGeneratedFile, C:\Users\bens1\Documents\Other\Projects\Smart-Watch\Firmware\STM32\blink\Core\Src\custom_bus.c_save
2024-01-17 00:00:08,715 [INFO] CodeEngine:279 - Generated code: C:\Users\bens1\Documents\Other\Projects\Smart-Watch\Firmware\STM32\blink\Core\Src\custom_bus.c
2024-01-17 00:00:08,730 [INFO] CodeEngine:255 - oldGeneratedFile, C:\Users\bens1\Documents\Other\Projects\Smart-Watch\Firmware\STM32\blink\Core\Inc\custom_errno.h_save
2024-01-17 00:00:08,791 [INFO] CodeEngine:279 - Generated code: C:\Users\bens1\Documents\Other\Projects\Smart-Watch\Firmware\STM32\blink\Core\Inc\custom_errno.h
2024-01-17 00:00:08,800 [INFO] CodeEngine:255 - oldGeneratedFile, C:\Users\bens1\Documents\Other\Projects\Smart-Watch\Firmware\STM32\blink\Core\Inc\custom_conf.h_save
2024-01-17 00:00:08,864 [INFO] CodeEngine:279 - Generated code: C:\Users\bens1\Documents\Other\Projects\Smart-Watch\Firmware\STM32\blink\Core\Inc\custom_conf.h
2024-01-17 00:00:08,914 [INFO] CodeEngine:255 - oldGeneratedFile, C:\Users\bens1\Documents\Other\Projects\Smart-Watch\Firmware\STM32\blink\Core\Src\stm32u5xx_it.c_save
2024-01-17 00:00:09,022 [INFO] CodeEngine:279 - Generated code: C:\Users\bens1\Documents\Other\Projects\Smart-Watch\Firmware\STM32\blink\Core\Src\stm32u5xx_it.c
2024-01-17 00:00:09,033 [INFO] CodeEngine:255 - oldGeneratedFile, C:\Users\bens1\Documents\Other\Projects\Smart-Watch\Firmware\STM32\blink\Core\Inc\stm32u5xx_it.h_save
2024-01-17 00:00:09,113 [INFO] CodeEngine:279 - Generated code: C:\Users\bens1\Documents\Other\Projects\Smart-Watch\Firmware\STM32\blink\Core\Inc\stm32u5xx_it.h
2024-01-17 00:00:09,116 [INFO] IP:3348 - RTE Config file name : RTE_Component
2024-01-17 00:00:09,116 [INFO] IP:3366 - RTE template : RTE_Components.ftl
2024-01-17 00:00:09,116 [INFO] CodeGenerator:2119 - Add RTE Code Input 
2024-01-17 00:00:09,132 [INFO] CodeEngine:255 - oldGeneratedFile, C:\Users\bens1\Documents\Other\Projects\Smart-Watch\Firmware\STM32\blink\Core\Inc\RTE_Components.h_save
2024-01-17 00:00:09,222 [INFO] CodeEngine:279 - Generated code: C:\Users\bens1\Documents\Other\Projects\Smart-Watch\Firmware\STM32\blink\Core\Inc\RTE_Components.h
2024-01-17 00:00:09,225 [INFO] IP:3348 - RTE Config file name : RTE_Component
2024-01-17 00:00:09,225 [INFO] IP:3366 - RTE template : RTE_Components.ftl
2024-01-17 00:00:09,225 [INFO] CodeGenerator:2119 - Add RTE Code Input 
2024-01-17 00:00:09,235 [INFO] CodeEngine:255 - oldGeneratedFile, C:\Users\bens1\Documents\Other\Projects\Smart-Watch\Firmware\STM32\blink\Core\Inc\RTE_Components.h_save
2024-01-17 00:00:09,335 [INFO] CodeEngine:279 - Generated code: C:\Users\bens1\Documents\Other\Projects\Smart-Watch\Firmware\STM32\blink\Core\Inc\RTE_Components.h
2024-01-17 00:00:09,341 [INFO] IP:3348 - RTE Config file name : RTE_Component
2024-01-17 00:00:09,341 [INFO] IP:3366 - RTE template : RTE_Components.ftl
2024-01-17 00:00:09,341 [INFO] CodeGenerator:2119 - Add RTE Code Input 
2024-01-17 00:00:09,350 [INFO] CodeEngine:255 - oldGeneratedFile, C:\Users\bens1\Documents\Other\Projects\Smart-Watch\Firmware\STM32\blink\Core\Inc\RTE_Components.h_save
2024-01-17 00:00:09,443 [INFO] CodeEngine:279 - Generated code: C:\Users\bens1\Documents\Other\Projects\Smart-Watch\Firmware\STM32\blink\Core\Inc\RTE_Components.h
2024-01-17 00:00:09,449 [INFO] IP:3348 - RTE Config file name : RTE_Component
2024-01-17 00:00:09,449 [INFO] IP:3366 - RTE template : RTE_Components.ftl
2024-01-17 00:00:09,449 [INFO] CodeGenerator:2119 - Add RTE Code Input 
2024-01-17 00:00:09,459 [INFO] CodeEngine:255 - oldGeneratedFile, C:\Users\bens1\Documents\Other\Projects\Smart-Watch\Firmware\STM32\blink\Core\Inc\RTE_Components.h_save
2024-01-17 00:00:09,556 [INFO] CodeEngine:279 - Generated code: C:\Users\bens1\Documents\Other\Projects\Smart-Watch\Firmware\STM32\blink\Core\Inc\RTE_Components.h
2024-01-17 00:00:09,560 [INFO] IP:3348 - RTE Config file name : RTE_Component
2024-01-17 00:00:09,560 [INFO] IP:3366 - RTE template : RTE_Components.ftl
2024-01-17 00:00:09,560 [INFO] CodeGenerator:2119 - Add RTE Code Input 
2024-01-17 00:00:09,568 [INFO] CodeEngine:255 - oldGeneratedFile, C:\Users\bens1\Documents\Other\Projects\Smart-Watch\Firmware\STM32\blink\Core\Inc\RTE_Components.h_save
2024-01-17 00:00:09,645 [INFO] CodeEngine:279 - Generated code: C:\Users\bens1\Documents\Other\Projects\Smart-Watch\Firmware\STM32\blink\Core\Inc\RTE_Components.h
2024-01-17 00:00:09,842 [INFO] CodeEngine:255 - oldGeneratedFile, C:\Users\bens1\Documents\Other\Projects\Smart-Watch\Firmware\STM32\blink\Core\Src\stm32u5xx_hal_msp.c_save
2024-01-17 00:00:09,980 [INFO] CodeEngine:279 - Generated code: C:\Users\bens1\Documents\Other\Projects\Smart-Watch\Firmware\STM32\blink\Core\Src\stm32u5xx_hal_msp.c
2024-01-17 00:00:09,995 [INFO] CodeEngine:255 - oldGeneratedFile, C:\Users\bens1\Documents\Other\Projects\Smart-Watch\Firmware\STM32\blink\MXTmpFiles\system.tmp_save
2024-01-17 00:00:10,047 [INFO] CodeEngine:279 - Generated code: C:\Users\bens1\Documents\Other\Projects\Smart-Watch\Firmware\STM32\blink\MXTmpFiles\system.tmp
2024-01-17 00:00:10,057 [INFO] CodeEngine:255 - oldGeneratedFile, C:\Users\bens1\Documents\Other\Projects\Smart-Watch\Firmware\STM32\blink\Core\Src\stm32u5xx_hal_timebase_tim.c_save
2024-01-17 00:00:10,123 [INFO] CodeEngine:279 - Generated code: C:\Users\bens1\Documents\Other\Projects\Smart-Watch\Firmware\STM32\blink\Core\Src\stm32u5xx_hal_timebase_tim.c
2024-01-17 00:00:10,138 [INFO] CodeEngine:311 - oldGeneratedFile, C:\Users\bens1\Documents\Other\Projects\Smart-Watch\Firmware\STM32\blink\Core\Inc\stm32u5xx_hal_conf.h_save
2024-01-17 00:00:10,216 [INFO] CodeEngine:335 - Generated code: C:\Users\bens1\Documents\Other\Projects\Smart-Watch\Firmware\STM32\blink\Core\Inc\stm32u5xx_hal_conf.h
2024-01-17 00:00:10,335 [WARN] IPConfigManager:3440 - IP not found : USB_OTG
2024-01-17 00:00:10,337 [WARN] CodeGenerator:3939 - IP not found : null
2024-01-17 00:00:10,353 [INFO] CodeEngine:255 - oldGeneratedFile, C:\Users\bens1\Documents\Other\Projects\Smart-Watch\Firmware\STM32\blink\Core\Inc\main.h_save
2024-01-17 00:00:10,440 [INFO] CodeEngine:279 - Generated code: C:\Users\bens1\Documents\Other\Projects\Smart-Watch\Firmware\STM32\blink\Core\Inc\main.h
2024-01-17 00:00:10,451 [INFO] CodeEngine:255 - oldGeneratedFile, C:\Users\bens1\Documents\Other\Projects\Smart-Watch\Firmware\STM32\blink\Core\Src\main.c_save
2024-01-17 00:00:10,581 [INFO] CodeEngine:279 - Generated code: C:\Users\bens1\Documents\Other\Projects\Smart-Watch\Firmware\STM32\blink\Core\Src\main.c
2024-01-17 00:00:11,989 [INFO] ProjectBuilder:3076 - Time for Copy HAL[1] : 989mS.
2024-01-17 00:00:11,990 [ERROR] Middleware:2969 - Invalid RefComponent liste
2024-01-17 00:00:11,990 [ERROR] Middleware:2969 - Invalid RefComponent liste
2024-01-17 00:00:11,990 [ERROR] Middleware:2969 - Invalid RefComponent liste
2024-01-17 00:00:11,990 [ERROR] Middleware:2969 - Invalid RefComponent liste
2024-01-17 00:00:11,990 [ERROR] Middleware:2969 - Invalid RefComponent liste
2024-01-17 00:00:11,990 [ERROR] Middleware:2969 - Invalid RefComponent liste
2024-01-17 00:00:11,990 [ERROR] Middleware:2969 - Invalid RefComponent liste
2024-01-17 00:00:11,990 [ERROR] Middleware:2969 - Invalid RefComponent liste
2024-01-17 00:00:11,990 [ERROR] Middleware:2969 - Invalid RefComponent liste
2024-01-17 00:00:11,990 [ERROR] Middleware:2969 - Invalid RefComponent liste
2024-01-17 00:00:11,990 [ERROR] Middleware:2969 - Invalid RefComponent liste
2024-01-17 00:00:11,990 [ERROR] Middleware:2969 - Invalid RefComponent liste
2024-01-17 00:00:11,990 [ERROR] Middleware:2969 - Invalid RefComponent liste
2024-01-17 00:00:11,990 [ERROR] Middleware:2969 - Invalid RefComponent liste
2024-01-17 00:00:11,990 [ERROR] Middleware:2969 - Invalid RefComponent liste
2024-01-17 00:00:11,990 [ERROR] Middleware:2969 - Invalid RefComponent liste
2024-01-17 00:00:11,990 [ERROR] Middleware:2969 - Invalid RefComponent liste
2024-01-17 00:00:11,990 [ERROR] Middleware:2969 - Invalid RefComponent liste
2024-01-17 00:00:11,990 [ERROR] Middleware:2969 - Invalid RefComponent liste
2024-01-17 00:00:11,990 [ERROR] Middleware:2969 - Invalid RefComponent liste
2024-01-17 00:00:11,991 [ERROR] Middleware:2969 - Invalid RefComponent liste
2024-01-17 00:00:11,991 [ERROR] Middleware:2969 - Invalid RefComponent liste
2024-01-17 00:00:11,991 [ERROR] Middleware:2969 - Invalid RefComponent liste
2024-01-17 00:00:11,991 [ERROR] Middleware:2969 - Invalid RefComponent liste
2024-01-17 00:00:11,991 [ERROR] Middleware:2969 - Invalid RefComponent liste
2024-01-17 00:00:11,991 [ERROR] Middleware:2969 - Invalid RefComponent liste
2024-01-17 00:00:11,991 [ERROR] Middleware:2969 - Invalid RefComponent liste
2024-01-17 00:00:11,991 [ERROR] Middleware:2969 - Invalid RefComponent liste
2024-01-17 00:00:11,991 [ERROR] Middleware:2969 - Invalid RefComponent liste
2024-01-17 00:00:11,991 [ERROR] Middleware:2969 - Invalid RefComponent liste
2024-01-17 00:00:11,991 [ERROR] Middleware:2969 - Invalid RefComponent liste
2024-01-17 00:00:11,991 [ERROR] Middleware:2969 - Invalid RefComponent liste
2024-01-17 00:00:11,991 [ERROR] Middleware:2969 - Invalid RefComponent liste
2024-01-17 00:00:11,991 [ERROR] Middleware:2969 - Invalid RefComponent liste
2024-01-17 00:00:11,991 [ERROR] Middleware:2969 - Invalid RefComponent liste
2024-01-17 00:00:11,991 [ERROR] Middleware:2969 - Invalid RefComponent liste
2024-01-17 00:00:11,991 [ERROR] Middleware:2969 - Invalid RefComponent liste
2024-01-17 00:00:11,991 [ERROR] Middleware:2969 - Invalid RefComponent liste
2024-01-17 00:00:11,991 [ERROR] Middleware:2969 - Invalid RefComponent liste
2024-01-17 00:00:11,991 [ERROR] Middleware:2969 - Invalid RefComponent liste
2024-01-17 00:00:11,991 [ERROR] Middleware:2969 - Invalid RefComponent liste
2024-01-17 00:00:11,991 [ERROR] Middleware:2969 - Invalid RefComponent liste
2024-01-17 00:00:11,991 [ERROR] Middleware:2969 - Invalid RefComponent liste
2024-01-17 00:00:11,991 [ERROR] Middleware:2969 - Invalid RefComponent liste
2024-01-17 00:00:11,991 [ERROR] Middleware:2969 - Invalid RefComponent liste
2024-01-17 00:00:11,991 [ERROR] Middleware:2969 - Invalid RefComponent liste
2024-01-17 00:00:11,991 [ERROR] Middleware:2969 - Invalid RefComponent liste
2024-01-17 00:00:11,992 [ERROR] Middleware:2969 - Invalid RefComponent liste
2024-01-17 00:00:11,992 [ERROR] Middleware:2969 - Invalid RefComponent liste
2024-01-17 00:00:11,992 [ERROR] Middleware:2969 - Invalid RefComponent liste
2024-01-17 00:00:11,992 [ERROR] Middleware:2969 - Invalid RefComponent liste
2024-01-17 00:00:11,992 [ERROR] Middleware:2969 - Invalid RefComponent liste
2024-01-17 00:00:11,992 [ERROR] Middleware:2969 - Invalid RefComponent liste
2024-01-17 00:00:11,992 [ERROR] Middleware:2969 - Invalid RefComponent liste
2024-01-17 00:00:11,992 [ERROR] Middleware:2969 - Invalid RefComponent liste
2024-01-17 00:00:11,992 [ERROR] Middleware:2969 - Invalid RefComponent liste
2024-01-17 00:00:11,992 [ERROR] Middleware:2969 - Invalid RefComponent liste
2024-01-17 00:00:11,992 [ERROR] Middleware:2969 - Invalid RefComponent liste
2024-01-17 00:00:11,992 [ERROR] Middleware:2969 - Invalid RefComponent liste
2024-01-17 00:00:11,992 [ERROR] Middleware:2969 - Invalid RefComponent liste
2024-01-17 00:00:11,993 [ERROR] Middleware:2969 - Invalid RefComponent liste
2024-01-17 00:00:11,993 [ERROR] Middleware:2969 - Invalid RefComponent liste
2024-01-17 00:00:11,993 [ERROR] Middleware:2969 - Invalid RefComponent liste
2024-01-17 00:00:11,993 [ERROR] Middleware:2969 - Invalid RefComponent liste
2024-01-17 00:00:11,993 [ERROR] Middleware:2969 - Invalid RefComponent liste
2024-01-17 00:00:11,993 [ERROR] Middleware:2969 - Invalid RefComponent liste
2024-01-17 00:00:11,993 [ERROR] Middleware:2969 - Invalid RefComponent liste
2024-01-17 00:00:11,993 [ERROR] Middleware:2969 - Invalid RefComponent liste
2024-01-17 00:00:11,993 [ERROR] Middleware:2969 - Invalid RefComponent liste
2024-01-17 00:00:11,993 [ERROR] Middleware:2969 - Invalid RefComponent liste
2024-01-17 00:00:11,993 [ERROR] Middleware:2969 - Invalid RefComponent liste
2024-01-17 00:00:11,993 [ERROR] Middleware:2969 - Invalid RefComponent liste
2024-01-17 00:00:11,993 [ERROR] Middleware:2969 - Invalid RefComponent liste
2024-01-17 00:00:11,993 [ERROR] Middleware:2969 - Invalid RefComponent liste
2024-01-17 00:00:11,993 [ERROR] Middleware:2969 - Invalid RefComponent liste
2024-01-17 00:00:11,994 [ERROR] Middleware:2969 - Invalid RefComponent liste
2024-01-17 00:00:11,994 [ERROR] Middleware:2969 - Invalid RefComponent liste
2024-01-17 00:00:11,994 [ERROR] Middleware:2969 - Invalid RefComponent liste
2024-01-17 00:00:11,994 [ERROR] Middleware:2969 - Invalid RefComponent liste
2024-01-17 00:00:11,994 [ERROR] Middleware:2969 - Invalid RefComponent liste
2024-01-17 00:00:11,994 [ERROR] Middleware:2969 - Invalid RefComponent liste
2024-01-17 00:00:11,994 [ERROR] Middleware:2969 - Invalid RefComponent liste
2024-01-17 00:00:11,994 [ERROR] Middleware:2969 - Invalid RefComponent liste
2024-01-17 00:00:11,994 [ERROR] Middleware:2969 - Invalid RefComponent liste
2024-01-17 00:00:11,994 [ERROR] Middleware:2969 - Invalid RefComponent liste
2024-01-17 00:00:11,994 [ERROR] Middleware:2969 - Invalid RefComponent liste
2024-01-17 00:00:11,994 [ERROR] Middleware:2969 - Invalid RefComponent liste
2024-01-17 00:00:11,994 [ERROR] Middleware:2969 - Invalid RefComponent liste
2024-01-17 00:00:11,994 [ERROR] Middleware:2969 - Invalid RefComponent liste
2024-01-17 00:00:11,994 [ERROR] Middleware:2969 - Invalid RefComponent liste
2024-01-17 00:00:11,994 [ERROR] Middleware:2969 - Invalid RefComponent liste
2024-01-17 00:00:11,994 [ERROR] Middleware:2969 - Invalid RefComponent liste
2024-01-17 00:00:11,994 [ERROR] Middleware:2969 - Invalid RefComponent liste
2024-01-17 00:00:11,994 [ERROR] Middleware:2969 - Invalid RefComponent liste
2024-01-17 00:00:11,994 [ERROR] Middleware:2969 - Invalid RefComponent liste
2024-01-17 00:00:11,994 [ERROR] Middleware:2969 - Invalid RefComponent liste
2024-01-17 00:00:11,994 [ERROR] Middleware:2969 - Invalid RefComponent liste
2024-01-17 00:00:11,994 [ERROR] Middleware:2969 - Invalid RefComponent liste
2024-01-17 00:00:11,994 [ERROR] Middleware:2969 - Invalid RefComponent liste
2024-01-17 00:00:11,994 [ERROR] Middleware:2969 - Invalid RefComponent liste
2024-01-17 00:00:11,994 [ERROR] Middleware:2969 - Invalid RefComponent liste
2024-01-17 00:00:11,994 [ERROR] Middleware:2969 - Invalid RefComponent liste
2024-01-17 00:00:11,994 [ERROR] Middleware:2969 - Invalid RefComponent liste
2024-01-17 00:00:11,994 [ERROR] Middleware:2969 - Invalid RefComponent liste
2024-01-17 00:00:11,994 [ERROR] Middleware:2969 - Invalid RefComponent liste
2024-01-17 00:00:11,994 [ERROR] Middleware:2969 - Invalid RefComponent liste
2024-01-17 00:00:11,994 [ERROR] Middleware:2969 - Invalid RefComponent liste
2024-01-17 00:00:11,994 [ERROR] Middleware:2969 - Invalid RefComponent liste
2024-01-17 00:00:11,994 [ERROR] Middleware:2969 - Invalid RefComponent liste
2024-01-17 00:00:11,995 [ERROR] Middleware:2969 - Invalid RefComponent liste
2024-01-17 00:00:11,995 [ERROR] Middleware:2969 - Invalid RefComponent liste
2024-01-17 00:00:11,995 [ERROR] Middleware:2969 - Invalid RefComponent liste
2024-01-17 00:00:11,995 [ERROR] Middleware:2969 - Invalid RefComponent liste
2024-01-17 00:00:11,995 [ERROR] Middleware:2969 - Invalid RefComponent liste
2024-01-17 00:00:12,062 [INFO] ProjectBuilder:8685 - Time for Copy ThirdParty[1] : 59mS.
2024-01-17 00:00:12,110 [INFO] ProjectBuilder:8685 - Time for Copy ThirdParty[1] : 48mS.
2024-01-17 00:00:12,138 [INFO] ProjectBuilder:8685 - Time for Copy ThirdParty[1] : 28mS.
2024-01-17 00:00:12,156 [INFO] ProjectBuilder:8685 - Time for Copy ThirdParty[1] : 18mS.
2024-01-17 00:00:12,183 [INFO] ProjectBuilder:8685 - Time for Copy ThirdParty[1] : 27mS.
2024-01-17 00:00:12,244 [INFO] ProjectBuilder:4485 - Project Generator version: 4.2.0-B44
2024-01-17 00:00:12,893 [INFO] ConfigFileManager:1495 - The Die is : DIE481
2024-01-17 00:00:12,905 [INFO] ApiDbMcu:508 - Load IP Config File for LevelX
2024-01-17 00:00:12,923 [INFO] ApiDbMcu:508 - Load IP Config File for NetXDuo
2024-01-17 00:00:12,943 [INFO] ApiDbMcu:508 - Load IP Config File for TOUCHSENSING
2024-01-17 00:00:12,956 [INFO] ApiDbMcu:508 - Load IP Config File for USBPD
2024-01-17 00:00:12,973 [INFO] ApiDbMcu:508 - Load IP Config File for USBX
