2024-01-19 00:37:11,703 [ERROR] LogOutputStream:75 - [STDERR_REDIRECT] 
2024-01-19 09:45:31,586 [INFO] Activator:176 - 


2024-01-19 09:45:31,591 [INFO] Activator:177 - !SESSION log4j initialized
2024-01-19 09:45:47,542 [INFO] LogOutputStream:77 - [STDOUT_REDIRECT] 
2024-01-19 09:45:54,078 [INFO] ApplicationProperties:184 - Using Application install path: C:\ST\STM32CubeIDE_1.10.1\STM32CubeIDE\plugins\com.st.stm32cube.common.mx_6.10.0.202311202037
2024-01-19 09:45:54,107 [INFO] DbMcusXml:78 - Set database path to: C:\ST\STM32CubeIDE_1.10.1\STM32CubeIDE\plugins\com.st.stm32cube.common.mx_6.10.0.202311202037\\db\/mcu/
2024-01-19 09:45:54,108 [INFO] ApiDb:274 - Set plugin database path to: C:\ST\STM32CubeIDE_1.10.1\STM32CubeIDE\plugins\com.st.stm32cube.common.mx_6.10.0.202311202037\\db\/plugins/boardmanager/
2024-01-19 09:45:54,108 [WARN] ApiDb:259 - Overriding images path with different value:  => C:\ST\STM32CubeIDE_1.10.1\STM32CubeIDE\plugins\com.st.stm32cube.common.mx_6.10.0.202311202037\\db\/plugins/mcufinder/images/
2024-01-19 09:45:54,135 [INFO] ApiDb:250 - Set database path to: C:\Users\bens1\.stmcufinder\plugins\mcufinder//mcu/
2024-01-19 09:45:54,137 [INFO] DbMcusAds:125 - Set database path to: C:\Users\bens1\.stmcufinder\plugins\mcufinder//mcu/
2024-01-19 09:45:54,140 [INFO] CrossReferenceDbSqlite:203 - Set database path to: C:\Users\bens1\.stmcufinder\plugins\mcufinder//mcu/cs/
2024-01-19 09:45:54,333 [INFO] RulesReader:64 - Compatibility file has been processed (297 Rules)
2024-01-19 09:45:54,588 [INFO] DbMcusXml:78 - Set database path to: C:\ST\STM32CubeIDE_1.10.1\STM32CubeIDE\plugins\com.st.stm32cube.common.mx_6.10.0.202311202037\\db\/mcu/
2024-01-19 09:45:54,588 [INFO] ApiDb:274 - Set plugin database path to: C:\ST\STM32CubeIDE_1.10.1\STM32CubeIDE\plugins\com.st.stm32cube.common.mx_6.10.0.202311202037\\db\/plugins/boardmanager/
2024-01-19 09:45:54,589 [INFO] ApiDb:261 - Set plugin images path to: C:\ST\STM32CubeIDE_1.10.1\STM32CubeIDE\plugins\com.st.stm32cube.common.mx_6.10.0.202311202037\\db\/plugins/mcufinder/images/
2024-01-19 09:45:54,590 [WARN] DbFile:41 - Overriding database path with different value: C:\Users\bens1\.stmcufinder\plugins\mcufinder/ => C:\Users\bens1\.stmcufinder\plugins\mcufinder
2024-01-19 09:45:54,590 [INFO] ApiDb:250 - Set database path to: C:\Users\bens1\.stmcufinder\plugins\mcufinder//mcu/
2024-01-19 09:45:54,591 [WARN] DbFile:41 - Overriding database path with different value: C:\Users\bens1\.stmcufinder\plugins\mcufinder/ => C:\Users\bens1\.stmcufinder\plugins\mcufinder
2024-01-19 09:45:54,591 [INFO] DbMcusAds:125 - Set database path to: C:\Users\bens1\.stmcufinder\plugins\mcufinder//mcu/
2024-01-19 09:45:54,591 [WARN] DbFile:41 - Overriding database path with different value: C:\Users\bens1\.stmcufinder\plugins\mcufinder/ => C:\Users\bens1\.stmcufinder\plugins\mcufinder
2024-01-19 09:45:54,592 [WARN] DbFile:41 - Overriding database path with different value: C:\Users\bens1\.stmcufinder\plugins\mcufinder/ => C:\Users\bens1\.stmcufinder\plugins\mcufinder
2024-01-19 09:45:54,592 [INFO] CrossReferenceDbSqlite:203 - Set database path to: C:\Users\bens1\.stmcufinder\plugins\mcufinder//mcu/cs/
2024-01-19 09:45:54,808 [INFO] MainPanel:264 - HeapMemory: 268435456
2024-01-19 09:45:55,040 [INFO] DbMcusXml:78 - Set database path to: C:\ST\STM32CubeIDE_1.10.1\STM32CubeIDE\plugins\com.st.stm32cube.common.mx_6.10.0.202311202037\\db\/mcu/
2024-01-19 09:45:55,040 [INFO] ApiDb:274 - Set plugin database path to: C:\ST\STM32CubeIDE_1.10.1\STM32CubeIDE\plugins\com.st.stm32cube.common.mx_6.10.0.202311202037\\db\/plugins/boardmanager/
2024-01-19 09:45:55,041 [INFO] ApiDb:261 - Set plugin images path to: C:\ST\STM32CubeIDE_1.10.1\STM32CubeIDE\plugins\com.st.stm32cube.common.mx_6.10.0.202311202037\\db\/plugins/mcufinder/images/
2024-01-19 09:45:55,042 [WARN] DbFile:41 - Overriding database path with different value: C:\Users\bens1\.stmcufinder\plugins\mcufinder/ => C:\Users\bens1\.stmcufinder\plugins\mcufinder
2024-01-19 09:45:55,042 [INFO] ApiDb:250 - Set database path to: C:\Users\bens1\.stmcufinder\plugins\mcufinder//mcu/
2024-01-19 09:45:55,043 [WARN] DbFile:41 - Overriding database path with different value: C:\Users\bens1\.stmcufinder\plugins\mcufinder/ => C:\Users\bens1\.stmcufinder\plugins\mcufinder
2024-01-19 09:45:55,043 [INFO] DbMcusAds:125 - Set database path to: C:\Users\bens1\.stmcufinder\plugins\mcufinder//mcu/
2024-01-19 09:45:55,043 [WARN] DbFile:41 - Overriding database path with different value: C:\Users\bens1\.stmcufinder\plugins\mcufinder/ => C:\Users\bens1\.stmcufinder\plugins\mcufinder
2024-01-19 09:45:55,043 [WARN] DbFile:41 - Overriding database path with different value: C:\Users\bens1\.stmcufinder\plugins\mcufinder/ => C:\Users\bens1\.stmcufinder\plugins\mcufinder
2024-01-19 09:45:55,044 [INFO] CrossReferenceDbSqlite:203 - Set database path to: C:\Users\bens1\.stmcufinder\plugins\mcufinder//mcu/cs/
2024-01-19 09:45:55,091 [INFO] ApplicationProperties:184 - Using Application install path: C:\ST\STM32CubeIDE_1.10.1\STM32CubeIDE\plugins\com.st.stm32cube.common.mx_6.10.0.202311202037
2024-01-19 09:45:55,095 [INFO] PluginManage:196 - Search for loadable plugins [exclusion list=, ]
2024-01-19 09:45:55,099 [INFO] PluginManage:310 - Check plugin analytics
2024-01-19 09:46:00,023 [INFO] AnalyticsPlugin:253 - Accepted Software Licenses: STM32CubeMX.6.7.0
2024-01-19 09:46:00,024 [INFO] AnalyticsPlugin:255 - Accepted CMSIS Pack Licenses: STMicroelectronics.X-CUBE-MEMS1.9.5.0
2024-01-19 09:46:00,024 [INFO] AnalyticsPlugin:257 - Accepted Firmware Licenses: FW.H5.1.0.0,FW.U5.1.2.0
2024-01-19 09:46:00,031 [INFO] PluginManage:359 - Loaded plugin analytics (category:tool,tabindex:-1)
2024-01-19 09:46:00,032 [INFO] PluginManage:310 - Check plugin cadmodel
2024-01-19 09:46:00,068 [INFO] CADModel:105 - Init CAD model plugin
2024-01-19 09:46:00,068 [INFO] PluginManage:359 - Loaded plugin cadmodel (category:power,tabindex:5)
2024-01-19 09:46:00,068 [INFO] PluginManage:310 - Check plugin clock
2024-01-19 09:46:00,112 [INFO] PluginManage:359 - Loaded plugin clock (category:base,tabindex:2)
2024-01-19 09:46:00,112 [INFO] PluginManage:310 - Check plugin ddr
2024-01-19 09:46:00,116 [INFO] PluginManage:359 - Loaded plugin ddr (category:tool,tabindex:6)
2024-01-19 09:46:00,117 [INFO] PluginManage:310 - Check plugin filemanager
2024-01-19 09:46:00,404 [INFO] PluginManage:359 - Loaded plugin filemanager (category:base,tabindex:10)
2024-01-19 09:46:00,405 [INFO] PluginManage:310 - Check plugin ipmanager
2024-01-19 09:46:00,422 [INFO] PluginManage:359 - Loaded plugin ipmanager (category:base,tabindex:5)
2024-01-19 09:46:00,422 [INFO] PluginManage:310 - Check plugin lpbam
2024-01-19 09:46:00,464 [INFO] PluginManage:359 - Loaded plugin lpbam (category:base,tabindex:0)
2024-01-19 09:46:00,465 [INFO] PluginManage:310 - Check plugin memorymap
2024-01-19 09:46:00,516 [INFO] PluginManage:359 - Loaded plugin memorymap (category:base,tabindex:4)
2024-01-19 09:46:00,517 [INFO] PluginManage:310 - Check plugin pinoutandconfiguration
2024-01-19 09:46:00,551 [INFO] PluginManage:359 - Loaded plugin pinoutandconfiguration (category:base,tabindex:1)
2024-01-19 09:46:00,551 [INFO] PluginManage:310 - Check plugin pinoutconfig
2024-01-19 09:46:00,750 [WARN] SupportedApi:132 - Cannot load RTOS API schema: s4s-elt-must-match.1: The content of 'definitions' must match (annotation?, (simpleType | complexType)?, (unique | key | keyref)*)). A problem was found starting at: attribute.
2024-01-19 09:46:01,103 [INFO] PluginManage:359 - Loaded plugin pinoutconfig (category:base,tabindex:0)
2024-01-19 09:46:01,104 [INFO] PluginManage:310 - Check plugin power
2024-01-19 09:46:01,148 [INFO] PluginManage:359 - Loaded plugin power (category:power,tabindex:4)
2024-01-19 09:46:01,149 [INFO] PluginManage:310 - Check plugin projectmanager
2024-01-19 09:46:01,187 [INFO] PluginManage:359 - Loaded plugin projectmanager (category:projectmanager,tabindex:3)
2024-01-19 09:46:01,187 [INFO] PluginManage:310 - Check plugin thirdparty
2024-01-19 09:46:01,794 [INFO] PluginManage:359 - Loaded plugin thirdparty (category:base,tabindex:-1)
2024-01-19 09:46:01,794 [WARN] IntegrityCheckThread:84 - waiting for thirdparty lock release [integrity check]
2024-01-19 09:46:01,795 [INFO] PluginManage:310 - Check plugin tools
2024-01-19 09:46:01,795 [INFO] IntegrityCheckThread:86 - entering critical section [integrity check]
2024-01-19 09:46:01,796 [INFO] ThirdPartyUpdaterWithRetryManager:70 - Updater plugin not ready yet. [1/15]
2024-01-19 09:46:01,862 [INFO] PluginManage:359 - Loaded plugin tools (category:base,tabindex:7)
2024-01-19 09:46:01,863 [INFO] PluginManage:310 - Check plugin tutovideos
2024-01-19 09:46:02,162 [INFO] PluginManage:359 - Loaded plugin tutovideos (category:base,tabindex:-1)
2024-01-19 09:46:02,162 [INFO] PluginManage:310 - Check plugin updater
2024-01-19 09:46:02,180 [INFO] PluginManage:359 - Loaded plugin updater (category:base,tabindex:12)
2024-01-19 09:46:02,180 [INFO] PluginManage:310 - Check plugin userauth
2024-01-19 09:46:02,189 [INFO] UserAuth:114 - Init User Auth plugin
2024-01-19 09:46:02,189 [INFO] PluginManage:359 - Loaded plugin userauth (category:base,tabindex:14)
2024-01-19 09:46:02,190 [INFO] PluginManage:283 - PluginManage : Loaded plugins [17]
2024-01-19 09:46:02,555 [INFO] PinOutPanel:1499 - setPackage(No Configuration,No Configuration)
2024-01-19 09:46:02,664 [INFO] CADModel:165 - CPN selected for project level
2024-01-19 09:46:02,664 [INFO] CADModel:114 - Register for checkConnection events
2024-01-19 09:46:02,698 [INFO] IPUIPlugin:80 - create IPUIPlugin
2024-01-19 09:46:02,698 [INFO] PluginManager:220 - loadIPPluginJar : add adc
2024-01-19 09:46:02,743 [INFO] IPUIPlugin:80 - create IPUIPlugin
2024-01-19 09:46:02,743 [INFO] PluginManager:220 - loadIPPluginJar : add aes
2024-01-19 09:46:02,802 [INFO] IPUIPlugin:80 - create IPUIPlugin
2024-01-19 09:46:02,802 [INFO] PluginManager:220 - loadIPPluginJar : add can
2024-01-19 09:46:02,832 [INFO] IPUIPlugin:80 - create IPUIPlugin
2024-01-19 09:46:02,832 [INFO] PluginManager:220 - loadIPPluginJar : add comp
2024-01-19 09:46:02,873 [INFO] IPUIPlugin:80 - create IPUIPlugin
2024-01-19 09:46:02,873 [INFO] PluginManager:220 - loadIPPluginJar : add cryp
2024-01-19 09:46:02,908 [INFO] IPUIPlugin:80 - create IPUIPlugin
2024-01-19 09:46:02,908 [INFO] PluginManager:220 - loadIPPluginJar : add dfsdm
2024-01-19 09:46:02,926 [INFO] IPUIPlugin:80 - create IPUIPlugin
2024-01-19 09:46:02,927 [INFO] PluginManager:220 - loadIPPluginJar : add dma
2024-01-19 09:46:02,984 [INFO] IPUIPlugin:80 - create IPUIPlugin
2024-01-19 09:46:02,985 [INFO] PluginManager:220 - loadIPPluginJar : add dma3
2024-01-19 09:46:03,015 [INFO] IPUIPlugin:80 - create IPUIPlugin
2024-01-19 09:46:03,015 [INFO] PluginManager:220 - loadIPPluginJar : add fatfs
2024-01-19 09:46:03,082 [INFO] IPUIPlugin:80 - create IPUIPlugin
2024-01-19 09:46:03,082 [INFO] PluginManager:220 - loadIPPluginJar : add fmc
2024-01-19 09:46:03,101 [INFO] IPUIPlugin:80 - create IPUIPlugin
2024-01-19 09:46:03,101 [INFO] PluginManager:220 - loadIPPluginJar : add freertos
2024-01-19 09:46:03,126 [INFO] IPUIPlugin:80 - create IPUIPlugin
2024-01-19 09:46:03,127 [INFO] PluginManager:220 - loadIPPluginJar : add genericplugin
2024-01-19 09:46:03,243 [INFO] IPUIPlugin:80 - create IPUIPlugin
2024-01-19 09:46:03,243 [INFO] PluginManager:220 - loadIPPluginJar : add gfxmmu
2024-01-19 09:46:03,442 [INFO] IPUIPlugin:80 - create IPUIPlugin
2024-01-19 09:46:03,442 [INFO] PluginManager:220 - loadIPPluginJar : add gic
2024-01-19 09:46:03,461 [INFO] IPUIPlugin:80 - create IPUIPlugin
2024-01-19 09:46:03,461 [INFO] PluginManager:220 - loadIPPluginJar : add gpio
2024-01-19 09:46:03,601 [INFO] IPUIPlugin:80 - create IPUIPlugin
2024-01-19 09:46:03,601 [INFO] PluginManager:220 - loadIPPluginJar : add gtzc
2024-01-19 09:46:03,647 [INFO] IPUIPlugin:80 - create IPUIPlugin
2024-01-19 09:46:03,647 [INFO] PluginManager:220 - loadIPPluginJar : add hash
2024-01-19 09:46:03,717 [INFO] IPUIPlugin:80 - create IPUIPlugin
2024-01-19 09:46:03,718 [INFO] PluginManager:220 - loadIPPluginJar : add i2c
2024-01-19 09:46:03,769 [INFO] IPUIPlugin:80 - create IPUIPlugin
2024-01-19 09:46:03,769 [INFO] PluginManager:220 - loadIPPluginJar : add i2s
2024-01-19 09:46:03,826 [INFO] IPUIPlugin:80 - create IPUIPlugin
2024-01-19 09:46:03,826 [INFO] PluginManager:220 - loadIPPluginJar : add i3c
2024-01-19 09:46:03,960 [INFO] IPUIPlugin:80 - create IPUIPlugin
2024-01-19 09:46:03,960 [INFO] PluginManager:220 - loadIPPluginJar : add ipddr
2024-01-19 09:46:04,076 [INFO] IPUIPlugin:80 - create IPUIPlugin
2024-01-19 09:46:04,077 [INFO] PluginManager:220 - loadIPPluginJar : add linkedlist
2024-01-19 09:46:04,120 [INFO] IPUIPlugin:80 - create IPUIPlugin
2024-01-19 09:46:04,120 [INFO] PluginManager:220 - loadIPPluginJar : add lorawan
2024-01-19 09:46:04,166 [INFO] IPUIPlugin:80 - create IPUIPlugin
2024-01-19 09:46:04,166 [INFO] PluginManager:220 - loadIPPluginJar : add ltdc
2024-01-19 09:46:04,186 [INFO] IPUIPlugin:80 - create IPUIPlugin
2024-01-19 09:46:04,186 [INFO] PluginManager:220 - loadIPPluginJar : add mdma
2024-01-19 09:46:04,202 [INFO] IPUIPlugin:80 - create IPUIPlugin
2024-01-19 09:46:04,202 [INFO] PluginManager:220 - loadIPPluginJar : add nvic
2024-01-19 09:46:04,251 [INFO] IPUIPlugin:80 - create IPUIPlugin
2024-01-19 09:46:04,252 [INFO] PluginManager:220 - loadIPPluginJar : add opamp
2024-01-19 09:46:04,335 [INFO] IPUIPlugin:80 - create IPUIPlugin
2024-01-19 09:46:04,335 [INFO] PluginManager:220 - loadIPPluginJar : add openamp
2024-01-19 09:46:04,396 [INFO] IPUIPlugin:80 - create IPUIPlugin
2024-01-19 09:46:04,397 [INFO] PluginManager:220 - loadIPPluginJar : add pdm2pcm
2024-01-19 09:46:04,415 [INFO] IPUIPlugin:80 - create IPUIPlugin
2024-01-19 09:46:04,418 [INFO] PluginManager:220 - loadIPPluginJar : add plateformsettings
2024-01-19 09:46:04,447 [INFO] IPUIPlugin:80 - create IPUIPlugin
2024-01-19 09:46:04,447 [INFO] PluginManager:220 - loadIPPluginJar : add quadspi
2024-01-19 09:46:04,463 [INFO] IPUIPlugin:80 - create IPUIPlugin
2024-01-19 09:46:04,463 [INFO] PluginManager:220 - loadIPPluginJar : add resmgrutility
2024-01-19 09:46:04,526 [INFO] IPUIPlugin:80 - create IPUIPlugin
2024-01-19 09:46:04,526 [INFO] PluginManager:220 - loadIPPluginJar : add sai
2024-01-19 09:46:04,575 [INFO] IPUIPlugin:80 - create IPUIPlugin
2024-01-19 09:46:04,575 [INFO] PluginManager:220 - loadIPPluginJar : add spi
2024-01-19 09:46:04,662 [INFO] IPUIPlugin:80 - create IPUIPlugin
2024-01-19 09:46:04,663 [INFO] PluginManager:220 - loadIPPluginJar : add stm32_wpan
2024-01-19 09:46:04,690 [INFO] IPUIPlugin:80 - create IPUIPlugin
2024-01-19 09:46:04,690 [INFO] PluginManager:220 - loadIPPluginJar : add tim
2024-01-19 09:46:04,766 [INFO] IPUIPlugin:80 - create IPUIPlugin
2024-01-19 09:46:04,767 [INFO] PluginManager:220 - loadIPPluginJar : add touchsensing
2024-01-19 09:46:04,797 [INFO] ThirdPartyUpdaterWithRetryManager:70 - Updater plugin not ready yet. [2/15]
2024-01-19 09:46:04,797 [INFO] IPUIPlugin:80 - create IPUIPlugin
2024-01-19 09:46:04,797 [INFO] PluginManager:220 - loadIPPluginJar : add tracer_emb
2024-01-19 09:46:04,826 [INFO] IPUIPlugin:80 - create IPUIPlugin
2024-01-19 09:46:04,826 [INFO] PluginManager:220 - loadIPPluginJar : add ts
2024-01-19 09:46:04,854 [INFO] IPUIPlugin:80 - create IPUIPlugin
2024-01-19 09:46:04,854 [INFO] PluginManager:220 - loadIPPluginJar : add tsc
2024-01-19 09:46:04,883 [INFO] IPUIPlugin:80 - create IPUIPlugin
2024-01-19 09:46:04,884 [INFO] PluginManager:220 - loadIPPluginJar : add ucpd
2024-01-19 09:46:04,940 [INFO] IPUIPlugin:80 - create IPUIPlugin
2024-01-19 09:46:04,940 [INFO] PluginManager:220 - loadIPPluginJar : add usart
2024-01-19 09:46:04,994 [INFO] IPUIPlugin:80 - create IPUIPlugin
2024-01-19 09:46:04,994 [INFO] PluginManager:220 - loadIPPluginJar : add usbx
2024-01-19 09:46:05,168 [INFO] CADModel:165 - CPN selected for project level
2024-01-19 09:46:05,168 [INFO] CADModel:114 - Register for checkConnection events
2024-01-19 09:46:05,169 [FATAL] Updater:308 - Updater called before beeing initialized
2024-01-19 09:46:05,169 [ERROR] CADModel:125 - Updater not yet initialized, retry later 
2024-01-19 09:46:05,445 [INFO] CADModel:165 - CPN selected for project level
2024-01-19 09:46:05,445 [INFO] CADModel:114 - Register for checkConnection events
2024-01-19 09:46:05,445 [FATAL] Updater:308 - Updater called before beeing initialized
2024-01-19 09:46:05,445 [ERROR] CADModel:125 - Updater not yet initialized, retry later 
2024-01-19 09:46:05,453 [FATAL] Updater:308 - Updater called before beeing initialized
2024-01-19 09:46:05,753 [FATAL] Updater:308 - Updater called before beeing initialized
2024-01-19 09:46:05,771 [INFO] DbMcusAds:53 - JSON generation date=Wed Nov 29 10:52:27 GMT 2023 (1701255147349)
2024-01-19 09:46:05,772 [FATAL] Updater:308 - Updater called before beeing initialized
2024-01-19 09:46:05,903 [WARN] DetailPanel:346 - Failed to get advertising image, set to default
2024-01-19 09:46:06,036 [FATAL] Updater:308 - Updater called before beeing initialized
2024-01-19 09:46:06,038 [FATAL] Updater:308 - Updater called before beeing initialized
2024-01-19 09:46:06,039 [FATAL] Updater:308 - Updater called before beeing initialized
2024-01-19 09:46:06,039 [WARN] DetailPanel:346 - Failed to get advertising image, set to default
2024-01-19 09:46:06,040 [FATAL] Updater:308 - Updater called before beeing initialized
2024-01-19 09:46:06,127 [ERROR] Updater:1120 - MainUpdater not yet initialized. External WinMGr cannot be set.
2024-01-19 09:46:06,142 [INFO] Updater:1056 - Updater Version found : 6.10.0
2024-01-19 09:46:06,169 [INFO] ApplicationProperties:184 - Using Application install path: C:\ST\STM32CubeIDE_1.10.1\STM32CubeIDE\plugins\com.st.stm32cube.common.mx_6.10.0.202311202037
2024-01-19 09:46:07,257 [INFO] MainUpdater:2873 - connection check result : 10
2024-01-19 09:46:07,257 [INFO] MainUpdater:290 - Updater Check For Update Now.
2024-01-19 09:46:07,258 [INFO] MicroXplorer:498 - Change Database Version : DB.6.0.100
2024-01-19 09:46:07,274 [INFO] McuFinderGlobals:63 - Set McuFinder mode to 2 (CubeIDE integrated)
2024-01-19 09:46:07,297 [INFO] UserAuth:404 - Internet connection configuration mode: 1
2024-01-19 09:46:07,363 [INFO] JxBrowserEngine:152 - Initiate JxBrowser Engine with user profile folder
2024-01-19 09:46:07,540 [INFO] CheckServerUpdateThread:120 - End of CheckServer Thread
2024-01-19 09:46:08,286 [WARN] PackLoader:240 - Cannot read IP mode file for STMicroelectronics.X-CUBE-SMBUS.2.1.0
2024-01-19 09:46:08,314 [WARN] PackLoader:240 - Cannot read IP mode file for STMicroelectronics.X-CUBE-TOUCHGFX.4.23.0
2024-01-19 09:46:08,713 [WARN] PackLoader:240 - Cannot read IP mode file for STMicroelectronics.X-CUBE-MEMS1.9.2.0
2024-01-19 09:46:09,241 [WARN] PackLoader:240 - Cannot read IP mode file for STMicroelectronics.X-CUBE-AZRTOS-F7.1.1.0
2024-01-19 09:46:09,326 [ERROR] RealEvaluatedCondition:428 - Found unsupported composite condition: CLASS='Data Exchange' GROUP='STM32_MetaDataManager'
2024-01-19 09:46:09,326 [ERROR] RealEvaluatedCondition:428 - Found unsupported composite condition: CLASS='Data Exchange' GROUP='STM32_MetaDataManager'
2024-01-19 09:46:09,330 [WARN] PackLoader:240 - Cannot read IP mode file for STMicroelectronics.FP-SNS-MOTENV1.4.3.0
2024-01-19 09:46:09,377 [WARN] PackLoader:240 - Cannot read IP mode file for STMicroelectronics.FP-SNS-MOTENV1.4.3.2
2024-01-19 09:46:09,428 [WARN] PackLoader:240 - Cannot read IP mode file for STMicroelectronics.FP-SNS-FLIGHT1.5.0.0
2024-01-19 09:46:09,466 [ERROR] RealEvaluatedCondition:428 - Found unsupported composite condition: GROUP='STM32_MetaDataManager' CLASS='Data Exchange'
2024-01-19 09:46:09,467 [ERROR] RealEvaluatedCondition:428 - Found unsupported composite condition: GROUP='STM32_MetaDataManager' CLASS='Data Exchange'
2024-01-19 09:46:09,471 [WARN] PackLoader:240 - Cannot read IP mode file for STMicroelectronics.FP-SNS-MOTENV1.4.3.1
2024-01-19 09:46:09,513 [WARN] PackLoader:240 - Cannot read IP mode file for STMicroelectronics.FP-SNS-FLIGHT1.5.0.1
2024-01-19 09:46:09,560 [WARN] PackLoader:240 - Cannot read IP mode file for STMicroelectronics.X-CUBE-BLE1.6.2.3
2024-01-19 09:46:09,601 [WARN] PackLoader:240 - Cannot read IP mode file for STMicroelectronics.X-CUBE-BLE1.6.2.4
2024-01-19 09:46:09,638 [WARN] PackLoader:240 - Cannot read IP mode file for STMicroelectronics.FP-SNS-FLIGHT1.5.0.2
2024-01-19 09:46:09,695 [WARN] PackLoader:240 - Cannot read IP mode file for STMicroelectronics.X-CUBE-TOF1.3.1.0
2024-01-19 09:46:09,763 [WARN] PackLoader:240 - Cannot read IP mode file for STMicroelectronics.X-CUBE-DISPLAY.3.0.0
2024-01-19 09:46:09,811 [WARN] PackLoader:240 - Cannot read IP mode file for STMicroelectronics.X-CUBE-BLE1.7.0.0
2024-01-19 09:46:09,851 [WARN] PackLoader:240 - Cannot read IP mode file for emotas.I-CUBE-CANOPEN.1.3.0
2024-01-19 09:46:09,887 [WARN] PackLoader:240 - Cannot read IP mode file for STMicroelectronics.X-CUBE-TOUCHGFX.4.22.0
2024-01-19 09:46:09,934 [WARN] PackLoader:240 - Cannot read IP mode file for STMicroelectronics.X-CUBE-TOUCHGFX.4.22.1
2024-01-19 09:46:10,241 [WARN] PackLoader:240 - Cannot read IP mode file for STMicroelectronics.X-CUBE-MEMS1.9.3.0
2024-01-19 09:46:10,512 [WARN] PackLoader:240 - Cannot read IP mode file for STMicroelectronics.X-CUBE-AI.7.2.0
2024-01-19 09:46:10,546 [WARN] PackLoader:240 - Cannot read IP mode file for STMicroelectronics.FP-SNS-SMARTAG2.1.2.0
2024-01-19 09:46:10,604 [INFO] LogOutputStream:77 - [STDOUT_REDIRECT] 1 : Invalid condition id : UX_CORESTACK_Condition cause : null
2024-01-19 09:46:10,606 [INFO] LogOutputStream:77 - [STDOUT_REDIRECT] 1 : Invalid condition id : UX_CORESTACK_Condition cause : null
2024-01-19 09:46:10,610 [INFO] LogOutputStream:77 - [STDOUT_REDIRECT] 1 : Invalid condition id : UX_CORESTACK_Condition cause : null
2024-01-19 09:46:10,616 [INFO] LogOutputStream:77 - [STDOUT_REDIRECT] 1 : Invalid condition id : UX_CORESTACK_Condition cause : null
2024-01-19 09:46:10,619 [INFO] LogOutputStream:77 - [STDOUT_REDIRECT] 1 : Invalid condition id : UX_CORESTACK_Condition cause : null
2024-01-19 09:46:10,627 [WARN] PackLoader:240 - Cannot read IP mode file for STMicroelectronics.X-CUBE-AZRTOS-WL.2.0.0
2024-01-19 09:46:10,681 [WARN] PackLoader:240 - Cannot read IP mode file for WES.I-CUBE-Cesium.1.3.0
2024-01-19 09:46:10,723 [WARN] PackLoader:240 - Cannot read IP mode file for STMicroelectronics.X-CUBE-BLE2.3.3.0
2024-01-19 09:46:10,765 [WARN] PackLoader:240 - Cannot read IP mode file for STMicroelectronics.X-CUBE-DISPLAY.2.2.0
2024-01-19 09:46:10,829 [WARN] PackLoader:240 - Cannot read IP mode file for STMicroelectronics.X-CUBE-TOF1.3.2.0
2024-01-19 09:46:10,880 [WARN] PackLoader:240 - Cannot read IP mode file for STMicroelectronics.X-CUBE-ISPU.1.0.0
2024-01-19 09:46:10,961 [WARN] PackLoader:240 - Cannot read IP mode file for STMicroelectronics.X-CUBE-AZRTOS-H7.2.1.0
2024-01-19 09:46:10,997 [WARN] PackLoader:240 - Cannot read IP mode file for STMicroelectronics.X-CUBE-TOUCHGFX.4.21.1
2024-01-19 09:46:11,030 [WARN] PackLoader:240 - Cannot read IP mode file for STMicroelectronics.X-CUBE-TOUCHGFX.4.21.0
2024-01-19 09:46:11,055 [WARN] PackLoader:240 - Cannot read IP mode file for STMicroelectronics.X-CUBE-TOUCHGFX.4.21.3
2024-01-19 09:46:11,080 [WARN] PackLoader:240 - Cannot read IP mode file for STMicroelectronics.X-CUBE-TOUCHGFX.4.21.4
2024-01-19 09:46:11,265 [WARN] PackLoader:240 - Cannot read IP mode file for STMicroelectronics.X-CUBE-MEMS1.9.4.0
2024-01-19 09:46:12,000 [WARN] PackLoader:240 - Cannot read IP mode file for STMicroelectronics.X-CUBE-AI.7.3.0
2024-01-19 09:46:12,026 [WARN] PackLoader:240 - Cannot read IP mode file for STMicroelectronics.X-CUBE-ALGOBUILD.1.3.0
2024-01-19 09:46:12,089 [WARN] PackLoader:240 - Cannot read IP mode file for STMicroelectronics.X-CUBE-AZRTOS-G0.1.1.0
2024-01-19 09:46:12,123 [WARN] PackLoader:240 - Cannot read IP mode file for STMicroelectronics.X-CUBE-NFC4.3.0.0
2024-01-19 09:46:12,217 [WARN] PackLoader:240 - Cannot read IP mode file for SEGGER.I-CUBE-embOS.1.2.0
2024-01-19 09:46:12,366 [WARN] PackLoader:240 - Cannot read IP mode file for STMicroelectronics.X-CUBE-BLEMGR.3.0.0
2024-01-19 09:46:12,420 [WARN] PackLoader:240 - Cannot read IP mode file for STMicroelectronics.X-CUBE-BLEMGR.1.3.0
2024-01-19 09:46:12,459 [WARN] PackLoader:240 - Cannot read IP mode file for STMicroelectronics.FP-ATR-SIGFOX1.3.2.0
2024-01-19 09:46:12,499 [WARN] PackLoader:240 - Cannot read IP mode file for emotas.I-CUBE-CANOPEN.1.1.2
2024-01-19 09:46:12,534 [WARN] PackLoader:240 - Cannot read IP mode file for STMicroelectronics.X-CUBE-TOUCHGFX.4.20.0
2024-01-19 09:46:12,648 [WARN] PackLoader:240 - Cannot read IP mode file for STMicroelectronics.X-CUBE-MEMS1.9.5.0
2024-01-19 09:46:13,411 [WARN] PackLoader:240 - Cannot read IP mode file for SEGGER.I-CUBE-embOS.1.3.1
2024-01-19 09:46:13,574 [WARN] PackLoader:240 - Cannot read IP mode file for STMicroelectronics.X-CUBE-GNSS1.6.0.0
2024-01-19 09:46:13,780 [WARN] PackLoader:240 - Cannot read IP mode file for STMicroelectronics.X-CUBE-AZRTOS-F4.1.1.0
2024-01-19 09:46:13,817 [WARN] PackLoader:240 - Cannot read IP mode file for wolfSSL.I-CUBE-wolfSSL.5.6.4
2024-01-19 09:46:13,850 [WARN] PackLoader:240 - Cannot read IP mode file for STMicroelectronics.X-CUBE-BLEMGR.1.2.0
2024-01-19 09:46:13,913 [WARN] PackLoader:240 - Cannot read IP mode file for STMicroelectronics.X-CUBE-AZRTOS-L5.2.0.0
2024-01-19 09:46:14,037 [WARN] PackLoader:240 - Cannot read IP mode file for STMicroelectronics.X-CUBE-MEMS1.9.6.0
2024-01-19 09:46:14,504 [WARN] PackLoader:240 - Cannot read IP mode file for STMicroelectronics.X-CUBE-EEPRMA1.4.2.0
2024-01-19 09:46:14,618 [WARN] PackLoader:240 - Cannot read IP mode file for ITTIA_DB.I-CUBE-ITTIADB.8.8.0
2024-01-19 09:46:14,648 [WARN] PackLoader:240 - Cannot read IP mode file for STMicroelectronics.X-CUBE-BLEMGR.2.0.0
2024-01-19 09:46:14,678 [WARN] PackLoader:240 - Cannot read IP mode file for STMicroelectronics.X-CUBE-NFC4.2.0.5
2024-01-19 09:46:14,706 [WARN] PackLoader:240 - Cannot read IP mode file for STMicroelectronics.X-CUBE-NFC4.2.0.4
2024-01-19 09:46:14,769 [WARN] ConditionMgr:438 - getConditionDescription Invalid condition id : UX DEVICE CLASS RTOS Condition cause : null
2024-01-19 09:46:14,770 [WARN] ConditionMgr:438 - getConditionDescription Invalid condition id : UX DEVICE CLASS RTOS Condition cause : null
2024-01-19 09:46:14,778 [WARN] PackLoader:240 - Cannot read IP mode file for STMicroelectronics.X-CUBE-AZRTOS-H7.3.1.0
2024-01-19 09:46:14,782 [WARN] ConditionMgr:1039 - genDependencies : Invalid condition id : UX DEVICE CLASS RTOS Condition cause : null
2024-01-19 09:46:14,782 [WARN] ConditionMgr:1039 - genDependencies : Invalid condition id : UX DEVICE CLASS RTOS Condition cause : null
2024-01-19 09:46:14,785 [WARN] ConditionMgr:1039 - genDependencies : Invalid condition id : UX DEVICE CLASS RTOS Condition cause : null
2024-01-19 09:46:14,786 [WARN] ConditionMgr:1039 - genDependencies : Invalid condition id : UX DEVICE CLASS RTOS Condition cause : null
2024-01-19 09:46:14,786 [WARN] ConditionMgr:1039 - genDependencies : Invalid condition id : UX DEVICE CLASS RTOS Condition cause : null
2024-01-19 09:46:14,800 [WARN] ConditionMgr:438 - getConditionDescription Invalid condition id : UX DEVICE CLASS RTOS Condition cause : null
2024-01-19 09:46:14,800 [WARN] ConditionMgr:438 - getConditionDescription Invalid condition id : UX DEVICE CLASS RTOS Condition cause : null
2024-01-19 09:46:15,047 [ERROR] LogOutputStream:75 - [STDERR_REDIRECT] SLF4J: Failed to load class "org.slf4j.impl.StaticLoggerBinder".
2024-01-19 09:46:15,049 [ERROR] LogOutputStream:75 - [STDERR_REDIRECT] SLF4J: Defaulting to no-operation (NOP) logger implementation
2024-01-19 09:46:15,053 [ERROR] LogOutputStream:75 - [STDERR_REDIRECT] SLF4J: See http://www.slf4j.org/codes.html#StaticLoggerBinder for further details.
2024-01-19 09:46:15,098 [WARN] PackLoader:240 - Cannot read IP mode file for STMicroelectronics.X-CUBE-AZRTOS-F4.1.0.0
2024-01-19 09:46:15,127 [WARN] PackLoader:240 - Cannot read IP mode file for STMicroelectronics.X-CUBE-NFC7.1.0.1
2024-01-19 09:46:15,168 [WARN] PackLoader:240 - Cannot read IP mode file for STMicroelectronics.X-CUBE-NFC7.1.0.0
2024-01-19 09:46:15,206 [WARN] PackLoader:240 - Cannot read IP mode file for STMicroelectronics.X-CUBE-NFC6.3.0.0
2024-01-19 09:46:15,242 [WARN] PackLoader:240 - Cannot read IP mode file for STMicroelectronics.X-CUBE-EEPRMA1.4.1.0
2024-01-19 09:46:15,417 [WARN] PackLoader:240 - Cannot read IP mode file for STMicroelectronics.X-CUBE-AI.8.1.0
2024-01-19 09:46:15,477 [WARN] ConditionMgr:438 - getConditionDescription Invalid condition id : LAN8742 Phy interface Condition cause : null
2024-01-19 09:46:15,478 [WARN] PackLoader:240 - Cannot read IP mode file for STMicroelectronics.X-CUBE-AZRTOS-L4.2.0.0
2024-01-19 09:46:15,481 [WARN] ConditionMgr:1039 - genDependencies : Invalid condition id : LAN8742 Phy interface Condition cause : null
2024-01-19 09:46:15,481 [WARN] ConditionMgr:1039 - genDependencies : Invalid condition id : LAN8742 Phy interface Condition cause : null
2024-01-19 09:46:15,482 [WARN] ConditionMgr:1039 - genDependencies : Invalid condition id : LAN8742 Phy interface Condition cause : null
2024-01-19 09:46:15,519 [WARN] PackLoader:240 - Cannot read IP mode file for STMicroelectronics.X-CUBE-SFXS2LP1.4.0.0
2024-01-19 09:46:15,586 [WARN] PackLoader:240 - Cannot read IP mode file for STMicroelectronics.X-CUBE-AZRTOS-H7.3.0.0
2024-01-19 09:46:15,625 [WARN] PackLoader:240 - Cannot read IP mode file for STMicroelectronics.X-CUBE-ISPU.1.1.0
2024-01-19 09:46:15,770 [WARN] PackLoader:240 - Cannot read IP mode file for RoweBots.I-CUBE-UNISONRTOS.5.5.0-4
2024-01-19 09:46:15,815 [WARN] PackLoader:240 - Cannot read IP mode file for STMicroelectronics.X-CUBE-AI.8.0.0
2024-01-19 09:46:15,985 [WARN] ConditionMgr:438 - getConditionDescription Invalid condition id : UX DEVICE CLASS RTOS Condition cause : null
2024-01-19 09:46:15,986 [WARN] ConditionMgr:438 - getConditionDescription Invalid condition id : UX DEVICE CLASS RTOS Condition cause : null
2024-01-19 09:46:15,988 [WARN] PackLoader:240 - Cannot read IP mode file for STMicroelectronics.X-CUBE-AZRTOS-WB.2.0.0
2024-01-19 09:46:15,990 [WARN] ConditionMgr:1039 - genDependencies : Invalid condition id : UX DEVICE CLASS RTOS Condition cause : null
2024-01-19 09:46:15,990 [WARN] ConditionMgr:1039 - genDependencies : Invalid condition id : UX DEVICE CLASS RTOS Condition cause : null
2024-01-19 09:46:15,991 [WARN] ConditionMgr:1039 - genDependencies : Invalid condition id : UX DEVICE CLASS RTOS Condition cause : null
2024-01-19 09:46:15,992 [WARN] ConditionMgr:1039 - genDependencies : Invalid condition id : UX DEVICE CLASS RTOS Condition cause : null
2024-01-19 09:46:15,992 [WARN] ConditionMgr:1039 - genDependencies : Invalid condition id : UX DEVICE CLASS RTOS Condition cause : null
2024-01-19 09:46:16,027 [WARN] PackLoader:240 - Cannot read IP mode file for STMicroelectronics.X-CUBE-FREERTOS.1.0.0
2024-01-19 09:46:16,060 [WARN] PackLoader:240 - Cannot read IP mode file for STMicroelectronics.X-CUBE-FREERTOS.1.0.1
2024-01-19 09:46:16,207 [WARN] PackLoader:240 - Cannot read IP mode file for STMicroelectronics.X-CUBE-BLEMGR.1.0.0
2024-01-19 09:46:16,269 [WARN] PackLoader:240 - Cannot read IP mode file for STMicroelectronics.X-CUBE-AZRTOS-L5.1.1.0
2024-01-19 09:46:16,308 [WARN] PackLoader:240 - Cannot read IP mode file for STMicroelectronics.X-CUBE-AI.8.0.1
2024-01-19 09:46:16,357 [WARN] PackLoader:240 - Cannot read IP mode file for STMicroelectronics.X-CUBE-SUBG2.5.0.0
2024-01-19 09:46:16,418 [WARN] PackLoader:240 - Cannot read IP mode file for STMicroelectronics.X-CUBE-TOF1.3.3.1
2024-01-19 09:46:16,486 [WARN] PackLoader:240 - Cannot read IP mode file for STMicroelectronics.X-CUBE-AZRTOS-G4.2.0.0
2024-01-19 09:46:16,704 [WARN] PackLoader:240 - Cannot read IP mode file for STMicroelectronics.X-CUBE-TOF1.3.3.0
2024-01-19 09:46:16,741 [WARN] PackLoader:240 - Cannot read IP mode file for STMicroelectronics.FP-ATR-ASTRA1.1.1.1
2024-01-19 09:46:16,771 [INFO] WebApp:161 - Instantiating new browser for Auth
2024-01-19 09:46:16,792 [WARN] PackLoader:240 - Cannot read IP mode file for Infineon.AIROC-Wi-Fi-Bluetooth-STM32.1.5.1
2024-01-19 09:46:16,976 [WARN] PackLoader:240 - Cannot read IP mode file for STMicroelectronics.FP-ATR-ASTRA1.1.1.0
2024-01-19 09:46:16,999 [WARN] PackLoader:240 - Cannot read IP mode file for STMicroelectronics.FP-SNS-MOTENVWB1.1.3.0
2024-01-19 09:46:17,027 [WARN] PackLoader:240 - Cannot read IP mode file for STMicroelectronics.FP-SNS-MOTENVWB1.1.3.1
2024-01-19 09:46:17,085 [WARN] PackLoader:240 - Cannot read IP mode file for STMicroelectronics.X-CUBE-AZRTOS-G4.1.0.0
2024-01-19 09:46:17,162 [WARN] PackLoader:240 - Cannot read IP mode file for wolfSSL.I-CUBE-wolfSSL.5.3.0
2024-01-19 09:46:17,227 [WARN] PackLoader:240 - Cannot read IP mode file for STMicroelectronics.X-CUBE-AZRTOS-L4.1.0.0
2024-01-19 09:46:17,265 [WARN] PackLoader:240 - Cannot read IP mode file for STMicroelectronics.X-CUBE-ISPU.2.0.0
2024-01-19 09:46:17,427 [WARN] PackLoader:240 - Cannot read IP mode file for STMicroelectronics.X-CUBE-MEMS1.10.0.0
2024-01-19 09:46:17,934 [WARN] PackLoader:240 - Cannot read IP mode file for STMicroelectronics.X-CUBE-FREERTOS.1.1.0
2024-01-19 09:46:17,976 [WARN] PackLoader:240 - Cannot read IP mode file for STMicroelectronics.X-CUBE-AZRTOS-WL.1.0.0
2024-01-19 09:46:18,005 [WARN] PackLoader:240 - Cannot read IP mode file for portGmbH.I-Cube-SoM-uGOAL.1.1.0
2024-01-19 09:46:18,042 [WARN] PackLoader:240 - Cannot read IP mode file for STMicroelectronics.X-CUBE-ALS.1.0.1
2024-01-19 09:46:18,087 [WARN] PackLoader:240 - Cannot read IP mode file for STMicroelectronics.X-CUBE-AZRTOS-WB.1.1.0
2024-01-19 09:46:18,163 [WARN] PackLoader:240 - Cannot read IP mode file for STMicroelectronics.X-CUBE-AZRTOS-L5.1.0.0
2024-01-19 09:46:18,198 [WARN] PackLoader:240 - Cannot read IP mode file for STMicroelectronics.X-CUBE-EEPRMA1.3.1.1
2024-01-19 09:46:18,224 [WARN] PackLoader:240 - Cannot read IP mode file for STMicroelectronics.FP-ATR-ASTRA1.2.0.0
2024-01-19 09:46:18,260 [WARN] PackLoader:240 - Cannot read IP mode file for STMicroelectronics.X-CUBE-TOF1.3.4.0
2024-01-19 09:46:18,351 [WARN] PackLoader:240 - Cannot read IP mode file for STMicroelectronics.X-CUBE-AZRTOS-H7.3.2.0
2024-01-19 09:46:18,358 [INFO] ThirdParty:978 - Integrity check success = true
2024-01-19 09:46:18,358 [INFO] IntegrityCheckThread:100 - exiting critical section [integrity check]
2024-01-19 09:46:18,358 [INFO] IntegrityCheckThread:103 - End integrity checks thread
2024-01-19 09:46:18,592 [INFO] WebApp:780 - Register for checkConnection events
2024-01-19 09:46:18,593 [INFO] WebApp:414 - Apply proxy settings
2024-01-19 09:46:18,593 [INFO] WebApp:499 - Chromium requires no authentication
2024-01-19 09:46:18,610 [INFO] WebApp:442 - Direct internet connection detected
2024-01-19 09:46:19,023 [INFO] WebApp:192 - Starting web application
2024-01-19 09:46:19,024 [INFO] WebApp:544 - Web application path used C:\ST\STM32CubeIDE_1.10.1\STM32CubeIDE\plugins\com.st.stm32cube.common.mx_6.10.0.202311202037\db\plugins\mcufinder\reactClient1\index.html
2024-01-19 11:41:31,324 [ERROR] LogOutputStream:75 - [STDERR_REDIRECT] 
2024-01-19 14:01:06,079 [INFO] Activator:176 - 


2024-01-19 14:01:06,081 [INFO] Activator:177 - !SESSION log4j initialized
2024-01-19 14:01:14,773 [INFO] LogOutputStream:77 - [STDOUT_REDIRECT] 
2024-01-19 14:01:16,172 [INFO] ApplicationProperties:184 - Using Application install path: C:\ST\STM32CubeIDE_1.10.1\STM32CubeIDE\plugins\com.st.stm32cube.common.mx_6.10.0.202311202037
2024-01-19 14:01:16,192 [INFO] DbMcusXml:78 - Set database path to: C:\ST\STM32CubeIDE_1.10.1\STM32CubeIDE\plugins\com.st.stm32cube.common.mx_6.10.0.202311202037\\db\/mcu/
2024-01-19 14:01:16,192 [INFO] ApiDb:274 - Set plugin database path to: C:\ST\STM32CubeIDE_1.10.1\STM32CubeIDE\plugins\com.st.stm32cube.common.mx_6.10.0.202311202037\\db\/plugins/boardmanager/
2024-01-19 14:01:16,192 [WARN] ApiDb:259 - Overriding images path with different value:  => C:\ST\STM32CubeIDE_1.10.1\STM32CubeIDE\plugins\com.st.stm32cube.common.mx_6.10.0.202311202037\\db\/plugins/mcufinder/images/
2024-01-19 14:01:16,209 [INFO] ApiDb:250 - Set database path to: C:\Users\bens1\.stmcufinder\plugins\mcufinder//mcu/
2024-01-19 14:01:16,210 [INFO] DbMcusAds:125 - Set database path to: C:\Users\bens1\.stmcufinder\plugins\mcufinder//mcu/
2024-01-19 14:01:16,212 [INFO] CrossReferenceDbSqlite:203 - Set database path to: C:\Users\bens1\.stmcufinder\plugins\mcufinder//mcu/cs/
2024-01-19 14:01:16,348 [INFO] RulesReader:64 - Compatibility file has been processed (297 Rules)
2024-01-19 14:01:16,468 [INFO] DbMcusXml:78 - Set database path to: C:\ST\STM32CubeIDE_1.10.1\STM32CubeIDE\plugins\com.st.stm32cube.common.mx_6.10.0.202311202037\\db\/mcu/
2024-01-19 14:01:16,468 [INFO] ApiDb:274 - Set plugin database path to: C:\ST\STM32CubeIDE_1.10.1\STM32CubeIDE\plugins\com.st.stm32cube.common.mx_6.10.0.202311202037\\db\/plugins/boardmanager/
2024-01-19 14:01:16,468 [INFO] ApiDb:261 - Set plugin images path to: C:\ST\STM32CubeIDE_1.10.1\STM32CubeIDE\plugins\com.st.stm32cube.common.mx_6.10.0.202311202037\\db\/plugins/mcufinder/images/
2024-01-19 14:01:16,468 [WARN] DbFile:41 - Overriding database path with different value: C:\Users\bens1\.stmcufinder\plugins\mcufinder/ => C:\Users\bens1\.stmcufinder\plugins\mcufinder
2024-01-19 14:01:16,469 [INFO] ApiDb:250 - Set database path to: C:\Users\bens1\.stmcufinder\plugins\mcufinder//mcu/
2024-01-19 14:01:16,469 [WARN] DbFile:41 - Overriding database path with different value: C:\Users\bens1\.stmcufinder\plugins\mcufinder/ => C:\Users\bens1\.stmcufinder\plugins\mcufinder
2024-01-19 14:01:16,469 [INFO] DbMcusAds:125 - Set database path to: C:\Users\bens1\.stmcufinder\plugins\mcufinder//mcu/
2024-01-19 14:01:16,469 [WARN] DbFile:41 - Overriding database path with different value: C:\Users\bens1\.stmcufinder\plugins\mcufinder/ => C:\Users\bens1\.stmcufinder\plugins\mcufinder
2024-01-19 14:01:16,469 [WARN] DbFile:41 - Overriding database path with different value: C:\Users\bens1\.stmcufinder\plugins\mcufinder/ => C:\Users\bens1\.stmcufinder\plugins\mcufinder
2024-01-19 14:01:16,469 [INFO] CrossReferenceDbSqlite:203 - Set database path to: C:\Users\bens1\.stmcufinder\plugins\mcufinder//mcu/cs/
2024-01-19 14:01:16,567 [INFO] MainPanel:264 - HeapMemory: 268435456
2024-01-19 14:01:16,694 [INFO] DbMcusXml:78 - Set database path to: C:\ST\STM32CubeIDE_1.10.1\STM32CubeIDE\plugins\com.st.stm32cube.common.mx_6.10.0.202311202037\\db\/mcu/
2024-01-19 14:01:16,695 [INFO] ApiDb:274 - Set plugin database path to: C:\ST\STM32CubeIDE_1.10.1\STM32CubeIDE\plugins\com.st.stm32cube.common.mx_6.10.0.202311202037\\db\/plugins/boardmanager/
2024-01-19 14:01:16,695 [INFO] ApiDb:261 - Set plugin images path to: C:\ST\STM32CubeIDE_1.10.1\STM32CubeIDE\plugins\com.st.stm32cube.common.mx_6.10.0.202311202037\\db\/plugins/mcufinder/images/
2024-01-19 14:01:16,695 [WARN] DbFile:41 - Overriding database path with different value: C:\Users\bens1\.stmcufinder\plugins\mcufinder/ => C:\Users\bens1\.stmcufinder\plugins\mcufinder
2024-01-19 14:01:16,695 [INFO] ApiDb:250 - Set database path to: C:\Users\bens1\.stmcufinder\plugins\mcufinder//mcu/
2024-01-19 14:01:16,695 [WARN] DbFile:41 - Overriding database path with different value: C:\Users\bens1\.stmcufinder\plugins\mcufinder/ => C:\Users\bens1\.stmcufinder\plugins\mcufinder
2024-01-19 14:01:16,696 [INFO] DbMcusAds:125 - Set database path to: C:\Users\bens1\.stmcufinder\plugins\mcufinder//mcu/
2024-01-19 14:01:16,696 [WARN] DbFile:41 - Overriding database path with different value: C:\Users\bens1\.stmcufinder\plugins\mcufinder/ => C:\Users\bens1\.stmcufinder\plugins\mcufinder
2024-01-19 14:01:16,696 [WARN] DbFile:41 - Overriding database path with different value: C:\Users\bens1\.stmcufinder\plugins\mcufinder/ => C:\Users\bens1\.stmcufinder\plugins\mcufinder
2024-01-19 14:01:16,696 [INFO] CrossReferenceDbSqlite:203 - Set database path to: C:\Users\bens1\.stmcufinder\plugins\mcufinder//mcu/cs/
2024-01-19 14:01:16,721 [INFO] ApplicationProperties:184 - Using Application install path: C:\ST\STM32CubeIDE_1.10.1\STM32CubeIDE\plugins\com.st.stm32cube.common.mx_6.10.0.202311202037
2024-01-19 14:01:16,723 [INFO] PluginManage:196 - Search for loadable plugins [exclusion list=, ]
2024-01-19 14:01:16,725 [INFO] PluginManage:310 - Check plugin analytics
2024-01-19 14:01:16,956 [INFO] AnalyticsPlugin:253 - Accepted Software Licenses: STM32CubeMX.6.7.0
2024-01-19 14:01:16,956 [INFO] AnalyticsPlugin:255 - Accepted CMSIS Pack Licenses: STMicroelectronics.X-CUBE-MEMS1.9.5.0
2024-01-19 14:01:16,957 [INFO] AnalyticsPlugin:257 - Accepted Firmware Licenses: FW.H5.1.0.0,FW.U5.1.2.0
2024-01-19 14:01:16,962 [INFO] PluginManage:359 - Loaded plugin analytics (category:tool,tabindex:-1)
2024-01-19 14:01:16,963 [INFO] PluginManage:310 - Check plugin cadmodel
2024-01-19 14:01:16,979 [INFO] CADModel:105 - Init CAD model plugin
2024-01-19 14:01:16,980 [INFO] PluginManage:359 - Loaded plugin cadmodel (category:power,tabindex:5)
2024-01-19 14:01:16,980 [INFO] PluginManage:310 - Check plugin clock
2024-01-19 14:01:17,003 [INFO] PluginManage:359 - Loaded plugin clock (category:base,tabindex:2)
2024-01-19 14:01:17,003 [INFO] PluginManage:310 - Check plugin ddr
2024-01-19 14:01:17,005 [INFO] PluginManage:359 - Loaded plugin ddr (category:tool,tabindex:6)
2024-01-19 14:01:17,006 [INFO] PluginManage:310 - Check plugin filemanager
2024-01-19 14:01:17,160 [INFO] PluginManage:359 - Loaded plugin filemanager (category:base,tabindex:10)
2024-01-19 14:01:17,161 [INFO] PluginManage:310 - Check plugin ipmanager
2024-01-19 14:01:17,169 [INFO] PluginManage:359 - Loaded plugin ipmanager (category:base,tabindex:5)
2024-01-19 14:01:17,169 [INFO] PluginManage:310 - Check plugin lpbam
2024-01-19 14:01:17,190 [INFO] PluginManage:359 - Loaded plugin lpbam (category:base,tabindex:0)
2024-01-19 14:01:17,190 [INFO] PluginManage:310 - Check plugin memorymap
2024-01-19 14:01:17,220 [INFO] PluginManage:359 - Loaded plugin memorymap (category:base,tabindex:4)
2024-01-19 14:01:17,221 [INFO] PluginManage:310 - Check plugin pinoutandconfiguration
2024-01-19 14:01:17,239 [INFO] PluginManage:359 - Loaded plugin pinoutandconfiguration (category:base,tabindex:1)
2024-01-19 14:01:17,239 [INFO] PluginManage:310 - Check plugin pinoutconfig
2024-01-19 14:01:17,346 [WARN] SupportedApi:132 - Cannot load RTOS API schema: s4s-elt-must-match.1: The content of 'definitions' must match (annotation?, (simpleType | complexType)?, (unique | key | keyref)*)). A problem was found starting at: attribute.
2024-01-19 14:01:17,501 [INFO] PluginManage:359 - Loaded plugin pinoutconfig (category:base,tabindex:0)
2024-01-19 14:01:17,501 [INFO] PluginManage:310 - Check plugin power
2024-01-19 14:01:17,524 [INFO] PluginManage:359 - Loaded plugin power (category:power,tabindex:4)
2024-01-19 14:01:17,524 [INFO] PluginManage:310 - Check plugin projectmanager
2024-01-19 14:01:17,543 [INFO] PluginManage:359 - Loaded plugin projectmanager (category:projectmanager,tabindex:3)
2024-01-19 14:01:17,543 [INFO] PluginManage:310 - Check plugin thirdparty
2024-01-19 14:01:17,884 [INFO] PluginManage:359 - Loaded plugin thirdparty (category:base,tabindex:-1)
2024-01-19 14:01:17,884 [WARN] IntegrityCheckThread:84 - waiting for thirdparty lock release [integrity check]
2024-01-19 14:01:17,885 [INFO] PluginManage:310 - Check plugin tools
2024-01-19 14:01:17,885 [INFO] IntegrityCheckThread:86 - entering critical section [integrity check]
2024-01-19 14:01:17,886 [INFO] ThirdPartyUpdaterWithRetryManager:70 - Updater plugin not ready yet. [1/15]
2024-01-19 14:01:17,925 [INFO] PluginManage:359 - Loaded plugin tools (category:base,tabindex:7)
2024-01-19 14:01:17,925 [INFO] PluginManage:310 - Check plugin tutovideos
2024-01-19 14:01:18,192 [INFO] PluginManage:359 - Loaded plugin tutovideos (category:base,tabindex:-1)
2024-01-19 14:01:18,192 [INFO] PluginManage:310 - Check plugin updater
2024-01-19 14:01:18,205 [INFO] PluginManage:359 - Loaded plugin updater (category:base,tabindex:12)
2024-01-19 14:01:18,205 [INFO] PluginManage:310 - Check plugin userauth
2024-01-19 14:01:18,211 [INFO] UserAuth:114 - Init User Auth plugin
2024-01-19 14:01:18,211 [INFO] PluginManage:359 - Loaded plugin userauth (category:base,tabindex:14)
2024-01-19 14:01:18,211 [INFO] PluginManage:283 - PluginManage : Loaded plugins [17]
2024-01-19 14:01:18,495 [INFO] PinOutPanel:1499 - setPackage(No Configuration,No Configuration)
2024-01-19 14:01:18,587 [INFO] CADModel:165 - CPN selected for project level
2024-01-19 14:01:18,587 [INFO] CADModel:114 - Register for checkConnection events
2024-01-19 14:01:18,616 [INFO] IPUIPlugin:80 - create IPUIPlugin
2024-01-19 14:01:18,617 [INFO] PluginManager:220 - loadIPPluginJar : add adc
2024-01-19 14:01:18,658 [INFO] IPUIPlugin:80 - create IPUIPlugin
2024-01-19 14:01:18,658 [INFO] PluginManager:220 - loadIPPluginJar : add aes
2024-01-19 14:01:18,705 [INFO] IPUIPlugin:80 - create IPUIPlugin
2024-01-19 14:01:18,705 [INFO] PluginManager:220 - loadIPPluginJar : add can
2024-01-19 14:01:18,732 [INFO] IPUIPlugin:80 - create IPUIPlugin
2024-01-19 14:01:18,733 [INFO] PluginManager:220 - loadIPPluginJar : add comp
2024-01-19 14:01:18,770 [INFO] IPUIPlugin:80 - create IPUIPlugin
2024-01-19 14:01:18,771 [INFO] PluginManager:220 - loadIPPluginJar : add cryp
2024-01-19 14:01:18,806 [INFO] IPUIPlugin:80 - create IPUIPlugin
2024-01-19 14:01:18,806 [INFO] PluginManager:220 - loadIPPluginJar : add dfsdm
2024-01-19 14:01:18,823 [INFO] IPUIPlugin:80 - create IPUIPlugin
2024-01-19 14:01:18,823 [INFO] PluginManager:220 - loadIPPluginJar : add dma
2024-01-19 14:01:18,873 [INFO] IPUIPlugin:80 - create IPUIPlugin
2024-01-19 14:01:18,873 [INFO] PluginManager:220 - loadIPPluginJar : add dma3
2024-01-19 14:01:18,897 [INFO] IPUIPlugin:80 - create IPUIPlugin
2024-01-19 14:01:18,897 [INFO] PluginManager:220 - loadIPPluginJar : add fatfs
2024-01-19 14:01:18,952 [INFO] IPUIPlugin:80 - create IPUIPlugin
2024-01-19 14:01:18,952 [INFO] PluginManager:220 - loadIPPluginJar : add fmc
2024-01-19 14:01:18,980 [INFO] IPUIPlugin:80 - create IPUIPlugin
2024-01-19 14:01:18,981 [INFO] PluginManager:220 - loadIPPluginJar : add freertos
2024-01-19 14:01:19,006 [INFO] IPUIPlugin:80 - create IPUIPlugin
2024-01-19 14:01:19,007 [INFO] PluginManager:220 - loadIPPluginJar : add genericplugin
2024-01-19 14:01:19,111 [INFO] IPUIPlugin:80 - create IPUIPlugin
2024-01-19 14:01:19,112 [INFO] PluginManager:220 - loadIPPluginJar : add gfxmmu
2024-01-19 14:01:19,264 [INFO] IPUIPlugin:80 - create IPUIPlugin
2024-01-19 14:01:19,265 [INFO] PluginManager:220 - loadIPPluginJar : add gic
2024-01-19 14:01:19,281 [INFO] IPUIPlugin:80 - create IPUIPlugin
2024-01-19 14:01:19,281 [INFO] PluginManager:220 - loadIPPluginJar : add gpio
2024-01-19 14:01:19,388 [INFO] IPUIPlugin:80 - create IPUIPlugin
2024-01-19 14:01:19,388 [INFO] PluginManager:220 - loadIPPluginJar : add gtzc
2024-01-19 14:01:19,424 [INFO] IPUIPlugin:80 - create IPUIPlugin
2024-01-19 14:01:19,424 [INFO] PluginManager:220 - loadIPPluginJar : add hash
2024-01-19 14:01:19,495 [INFO] IPUIPlugin:80 - create IPUIPlugin
2024-01-19 14:01:19,495 [INFO] PluginManager:220 - loadIPPluginJar : add i2c
2024-01-19 14:01:19,540 [INFO] IPUIPlugin:80 - create IPUIPlugin
2024-01-19 14:01:19,540 [INFO] PluginManager:220 - loadIPPluginJar : add i2s
2024-01-19 14:01:19,588 [INFO] IPUIPlugin:80 - create IPUIPlugin
2024-01-19 14:01:19,588 [INFO] PluginManager:220 - loadIPPluginJar : add i3c
2024-01-19 14:01:19,710 [INFO] IPUIPlugin:80 - create IPUIPlugin
2024-01-19 14:01:19,710 [INFO] PluginManager:220 - loadIPPluginJar : add ipddr
2024-01-19 14:01:19,823 [INFO] IPUIPlugin:80 - create IPUIPlugin
2024-01-19 14:01:19,823 [INFO] PluginManager:220 - loadIPPluginJar : add linkedlist
2024-01-19 14:01:19,865 [INFO] IPUIPlugin:80 - create IPUIPlugin
2024-01-19 14:01:19,865 [INFO] PluginManager:220 - loadIPPluginJar : add lorawan
2024-01-19 14:01:19,909 [INFO] IPUIPlugin:80 - create IPUIPlugin
2024-01-19 14:01:19,910 [INFO] PluginManager:220 - loadIPPluginJar : add ltdc
2024-01-19 14:01:19,927 [INFO] IPUIPlugin:80 - create IPUIPlugin
2024-01-19 14:01:19,927 [INFO] PluginManager:220 - loadIPPluginJar : add mdma
2024-01-19 14:01:19,943 [INFO] IPUIPlugin:80 - create IPUIPlugin
2024-01-19 14:01:19,943 [INFO] PluginManager:220 - loadIPPluginJar : add nvic
2024-01-19 14:01:19,984 [INFO] IPUIPlugin:80 - create IPUIPlugin
2024-01-19 14:01:19,984 [INFO] PluginManager:220 - loadIPPluginJar : add opamp
2024-01-19 14:01:20,053 [INFO] IPUIPlugin:80 - create IPUIPlugin
2024-01-19 14:01:20,053 [INFO] PluginManager:220 - loadIPPluginJar : add openamp
2024-01-19 14:01:20,105 [INFO] IPUIPlugin:80 - create IPUIPlugin
2024-01-19 14:01:20,105 [INFO] PluginManager:220 - loadIPPluginJar : add pdm2pcm
2024-01-19 14:01:20,122 [INFO] IPUIPlugin:80 - create IPUIPlugin
2024-01-19 14:01:20,125 [INFO] PluginManager:220 - loadIPPluginJar : add plateformsettings
2024-01-19 14:01:20,151 [INFO] IPUIPlugin:80 - create IPUIPlugin
2024-01-19 14:01:20,152 [INFO] PluginManager:220 - loadIPPluginJar : add quadspi
2024-01-19 14:01:20,169 [INFO] IPUIPlugin:80 - create IPUIPlugin
2024-01-19 14:01:20,169 [INFO] PluginManager:220 - loadIPPluginJar : add resmgrutility
2024-01-19 14:01:20,227 [INFO] IPUIPlugin:80 - create IPUIPlugin
2024-01-19 14:01:20,227 [INFO] PluginManager:220 - loadIPPluginJar : add sai
2024-01-19 14:01:20,270 [INFO] IPUIPlugin:80 - create IPUIPlugin
2024-01-19 14:01:20,270 [INFO] PluginManager:220 - loadIPPluginJar : add spi
2024-01-19 14:01:20,348 [INFO] IPUIPlugin:80 - create IPUIPlugin
2024-01-19 14:01:20,349 [INFO] PluginManager:220 - loadIPPluginJar : add stm32_wpan
2024-01-19 14:01:20,375 [INFO] IPUIPlugin:80 - create IPUIPlugin
2024-01-19 14:01:20,375 [INFO] PluginManager:220 - loadIPPluginJar : add tim
2024-01-19 14:01:20,464 [INFO] IPUIPlugin:80 - create IPUIPlugin
2024-01-19 14:01:20,464 [INFO] PluginManager:220 - loadIPPluginJar : add touchsensing
2024-01-19 14:01:20,491 [INFO] IPUIPlugin:80 - create IPUIPlugin
2024-01-19 14:01:20,491 [INFO] PluginManager:220 - loadIPPluginJar : add tracer_emb
2024-01-19 14:01:20,519 [INFO] IPUIPlugin:80 - create IPUIPlugin
2024-01-19 14:01:20,519 [INFO] PluginManager:220 - loadIPPluginJar : add ts
2024-01-19 14:01:20,544 [INFO] IPUIPlugin:80 - create IPUIPlugin
2024-01-19 14:01:20,545 [INFO] PluginManager:220 - loadIPPluginJar : add tsc
2024-01-19 14:01:20,569 [INFO] IPUIPlugin:80 - create IPUIPlugin
2024-01-19 14:01:20,569 [INFO] PluginManager:220 - loadIPPluginJar : add ucpd
2024-01-19 14:01:20,622 [INFO] IPUIPlugin:80 - create IPUIPlugin
2024-01-19 14:01:20,622 [INFO] PluginManager:220 - loadIPPluginJar : add usart
2024-01-19 14:01:20,673 [INFO] IPUIPlugin:80 - create IPUIPlugin
2024-01-19 14:01:20,673 [INFO] PluginManager:220 - loadIPPluginJar : add usbx
2024-01-19 14:01:20,816 [INFO] CADModel:165 - CPN selected for project level
2024-01-19 14:01:20,817 [INFO] CADModel:114 - Register for checkConnection events
2024-01-19 14:01:20,817 [FATAL] Updater:308 - Updater called before beeing initialized
2024-01-19 14:01:20,817 [ERROR] CADModel:125 - Updater not yet initialized, retry later 
2024-01-19 14:01:20,887 [INFO] ThirdPartyUpdaterWithRetryManager:70 - Updater plugin not ready yet. [2/15]
2024-01-19 14:01:21,036 [INFO] CADModel:165 - CPN selected for project level
2024-01-19 14:01:21,036 [INFO] CADModel:114 - Register for checkConnection events
2024-01-19 14:01:21,036 [FATAL] Updater:308 - Updater called before beeing initialized
2024-01-19 14:01:21,036 [ERROR] CADModel:125 - Updater not yet initialized, retry later 
2024-01-19 14:01:21,039 [FATAL] Updater:308 - Updater called before beeing initialized
2024-01-19 14:01:21,165 [FATAL] Updater:308 - Updater called before beeing initialized
2024-01-19 14:01:21,176 [INFO] DbMcusAds:53 - JSON generation date=Wed Nov 29 10:52:27 GMT 2023 (1701255147349)
2024-01-19 14:01:21,176 [FATAL] Updater:308 - Updater called before beeing initialized
2024-01-19 14:01:21,275 [WARN] DetailPanel:346 - Failed to get advertising image, set to default
2024-01-19 14:01:21,412 [FATAL] Updater:308 - Updater called before beeing initialized
2024-01-19 14:01:21,415 [FATAL] Updater:308 - Updater called before beeing initialized
2024-01-19 14:01:21,416 [FATAL] Updater:308 - Updater called before beeing initialized
2024-01-19 14:01:21,416 [WARN] DetailPanel:346 - Failed to get advertising image, set to default
2024-01-19 14:01:21,416 [FATAL] Updater:308 - Updater called before beeing initialized
2024-01-19 14:01:21,491 [ERROR] Updater:1120 - MainUpdater not yet initialized. External WinMGr cannot be set.
2024-01-19 14:01:21,503 [INFO] Updater:1056 - Updater Version found : 6.10.0
2024-01-19 14:01:21,520 [INFO] ApplicationProperties:184 - Using Application install path: C:\ST\STM32CubeIDE_1.10.1\STM32CubeIDE\plugins\com.st.stm32cube.common.mx_6.10.0.202311202037
2024-01-19 14:01:22,814 [INFO] MainUpdater:2873 - connection check result : 10
2024-01-19 14:01:22,815 [INFO] MainUpdater:290 - Updater Check For Update Now.
2024-01-19 14:01:22,815 [INFO] MicroXplorer:498 - Change Database Version : DB.6.0.100
2024-01-19 14:01:22,863 [INFO] McuFinderGlobals:63 - Set McuFinder mode to 2 (CubeIDE integrated)
2024-01-19 14:01:22,898 [INFO] UserAuth:404 - Internet connection configuration mode: 1
2024-01-19 14:01:22,946 [INFO] JxBrowserEngine:152 - Initiate JxBrowser Engine with user profile folder
2024-01-19 14:01:23,119 [INFO] CheckServerUpdateThread:120 - End of CheckServer Thread
2024-01-19 14:01:24,210 [WARN] PackLoader:240 - Cannot read IP mode file for STMicroelectronics.X-CUBE-SMBUS.2.1.0
2024-01-19 14:01:24,230 [WARN] PackLoader:240 - Cannot read IP mode file for STMicroelectronics.X-CUBE-TOUCHGFX.4.23.0
2024-01-19 14:01:24,454 [WARN] PackLoader:240 - Cannot read IP mode file for STMicroelectronics.X-CUBE-MEMS1.9.2.0
2024-01-19 14:01:24,689 [WARN] PackLoader:240 - Cannot read IP mode file for STMicroelectronics.X-CUBE-AZRTOS-F7.1.1.0
2024-01-19 14:01:24,711 [ERROR] RealEvaluatedCondition:428 - Found unsupported composite condition: CLASS='Data Exchange' GROUP='STM32_MetaDataManager'
2024-01-19 14:01:24,711 [ERROR] RealEvaluatedCondition:428 - Found unsupported composite condition: GROUP='STM32_MetaDataManager' CLASS='Data Exchange'
2024-01-19 14:01:24,713 [WARN] PackLoader:240 - Cannot read IP mode file for STMicroelectronics.FP-SNS-MOTENV1.4.3.0
2024-01-19 14:01:24,729 [WARN] PackLoader:240 - Cannot read IP mode file for STMicroelectronics.FP-SNS-MOTENV1.4.3.2
2024-01-19 14:01:24,745 [WARN] PackLoader:240 - Cannot read IP mode file for STMicroelectronics.FP-SNS-FLIGHT1.5.0.0
2024-01-19 14:01:24,763 [ERROR] RealEvaluatedCondition:428 - Found unsupported composite condition: CLASS='Data Exchange' GROUP='STM32_MetaDataManager'
2024-01-19 14:01:24,763 [ERROR] RealEvaluatedCondition:428 - Found unsupported composite condition: CLASS='Data Exchange' GROUP='STM32_MetaDataManager'
2024-01-19 14:01:24,764 [WARN] PackLoader:240 - Cannot read IP mode file for STMicroelectronics.FP-SNS-MOTENV1.4.3.1
2024-01-19 14:01:24,779 [WARN] PackLoader:240 - Cannot read IP mode file for STMicroelectronics.FP-SNS-FLIGHT1.5.0.1
2024-01-19 14:01:24,797 [WARN] PackLoader:240 - Cannot read IP mode file for STMicroelectronics.X-CUBE-BLE1.6.2.3
2024-01-19 14:01:24,812 [WARN] PackLoader:240 - Cannot read IP mode file for STMicroelectronics.X-CUBE-BLE1.6.2.4
2024-01-19 14:01:24,829 [WARN] PackLoader:240 - Cannot read IP mode file for STMicroelectronics.FP-SNS-FLIGHT1.5.0.2
2024-01-19 14:01:24,859 [WARN] PackLoader:240 - Cannot read IP mode file for STMicroelectronics.X-CUBE-TOF1.3.1.0
2024-01-19 14:01:24,890 [WARN] PackLoader:240 - Cannot read IP mode file for STMicroelectronics.X-CUBE-DISPLAY.3.0.0
2024-01-19 14:01:24,915 [WARN] PackLoader:240 - Cannot read IP mode file for STMicroelectronics.X-CUBE-BLE1.7.0.0
2024-01-19 14:01:24,935 [WARN] PackLoader:240 - Cannot read IP mode file for emotas.I-CUBE-CANOPEN.1.3.0
2024-01-19 14:01:24,966 [WARN] PackLoader:240 - Cannot read IP mode file for STMicroelectronics.X-CUBE-TOUCHGFX.4.22.0
2024-01-19 14:01:24,988 [WARN] PackLoader:240 - Cannot read IP mode file for STMicroelectronics.X-CUBE-TOUCHGFX.4.22.1
2024-01-19 14:01:25,108 [WARN] PackLoader:240 - Cannot read IP mode file for STMicroelectronics.X-CUBE-MEMS1.9.3.0
2024-01-19 14:01:25,244 [WARN] PackLoader:240 - Cannot read IP mode file for STMicroelectronics.X-CUBE-AI.7.2.0
2024-01-19 14:01:25,258 [WARN] PackLoader:240 - Cannot read IP mode file for STMicroelectronics.FP-SNS-SMARTAG2.1.2.0
2024-01-19 14:01:25,283 [INFO] LogOutputStream:77 - [STDOUT_REDIRECT] 1 : Invalid condition id : UX_CORESTACK_Condition cause : null
2024-01-19 14:01:25,284 [INFO] LogOutputStream:77 - [STDOUT_REDIRECT] 1 : Invalid condition id : UX_CORESTACK_Condition cause : null
2024-01-19 14:01:25,285 [INFO] LogOutputStream:77 - [STDOUT_REDIRECT] 1 : Invalid condition id : UX_CORESTACK_Condition cause : null
2024-01-19 14:01:25,287 [INFO] LogOutputStream:77 - [STDOUT_REDIRECT] 1 : Invalid condition id : UX_CORESTACK_Condition cause : null
2024-01-19 14:01:25,289 [INFO] LogOutputStream:77 - [STDOUT_REDIRECT] 1 : Invalid condition id : UX_CORESTACK_Condition cause : null
2024-01-19 14:01:25,292 [WARN] PackLoader:240 - Cannot read IP mode file for STMicroelectronics.X-CUBE-AZRTOS-WL.2.0.0
2024-01-19 14:01:25,314 [WARN] PackLoader:240 - Cannot read IP mode file for WES.I-CUBE-Cesium.1.3.0
2024-01-19 14:01:25,332 [WARN] PackLoader:240 - Cannot read IP mode file for STMicroelectronics.X-CUBE-BLE2.3.3.0
2024-01-19 14:01:25,348 [WARN] PackLoader:240 - Cannot read IP mode file for STMicroelectronics.X-CUBE-DISPLAY.2.2.0
2024-01-19 14:01:25,372 [WARN] PackLoader:240 - Cannot read IP mode file for STMicroelectronics.X-CUBE-TOF1.3.2.0
2024-01-19 14:01:25,393 [WARN] PackLoader:240 - Cannot read IP mode file for STMicroelectronics.X-CUBE-ISPU.1.0.0
2024-01-19 14:01:25,431 [WARN] PackLoader:240 - Cannot read IP mode file for STMicroelectronics.X-CUBE-AZRTOS-H7.2.1.0
2024-01-19 14:01:25,451 [WARN] PackLoader:240 - Cannot read IP mode file for STMicroelectronics.X-CUBE-TOUCHGFX.4.21.1
2024-01-19 14:01:25,469 [WARN] PackLoader:240 - Cannot read IP mode file for STMicroelectronics.X-CUBE-TOUCHGFX.4.21.0
2024-01-19 14:01:25,483 [WARN] PackLoader:240 - Cannot read IP mode file for STMicroelectronics.X-CUBE-TOUCHGFX.4.21.3
2024-01-19 14:01:25,496 [WARN] PackLoader:240 - Cannot read IP mode file for STMicroelectronics.X-CUBE-TOUCHGFX.4.21.4
2024-01-19 14:01:25,578 [WARN] PackLoader:240 - Cannot read IP mode file for STMicroelectronics.X-CUBE-MEMS1.9.4.0
2024-01-19 14:01:25,918 [WARN] PackLoader:240 - Cannot read IP mode file for STMicroelectronics.X-CUBE-AI.7.3.0
2024-01-19 14:01:25,936 [WARN] PackLoader:240 - Cannot read IP mode file for STMicroelectronics.X-CUBE-ALGOBUILD.1.3.0
2024-01-19 14:01:25,965 [WARN] PackLoader:240 - Cannot read IP mode file for STMicroelectronics.X-CUBE-AZRTOS-G0.1.1.0
2024-01-19 14:01:25,983 [WARN] PackLoader:240 - Cannot read IP mode file for STMicroelectronics.X-CUBE-NFC4.3.0.0
2024-01-19 14:01:26,023 [WARN] PackLoader:240 - Cannot read IP mode file for SEGGER.I-CUBE-embOS.1.2.0
2024-01-19 14:01:26,078 [WARN] PackLoader:240 - Cannot read IP mode file for STMicroelectronics.X-CUBE-BLEMGR.3.0.0
2024-01-19 14:01:26,099 [WARN] PackLoader:240 - Cannot read IP mode file for STMicroelectronics.X-CUBE-BLEMGR.1.3.0
2024-01-19 14:01:26,117 [WARN] PackLoader:240 - Cannot read IP mode file for STMicroelectronics.FP-ATR-SIGFOX1.3.2.0
2024-01-19 14:01:26,133 [WARN] PackLoader:240 - Cannot read IP mode file for emotas.I-CUBE-CANOPEN.1.1.2
2024-01-19 14:01:26,151 [WARN] PackLoader:240 - Cannot read IP mode file for STMicroelectronics.X-CUBE-TOUCHGFX.4.20.0
2024-01-19 14:01:26,206 [WARN] PackLoader:240 - Cannot read IP mode file for STMicroelectronics.X-CUBE-MEMS1.9.5.0
2024-01-19 14:01:26,568 [WARN] PackLoader:240 - Cannot read IP mode file for SEGGER.I-CUBE-embOS.1.3.1
2024-01-19 14:01:26,605 [WARN] PackLoader:240 - Cannot read IP mode file for STMicroelectronics.X-CUBE-GNSS1.6.0.0
2024-01-19 14:01:26,683 [WARN] PackLoader:240 - Cannot read IP mode file for STMicroelectronics.X-CUBE-AZRTOS-F4.1.1.0
2024-01-19 14:01:26,705 [WARN] PackLoader:240 - Cannot read IP mode file for wolfSSL.I-CUBE-wolfSSL.5.6.4
2024-01-19 14:01:26,726 [WARN] PackLoader:240 - Cannot read IP mode file for STMicroelectronics.X-CUBE-BLEMGR.1.2.0
2024-01-19 14:01:26,790 [WARN] PackLoader:240 - Cannot read IP mode file for STMicroelectronics.X-CUBE-AZRTOS-L5.2.0.0
2024-01-19 14:01:26,848 [WARN] PackLoader:240 - Cannot read IP mode file for STMicroelectronics.X-CUBE-MEMS1.9.6.0
2024-01-19 14:01:27,079 [WARN] PackLoader:240 - Cannot read IP mode file for STMicroelectronics.X-CUBE-EEPRMA1.4.2.0
2024-01-19 14:01:27,151 [WARN] PackLoader:240 - Cannot read IP mode file for ITTIA_DB.I-CUBE-ITTIADB.8.8.0
2024-01-19 14:01:27,167 [WARN] PackLoader:240 - Cannot read IP mode file for STMicroelectronics.X-CUBE-BLEMGR.2.0.0
2024-01-19 14:01:27,178 [INFO] WebApp:161 - Instantiating new browser for Auth
2024-01-19 14:01:27,182 [WARN] PackLoader:240 - Cannot read IP mode file for STMicroelectronics.X-CUBE-NFC4.2.0.5
2024-01-19 14:01:27,200 [WARN] PackLoader:240 - Cannot read IP mode file for STMicroelectronics.X-CUBE-NFC4.2.0.4
2024-01-19 14:01:27,240 [WARN] ConditionMgr:438 - getConditionDescription Invalid condition id : UX DEVICE CLASS RTOS Condition cause : null
2024-01-19 14:01:27,241 [WARN] ConditionMgr:438 - getConditionDescription Invalid condition id : UX DEVICE CLASS RTOS Condition cause : null
2024-01-19 14:01:27,244 [WARN] PackLoader:240 - Cannot read IP mode file for STMicroelectronics.X-CUBE-AZRTOS-H7.3.1.0
2024-01-19 14:01:27,245 [WARN] ConditionMgr:1039 - genDependencies : Invalid condition id : UX DEVICE CLASS RTOS Condition cause : null
2024-01-19 14:01:27,246 [WARN] ConditionMgr:1039 - genDependencies : Invalid condition id : UX DEVICE CLASS RTOS Condition cause : null
2024-01-19 14:01:27,246 [WARN] ConditionMgr:1039 - genDependencies : Invalid condition id : UX DEVICE CLASS RTOS Condition cause : null
2024-01-19 14:01:27,247 [WARN] ConditionMgr:1039 - genDependencies : Invalid condition id : UX DEVICE CLASS RTOS Condition cause : null
2024-01-19 14:01:27,247 [WARN] ConditionMgr:1039 - genDependencies : Invalid condition id : UX DEVICE CLASS RTOS Condition cause : null
2024-01-19 14:01:27,251 [WARN] ConditionMgr:438 - getConditionDescription Invalid condition id : UX DEVICE CLASS RTOS Condition cause : null
2024-01-19 14:01:27,251 [WARN] ConditionMgr:438 - getConditionDescription Invalid condition id : UX DEVICE CLASS RTOS Condition cause : null
2024-01-19 14:01:27,402 [WARN] PackLoader:240 - Cannot read IP mode file for STMicroelectronics.X-CUBE-AZRTOS-F4.1.0.0
2024-01-19 14:01:27,421 [WARN] PackLoader:240 - Cannot read IP mode file for STMicroelectronics.X-CUBE-NFC7.1.0.1
2024-01-19 14:01:27,439 [WARN] PackLoader:240 - Cannot read IP mode file for STMicroelectronics.X-CUBE-NFC7.1.0.0
2024-01-19 14:01:27,458 [WARN] PackLoader:240 - Cannot read IP mode file for STMicroelectronics.X-CUBE-NFC6.3.0.0
2024-01-19 14:01:27,485 [WARN] PackLoader:240 - Cannot read IP mode file for STMicroelectronics.X-CUBE-EEPRMA1.4.1.0
2024-01-19 14:01:27,542 [WARN] PackLoader:240 - Cannot read IP mode file for STMicroelectronics.X-CUBE-AI.8.1.0
2024-01-19 14:01:27,577 [WARN] ConditionMgr:438 - getConditionDescription Invalid condition id : LAN8742 Phy interface Condition cause : null
2024-01-19 14:01:27,577 [WARN] PackLoader:240 - Cannot read IP mode file for STMicroelectronics.X-CUBE-AZRTOS-L4.2.0.0
2024-01-19 14:01:27,579 [WARN] ConditionMgr:1039 - genDependencies : Invalid condition id : LAN8742 Phy interface Condition cause : null
2024-01-19 14:01:27,579 [WARN] ConditionMgr:1039 - genDependencies : Invalid condition id : LAN8742 Phy interface Condition cause : null
2024-01-19 14:01:27,580 [WARN] ConditionMgr:1039 - genDependencies : Invalid condition id : LAN8742 Phy interface Condition cause : null
2024-01-19 14:01:27,599 [WARN] PackLoader:240 - Cannot read IP mode file for STMicroelectronics.X-CUBE-SFXS2LP1.4.0.0
2024-01-19 14:01:27,634 [WARN] PackLoader:240 - Cannot read IP mode file for STMicroelectronics.X-CUBE-AZRTOS-H7.3.0.0
2024-01-19 14:01:27,654 [WARN] PackLoader:240 - Cannot read IP mode file for STMicroelectronics.X-CUBE-ISPU.1.1.0
2024-01-19 14:01:27,726 [WARN] PackLoader:240 - Cannot read IP mode file for RoweBots.I-CUBE-UNISONRTOS.5.5.0-4
2024-01-19 14:01:27,746 [WARN] PackLoader:240 - Cannot read IP mode file for STMicroelectronics.X-CUBE-AI.8.0.0
2024-01-19 14:01:27,827 [WARN] ConditionMgr:438 - getConditionDescription Invalid condition id : UX DEVICE CLASS RTOS Condition cause : null
2024-01-19 14:01:27,828 [WARN] ConditionMgr:438 - getConditionDescription Invalid condition id : UX DEVICE CLASS RTOS Condition cause : null
2024-01-19 14:01:27,830 [WARN] PackLoader:240 - Cannot read IP mode file for STMicroelectronics.X-CUBE-AZRTOS-WB.2.0.0
2024-01-19 14:01:27,830 [WARN] ConditionMgr:1039 - genDependencies : Invalid condition id : UX DEVICE CLASS RTOS Condition cause : null
2024-01-19 14:01:27,830 [WARN] ConditionMgr:1039 - genDependencies : Invalid condition id : UX DEVICE CLASS RTOS Condition cause : null
2024-01-19 14:01:27,831 [WARN] ConditionMgr:1039 - genDependencies : Invalid condition id : UX DEVICE CLASS RTOS Condition cause : null
2024-01-19 14:01:27,831 [WARN] ConditionMgr:1039 - genDependencies : Invalid condition id : UX DEVICE CLASS RTOS Condition cause : null
2024-01-19 14:01:27,831 [WARN] ConditionMgr:1039 - genDependencies : Invalid condition id : UX DEVICE CLASS RTOS Condition cause : null
2024-01-19 14:01:27,846 [WARN] PackLoader:240 - Cannot read IP mode file for STMicroelectronics.X-CUBE-FREERTOS.1.0.0
2024-01-19 14:01:27,863 [WARN] PackLoader:240 - Cannot read IP mode file for STMicroelectronics.X-CUBE-FREERTOS.1.0.1
2024-01-19 14:01:27,922 [WARN] PackLoader:240 - Cannot read IP mode file for STMicroelectronics.X-CUBE-BLEMGR.1.0.0
2024-01-19 14:01:27,953 [WARN] PackLoader:240 - Cannot read IP mode file for STMicroelectronics.X-CUBE-AZRTOS-L5.1.1.0
2024-01-19 14:01:27,966 [WARN] PackLoader:240 - Cannot read IP mode file for STMicroelectronics.X-CUBE-AI.8.0.1
2024-01-19 14:01:27,988 [WARN] PackLoader:240 - Cannot read IP mode file for STMicroelectronics.X-CUBE-SUBG2.5.0.0
2024-01-19 14:01:28,008 [WARN] PackLoader:240 - Cannot read IP mode file for STMicroelectronics.X-CUBE-TOF1.3.3.1
2024-01-19 14:01:28,016 [INFO] WebApp:780 - Register for checkConnection events
2024-01-19 14:01:28,016 [INFO] WebApp:414 - Apply proxy settings
2024-01-19 14:01:28,016 [INFO] WebApp:499 - Chromium requires no authentication
2024-01-19 14:01:28,028 [INFO] WebApp:442 - Direct internet connection detected
2024-01-19 14:01:28,040 [WARN] PackLoader:240 - Cannot read IP mode file for STMicroelectronics.X-CUBE-AZRTOS-G4.2.0.0
2024-01-19 14:01:28,150 [WARN] PackLoader:240 - Cannot read IP mode file for STMicroelectronics.X-CUBE-TOF1.3.3.0
2024-01-19 14:01:28,167 [WARN] PackLoader:240 - Cannot read IP mode file for STMicroelectronics.FP-ATR-ASTRA1.1.1.1
2024-01-19 14:01:28,191 [WARN] PackLoader:240 - Cannot read IP mode file for Infineon.AIROC-Wi-Fi-Bluetooth-STM32.1.5.1
2024-01-19 14:01:28,240 [INFO] WebApp:192 - Starting web application
2024-01-19 14:01:28,240 [INFO] WebApp:544 - Web application path used C:\ST\STM32CubeIDE_1.10.1\STM32CubeIDE\plugins\com.st.stm32cube.common.mx_6.10.0.202311202037\db\plugins\mcufinder\reactClient1\index.html
2024-01-19 14:01:28,247 [WARN] PackLoader:240 - Cannot read IP mode file for STMicroelectronics.FP-ATR-ASTRA1.1.1.0
2024-01-19 14:01:28,259 [WARN] PackLoader:240 - Cannot read IP mode file for STMicroelectronics.FP-SNS-MOTENVWB1.1.3.0
2024-01-19 14:01:28,272 [WARN] PackLoader:240 - Cannot read IP mode file for STMicroelectronics.FP-SNS-MOTENVWB1.1.3.1
2024-01-19 14:01:28,294 [WARN] PackLoader:240 - Cannot read IP mode file for STMicroelectronics.X-CUBE-AZRTOS-G4.1.0.0
2024-01-19 14:01:28,305 [WARN] PackLoader:240 - Cannot read IP mode file for wolfSSL.I-CUBE-wolfSSL.5.3.0
2024-01-19 14:01:28,326 [WARN] PackLoader:240 - Cannot read IP mode file for STMicroelectronics.X-CUBE-AZRTOS-L4.1.0.0
2024-01-19 14:01:28,341 [WARN] PackLoader:240 - Cannot read IP mode file for STMicroelectronics.X-CUBE-ISPU.2.0.0
2024-01-19 14:01:28,429 [WARN] PackLoader:240 - Cannot read IP mode file for STMicroelectronics.X-CUBE-MEMS1.10.0.0
2024-01-19 14:01:28,594 [WARN] PackLoader:240 - Cannot read IP mode file for STMicroelectronics.X-CUBE-FREERTOS.1.1.0
2024-01-19 14:01:28,611 [WARN] PackLoader:240 - Cannot read IP mode file for STMicroelectronics.X-CUBE-AZRTOS-WL.1.0.0
2024-01-19 14:01:28,624 [WARN] PackLoader:240 - Cannot read IP mode file for portGmbH.I-Cube-SoM-uGOAL.1.1.0
2024-01-19 14:01:28,634 [WARN] PackLoader:240 - Cannot read IP mode file for STMicroelectronics.X-CUBE-ALS.1.0.1
2024-01-19 14:01:28,653 [WARN] PackLoader:240 - Cannot read IP mode file for STMicroelectronics.X-CUBE-AZRTOS-WB.1.1.0
2024-01-19 14:01:28,673 [WARN] PackLoader:240 - Cannot read IP mode file for STMicroelectronics.X-CUBE-AZRTOS-L5.1.0.0
2024-01-19 14:01:28,685 [WARN] PackLoader:240 - Cannot read IP mode file for STMicroelectronics.X-CUBE-EEPRMA1.3.1.1
2024-01-19 14:01:28,695 [WARN] PackLoader:240 - Cannot read IP mode file for STMicroelectronics.FP-ATR-ASTRA1.2.0.0
2024-01-19 14:01:28,711 [WARN] PackLoader:240 - Cannot read IP mode file for STMicroelectronics.X-CUBE-TOF1.3.4.0
2024-01-19 14:01:28,739 [WARN] PackLoader:240 - Cannot read IP mode file for STMicroelectronics.X-CUBE-AZRTOS-H7.3.2.0
2024-01-19 14:01:28,742 [INFO] ThirdParty:978 - Integrity check success = true
2024-01-19 14:01:28,742 [INFO] IntegrityCheckThread:100 - exiting critical section [integrity check]
2024-01-19 14:01:28,742 [INFO] IntegrityCheckThread:103 - End integrity checks thread
2024-01-19 14:01:36,295 [ERROR] LogOutputStream:75 - [STDERR_REDIRECT] SLF4J: Failed to load class "org.slf4j.impl.StaticLoggerBinder".
2024-01-19 14:01:36,295 [ERROR] LogOutputStream:75 - [STDERR_REDIRECT] SLF4J: Defaulting to no-operation (NOP) logger implementation
2024-01-19 14:01:36,297 [ERROR] LogOutputStream:75 - [STDERR_REDIRECT] SLF4J: See http://www.slf4j.org/codes.html#StaticLoggerBinder for further details.
2024-01-19 15:55:08,382 [ERROR] LogOutputStream:75 - [STDERR_REDIRECT] 
