2023-12-31 00:11:24,189 [INFO] MainUpdater:2873 - connection check result : 10
2023-12-31 00:11:24,218 [INFO] MainUpdater:2873 - connection check result : 10
2023-12-31 00:11:24,296 [INFO] I2cTimingTraitement:330 - 0x30909DEC
2023-12-31 00:11:24,324 [INFO] I2cTimingTraitement:330 - 0x30909DEC
2023-12-31 00:11:24,352 [INFO] I2cTimingTraitement:330 - 0x30909DEC
2023-12-31 00:11:24,379 [INFO] I2cTimingTraitement:330 - 0x30909DEC
2023-12-31 00:11:24,406 [INFO] I2cTimingTraitement:330 - 0x30909DEC
2023-12-31 00:11:24,424 [INFO] MicroXplorer:468 - Change Database Path : 
2023-12-31 00:11:24,424 [INFO] MicroXplorer:498 - Change Database Version : DB.6.0.100
2023-12-31 00:11:24,439 [ERROR] ProjectManagerView:394 - 
java.lang.NullPointerException: Cannot invoke "javax.swing.JTextField.getText()" because the return value of "java.util.List.get(int)" is null
	at com.st.microxplorer.plugins.projectmanager.gui.ProjectChoiceTab$10.caretUpdate(ProjectChoiceTab.java:2493) ~[filemanager.jar:?]
	at javax.swing.text.JTextComponent.fireCaretUpdate(JTextComponent.java:412) ~[?:?]
	at javax.swing.text.JTextComponent$MutableCaretEvent.fire(JTextComponent.java:4491) ~[?:?]
	at javax.swing.text.JTextComponent$MutableCaretEvent.stateChanged(JTextComponent.java:4513) ~[?:?]
	at javax.swing.text.DefaultCaret.fireStateChanged(DefaultCaret.java:842) ~[?:?]
	at javax.swing.text.DefaultCaret.changeCaretPosition(DefaultCaret.java:1313) ~[?:?]
	at javax.swing.text.DefaultCaret.handleSetDot(DefaultCaret.java:1212) ~[?:?]
	at javax.swing.text.DefaultCaret.setDot(DefaultCaret.java:1193) ~[?:?]
	at javax.swing.text.DefaultCaret$Handler.insertUpdate(DefaultCaret.java:1789) ~[?:?]
	at javax.swing.text.AbstractDocument.fireInsertUpdate(AbstractDocument.java:226) ~[?:?]
	at javax.swing.text.AbstractDocument.handleInsertString(AbstractDocument.java:780) ~[?:?]
	at javax.swing.text.AbstractDocument.insertString(AbstractDocument.java:739) ~[?:?]
	at javax.swing.text.PlainDocument.insertString(PlainDocument.java:131) ~[?:?]
	at javax.swing.text.AbstractDocument.replace(AbstractDocument.java:698) ~[?:?]
	at javax.swing.text.JTextComponent.setText(JTextComponent.java:1729) ~[?:?]
	at com.st.microxplorer.plugins.projectmanager.gui.ProjectChoiceTab.createHeapStackFields(ProjectChoiceTab.java:933) ~[filemanager.jar:?]
	at com.st.microxplorer.plugins.projectmanager.gui.ProjectChoiceTab.buildLinkSettingsPanel(ProjectChoiceTab.java:3426) ~[filemanager.jar:?]
	at com.st.microxplorer.plugins.projectmanager.gui.ProjectChoiceTab.defineWindowsFields(ProjectChoiceTab.java:1813) ~[filemanager.jar:?]
	at com.st.microxplorer.plugins.projectmanager.gui.ProjectChoiceTab.updateSettings(ProjectChoiceTab.java:533) ~[filemanager.jar:?]
	at com.st.microxplorer.plugins.projectmanager.gui.ProjectSettingsPanel.UpdateDialog(ProjectSettingsPanel.java:244) ~[filemanager.jar:?]
	at com.st.microxplorer.plugins.projectmanager.ProjectManagerView.propertyChange(ProjectManagerView.java:391) ~[filemanager.jar:?]
	at java.beans.PropertyChangeSupport.fire(PropertyChangeSupport.java:343) ~[?:?]
	at java.beans.PropertyChangeSupport.firePropertyChange(PropertyChangeSupport.java:335) ~[?:?]
	at java.beans.PropertyChangeSupport.firePropertyChange(PropertyChangeSupport.java:268) ~[?:?]
	at com.st.microxplorer.util.MXPropertyChangeSupport.firePropertyChange(MXPropertyChangeSupport.java:54) ~[STM32CubeMX.jar:?]
	at com.st.microxplorer.mxsystem.MxSystem.closeConfig(MxSystem.java:900) ~[STM32CubeMX.jar:?]
	at com.st.microxplorer.maingui.MainPanel.closeConfig(MainPanel.java:776) ~[STM32CubeMX.jar:?]
	at com.st.microxplorer.plugins.filemanager.engine.OpenFileManager.loadConfigurationFile(OpenFileManager.java:245) ~[filemanager.jar:?]
	at com.st.microxplorer.plugins.filemanager.engine.MainFileManager.userLoadConfig(MainFileManager.java:290) ~[filemanager.jar:?]
	at com.st.microxplorer.plugins.filemanager.FileManagerView.getSpecificTask(FileManagerView.java:247) ~[filemanager.jar:?]
	at com.st.stm32cube.common.mx.editor.CubeMxEditor.getMxTabbedPaneInstance(CubeMxEditor.java:1184) ~[com.st.stm32cube.common.mx_6.10.0.202311202037/:?]
	at com.st.stm32cube.common.mx.editor.CubeMxEditor$12$1.createSwingComponent(CubeMxEditor.java:1065) ~[com.st.stm32cube.common.mx_6.10.0.202311202037/:?]
	at com.st.stm32cube.common.mx.oss.core.awtswtbridge.EmbeddedSwingComposite.doComponentCreation(EmbeddedSwingComposite.java:492) ~[com.st.stm32cube.common.mx.oss_6.10.0.202311202037/:?]
	at com.st.stm32cube.common.mx.oss.core.awtswtbridge.EmbeddedSwingComposite$4.run(EmbeddedSwingComposite.java:291) ~[com.st.stm32cube.common.mx.oss_6.10.0.202311202037/:?]
	at com.st.stm32cube.common.mx.oss.core.awtswtbridge.AwtEnvironment$2.run(AwtEnvironment.java:166) ~[com.st.stm32cube.common.mx.oss_6.10.0.202311202037/:?]
	at java.awt.event.InvocationEvent.dispatch(InvocationEvent.java:318) ~[?:?]
	at java.awt.EventQueue.dispatchEventImpl(EventQueue.java:773) ~[?:?]
	at java.awt.EventQueue$4.run(EventQueue.java:720) ~[?:?]
	at java.awt.EventQueue$4.run(EventQueue.java:714) ~[?:?]
	at java.security.AccessController.doPrivileged(AccessController.java:399) ~[?:?]
	at java.security.ProtectionDomain$JavaSecurityAccessImpl.doIntersectionPrivilege(ProtectionDomain.java:86) ~[?:?]
	at java.awt.EventQueue.dispatchEvent(EventQueue.java:742) ~[?:?]
	at java.awt.EventDispatchThread.pumpOneEventForFilters(EventDispatchThread.java:203) ~[?:?]
	at java.awt.EventDispatchThread.pumpEventsForFilter(EventDispatchThread.java:124) ~[?:?]
	at java.awt.EventDispatchThread.pumpEventsForHierarchy(EventDispatchThread.java:113) ~[?:?]
	at java.awt.EventDispatchThread.pumpEvents(EventDispatchThread.java:109) ~[?:?]
	at java.awt.EventDispatchThread.pumpEvents(EventDispatchThread.java:101) ~[?:?]
	at java.awt.EventDispatchThread.run(EventDispatchThread.java:90) ~[?:?]
2023-12-31 00:11:24,459 [WARN] ThirdParty:871 - waiting for thirdparty lock release [close project]
2023-12-31 00:11:24,459 [INFO] ThirdParty:873 - entering critical section [close project]
2023-12-31 00:11:24,459 [INFO] ThirdParty:883 - exiting critical section [close project]
2023-12-31 00:11:24,463 [INFO] PinOutPanel:1499 - setPackage(No Configuration,No Configuration)
2023-12-31 00:11:24,484 [INFO] HwResourcesManager:1580 - RZone for current mcu STM32U5A9NJHxQ : STM32_DIE481_2514_4096
2023-12-31 00:11:24,517 [INFO] HwResourcesManager:193 - mpc SRAM1 added
2023-12-31 00:11:24,522 [INFO] HwResourcesManager:193 - mpc SRAM2 added
2023-12-31 00:11:24,527 [INFO] HwResourcesManager:193 - mpc SRAM3 added
2023-12-31 00:11:24,531 [INFO] HwResourcesManager:193 - mpc SRAM5 added
2023-12-31 00:11:24,536 [INFO] HwResourcesManager:193 - mpc SRAM4 added
2023-12-31 00:11:24,540 [INFO] HwResourcesManager:193 - mpc Flash Bank1 added
2023-12-31 00:11:24,544 [INFO] HwResourcesManager:193 - mpc Flash Bank2 added
2023-12-31 00:11:24,554 [INFO] HwResourcesManager:214 - sau Non-Secure Code added
2023-12-31 00:11:24,556 [INFO] HwResourcesManager:214 - sau Non-Secure RAM added
2023-12-31 00:11:24,558 [INFO] HwResourcesManager:214 - sau Non-Secure Peripherals added
2023-12-31 00:11:24,565 [INFO] HwResourcesManager:244 - mpcwm OctoSPI1 added
2023-12-31 00:11:24,569 [INFO] HwResourcesManager:244 - mpcwm FMC Bank1 added
2023-12-31 00:11:24,572 [INFO] HwResourcesManager:244 - mpcwm FMC Bank3 added
2023-12-31 00:11:24,577 [INFO] HwResourcesManager:244 - mpcwm Backup SRAM added
2023-12-31 00:11:24,580 [INFO] HwResourcesManager:244 - mpcwm OctoSPI2 added
2023-12-31 00:11:24,584 [INFO] HwResourcesManager:244 - mpcwm HSPI1 added
2023-12-31 00:11:24,586 [INFO] HwResourcesManager:244 - mpcwm Flash Bank1 added
2023-12-31 00:11:24,591 [INFO] HwResourcesManager:244 - mpcwm Flash Bank2 added
2023-12-31 00:11:24,598 [INFO] HwResourcesManager:414 - Memory Region Flash_Bank1_NS added
2023-12-31 00:11:24,598 [INFO] HwResourcesManager:414 - Memory Region Flash_Bank2_NS added
2023-12-31 00:11:24,601 [INFO] HwResourcesManager:414 - Memory Region SRAM1_C_NS added
2023-12-31 00:11:24,601 [INFO] HwResourcesManager:414 - Memory Region SRAM2_C_NS added
2023-12-31 00:11:24,601 [INFO] HwResourcesManager:414 - Memory Region SRAM3_C_NS added
2023-12-31 00:11:24,601 [INFO] HwResourcesManager:414 - Memory Region SRAM5_C_NS added
2023-12-31 00:11:24,605 [INFO] HwResourcesManager:414 - Memory Region Flash_Bank1_S added
2023-12-31 00:11:24,606 [INFO] HwResourcesManager:414 - Memory Region Flash_Bank2_S added
2023-12-31 00:11:24,609 [INFO] HwResourcesManager:414 - Memory Region SRAM1_C_S added
2023-12-31 00:11:24,609 [INFO] HwResourcesManager:414 - Memory Region SRAM2_C_S added
2023-12-31 00:11:24,609 [INFO] HwResourcesManager:414 - Memory Region SRAM3_C_S added
2023-12-31 00:11:24,609 [INFO] HwResourcesManager:414 - Memory Region SRAM5_C_S added
2023-12-31 00:11:24,612 [INFO] HwResourcesManager:414 - Memory Region SRAM1_NS added
2023-12-31 00:11:24,612 [INFO] HwResourcesManager:414 - Memory Region SRAM2_NS added
2023-12-31 00:11:24,612 [INFO] HwResourcesManager:414 - Memory Region SRAM3_NS added
2023-12-31 00:11:24,612 [INFO] HwResourcesManager:414 - Memory Region SRAM5_NS added
2023-12-31 00:11:24,615 [INFO] HwResourcesManager:414 - Memory Region SRAM4_SRD_NS added
2023-12-31 00:11:24,619 [INFO] HwResourcesManager:414 - Memory Region SRAM1_S added
2023-12-31 00:11:24,619 [INFO] HwResourcesManager:414 - Memory Region SRAM2_S added
2023-12-31 00:11:24,619 [INFO] HwResourcesManager:414 - Memory Region SRAM3_S added
2023-12-31 00:11:24,619 [INFO] HwResourcesManager:414 - Memory Region SRAM5_S added
2023-12-31 00:11:24,622 [INFO] HwResourcesManager:414 - Memory Region SRAM4_SRD_S added
2023-12-31 00:11:24,626 [INFO] HwResourcesManager:414 - Memory Region Backup_SRAM_NS added
2023-12-31 00:11:24,630 [INFO] HwResourcesManager:414 - Memory Region Backup_SRAM_S added
2023-12-31 00:11:29,637 [INFO] UtilMem:75 - Begin LoadConfig() Used Memory: 424700184 Bytes (1073741824)
2023-12-31 00:11:29,638 [INFO] MicroXplorer:468 - Change Database Path : 
2023-12-31 00:11:29,638 [INFO] MicroXplorer:498 - Change Database Version : DB.6.0.100
2023-12-31 00:11:29,638 [INFO] OpenFileManager:312 - Change cursor
2023-12-31 00:11:29,795 [INFO] Mcu:2016 - Initializing MCU STM32G071G8Ux STM32G071G8Ux STM32G071G8U6
2023-12-31 00:11:32,056 [INFO] Context:659 - Trying to add GPIOservice into a context  which must be forbidden
2023-12-31 00:11:32,439 [INFO] ImportTextPane:194 - (OptionalMessage_ERROR) Unable to find key (Mcu.ThirdPartyNb) in loaded IOC file
2023-12-31 00:11:32,439 [INFO] ImportTextPane:194 - (OptionalMessage_ERROR) Unable to find key (Mcu.PinsNb) in loaded IOC file
2023-12-31 00:11:32,439 [INFO] ImportTextPane:194 - (OptionalMessage_ERROR) Unable to find key (Mcu.IPNb) in loaded IOC file
2023-12-31 00:11:32,635 [INFO] RtosManager:555 - Registered RTOS mode: class=CMSIS, group=RTOS, mode=CMSIS_V1, owner=FREERTOS
2023-12-31 00:11:32,635 [INFO] RtosManager:555 - Registered RTOS mode: class=CMSIS, group=RTOS2, mode=CMSIS_V2, owner=FREERTOS
2023-12-31 00:11:32,635 [INFO] RtosManager:555 - Registered RTOS mode: class=RTOS, group=Core, mode=CMSIS_V1, owner=FREERTOS
2023-12-31 00:11:32,635 [INFO] RtosManager:555 - Registered RTOS mode: class=RTOS, group=Core, mode=CMSIS_V2, owner=FREERTOS
2023-12-31 00:11:32,635 [WARN] ModelIntegratedComponent:184 - Missing modes for component STMicroelectronics:FreeRTOS:0.0.1:STMicroelectronics:RTOS:FreeRTOS:Core:::10.2.0:
2023-12-31 00:11:32,641 [WARN] ModelIntegratedComponent:63 - No mode defined for component null
2023-12-31 00:11:32,641 [WARN] ModelIntegratedComponent:63 - No mode defined for component null
2023-12-31 00:11:32,642 [WARN] ModelIntegratedComponent:63 - No mode defined for component null
2023-12-31 00:11:32,642 [WARN] ModelIntegratedComponent:63 - No mode defined for component null
2023-12-31 00:11:32,642 [WARN] ModelIntegratedComponent:63 - No mode defined for component null
2023-12-31 00:11:32,642 [WARN] ModelIntegratedComponent:63 - No mode defined for component null
2023-12-31 00:11:32,642 [WARN] ModelIntegratedComponent:63 - No mode defined for component null
2023-12-31 00:11:32,642 [WARN] ModelIntegratedComponent:63 - No mode defined for component null
2023-12-31 00:11:32,642 [WARN] ModelIntegratedComponent:63 - No mode defined for component null
2023-12-31 00:11:32,642 [WARN] ModelIntegratedComponent:63 - No mode defined for component null
2023-12-31 00:11:32,642 [WARN] ModelIntegratedComponent:63 - No mode defined for component null
2023-12-31 00:11:32,643 [WARN] ModelIntegratedComponent:63 - No mode defined for component null
2023-12-31 00:11:32,643 [WARN] ModelIntegratedComponent:63 - No mode defined for component null
2023-12-31 00:11:32,643 [WARN] ModelIntegratedComponent:63 - No mode defined for component null
2023-12-31 00:11:32,643 [WARN] ModelIntegratedComponent:63 - No mode defined for component null
2023-12-31 00:11:32,643 [WARN] ModelIntegratedComponent:63 - No mode defined for component null
2023-12-31 00:11:32,643 [WARN] ModelIntegratedComponent:63 - No mode defined for component null
2023-12-31 00:11:32,643 [WARN] ModelIntegratedComponent:63 - No mode defined for component null
2023-12-31 00:11:32,643 [WARN] ModelIntegratedComponent:63 - No mode defined for component null
2023-12-31 00:11:32,643 [WARN] ModelIntegratedComponent:63 - No mode defined for component null
2023-12-31 00:11:32,643 [WARN] ModelIntegratedComponent:63 - No mode defined for component null
2023-12-31 00:11:32,643 [WARN] ModelIntegratedComponent:63 - No mode defined for component null
2023-12-31 00:11:32,643 [WARN] ModelIntegratedComponent:63 - No mode defined for component null
2023-12-31 00:11:32,643 [WARN] ModelIntegratedComponent:63 - No mode defined for component null
2023-12-31 00:11:32,643 [WARN] ModelIntegratedComponent:63 - No mode defined for component null
2023-12-31 00:11:32,643 [WARN] ModelIntegratedComponent:63 - No mode defined for component null
2023-12-31 00:11:32,644 [WARN] ModelIntegratedComponent:63 - No mode defined for component null
2023-12-31 00:11:32,644 [WARN] ModelIntegratedComponent:63 - No mode defined for component null
2023-12-31 00:11:32,644 [WARN] ModelIntegratedComponent:63 - No mode defined for component null
2023-12-31 00:11:32,644 [WARN] ModelIntegratedComponent:63 - No mode defined for component null
2023-12-31 00:11:32,644 [WARN] ModelIntegratedComponent:63 - No mode defined for component null
2023-12-31 00:11:32,644 [WARN] ModelIntegratedComponent:63 - No mode defined for component null
2023-12-31 00:11:32,644 [WARN] ModelIntegratedComponent:63 - No mode defined for component null
2023-12-31 00:11:33,051 [INFO] ThirdPartyModel:298 - Start build external matchings
2023-12-31 00:11:37,888 [INFO] ThirdPartyModel:316 - End build external matchings
2023-12-31 00:11:38,289 [INFO] UtilMem:75 - End LoadConfig() Used Memory: 791582312 Bytes (1073741824)
2023-12-31 00:11:38,305 [INFO] MicroXplorer:468 - Change Database Path : 
2023-12-31 00:11:38,306 [INFO] MicroXplorer:498 - Change Database Version : DB.6.0.100
2023-12-31 00:11:38,306 [WARN] ThirdParty:833 - waiting for thirdparty lock release [change project]
2023-12-31 00:11:38,306 [INFO] ThirdParty:835 - entering critical section [change project]
2023-12-31 00:11:38,306 [INFO] ThirdParty:1030 - CMSIS Pack Vendor :STMicroelectronics USBPD 4.1
2023-12-31 00:11:38,306 [INFO] ThirdParty:1030 - CMSIS Pack Vendor :STMicroelectronics X-CUBE-GNSS1 6.0.0
2023-12-31 00:11:38,306 [INFO] ThirdParty:1030 - CMSIS Pack Vendor :STMicroelectronics USB_HOST 2.0.0
2023-12-31 00:11:38,306 [INFO] ThirdParty:1030 - CMSIS Pack Vendor :STMicroelectronics X-CUBE-AZRTOS-F4 1.1.0
2023-12-31 00:11:38,306 [INFO] ThirdParty:1030 - CMSIS Pack Vendor :STMicroelectronics LIBJPEG 8.0.0
2023-12-31 00:11:38,306 [INFO] ThirdParty:1030 - CMSIS Pack Vendor :wolfSSL I-CUBE-wolfSSL 5.6.4
2023-12-31 00:11:38,306 [INFO] ThirdParty:1030 - CMSIS Pack Vendor :STMicroelectronics X-CUBE-SMBUS 2.1.0
2023-12-31 00:11:38,306 [INFO] ThirdParty:1030 - CMSIS Pack Vendor :STMicroelectronics X-CUBE-TOUCHGFX 4.23.0
2023-12-31 00:11:38,307 [INFO] ThirdParty:1030 - CMSIS Pack Vendor :STMicroelectronics X-CUBE-MEMS1 9.2.0
2023-12-31 00:11:38,307 [INFO] ThirdParty:1030 - CMSIS Pack Vendor :STMicroelectronics X-CUBE-BLEMGR 1.2.0
2023-12-31 00:11:38,307 [INFO] ThirdParty:1030 - CMSIS Pack Vendor :STMicroelectronics X-CUBE-AZRTOS-F7 1.1.0
2023-12-31 00:11:38,307 [INFO] ThirdParty:1030 - CMSIS Pack Vendor :STMicroelectronics X-CUBE-AZRTOS-L5 2.0.0
2023-12-31 00:11:38,307 [INFO] ThirdParty:1030 - CMSIS Pack Vendor :STMicroelectronics USB_DEVICE 2.0.0
2023-12-31 00:11:38,307 [INFO] ThirdParty:1030 - CMSIS Pack Vendor :STMicroelectronics X-CUBE-MEMS1 9.6.0
2023-12-31 00:11:38,307 [INFO] ThirdParty:1030 - CMSIS Pack Vendor :STMicroelectronics X-CUBE-EEPRMA1 4.2.0
2023-12-31 00:11:38,307 [INFO] ThirdParty:1030 - CMSIS Pack Vendor :ITTIA_DB I-CUBE-ITTIADB 8.8.0
2023-12-31 00:11:38,307 [INFO] ThirdParty:1030 - CMSIS Pack Vendor :STMicroelectronics FP-SNS-MOTENV1 4.3.0
2023-12-31 00:11:38,307 [INFO] ThirdParty:1030 - CMSIS Pack Vendor :STMicroelectronics FP-SNS-MOTENV1 4.3.2
2023-12-31 00:11:38,307 [INFO] ThirdParty:1030 - CMSIS Pack Vendor :STMicroelectronics FP-SNS-FLIGHT1 5.0.0
2023-12-31 00:11:38,307 [INFO] ThirdParty:1030 - CMSIS Pack Vendor :STMicroelectronics FP-SNS-MOTENV1 4.3.1
2023-12-31 00:11:38,308 [INFO] ThirdParty:1030 - CMSIS Pack Vendor :STMicroelectronics FP-SNS-FLIGHT1 5.0.1
2023-12-31 00:11:38,308 [INFO] ThirdParty:1030 - CMSIS Pack Vendor :STMicroelectronics X-CUBE-BLE1 6.2.3
2023-12-31 00:11:38,308 [INFO] ThirdParty:1030 - CMSIS Pack Vendor :STMicroelectronics X-CUBE-BLE1 6.2.4
2023-12-31 00:11:38,308 [INFO] ThirdParty:1030 - CMSIS Pack Vendor :STMicroelectronics FreeRTOS 0.0.1
2023-12-31 00:11:38,308 [INFO] ThirdParty:1030 - CMSIS Pack Vendor :STMicroelectronics X-CUBE-BLEMGR 2.0.0
2023-12-31 00:11:38,308 [INFO] ThirdParty:1030 - CMSIS Pack Vendor :STMicroelectronics FP-SNS-FLIGHT1 5.0.2
2023-12-31 00:11:38,308 [INFO] ThirdParty:1030 - CMSIS Pack Vendor :STMicroelectronics X-CUBE-NFC4 2.0.5
2023-12-31 00:11:38,308 [INFO] ThirdParty:1030 - CMSIS Pack Vendor :STMicroelectronics X-CUBE-NFC4 2.0.4
2023-12-31 00:11:38,308 [INFO] ThirdParty:1030 - CMSIS Pack Vendor :STMicroelectronics X-CUBE-AZRTOS-H7 3.1.0
2023-12-31 00:11:38,308 [INFO] ThirdParty:1030 - CMSIS Pack Vendor :STMicroelectronics PDM2PCM 3.3.0
2023-12-31 00:11:38,308 [INFO] ThirdParty:1030 - CMSIS Pack Vendor :STMicroelectronics X-CUBE-TOF1 3.1.0
2023-12-31 00:11:38,308 [INFO] ThirdParty:1030 - CMSIS Pack Vendor :STMicroelectronics X-CUBE-DISPLAY 3.0.0
2023-12-31 00:11:38,308 [INFO] ThirdParty:1030 - CMSIS Pack Vendor :STMicroelectronics X-CUBE-AZRTOS-F4 1.0.0
2023-12-31 00:11:38,308 [INFO] ThirdParty:1030 - CMSIS Pack Vendor :STMicroelectronics X-CUBE-BLE1 7.0.0
2023-12-31 00:11:38,308 [INFO] ThirdParty:1030 - CMSIS Pack Vendor :STMicroelectronics HAL Drivers 0.0.0
2023-12-31 00:11:38,308 [INFO] ThirdParty:1030 - CMSIS Pack Vendor :emotas I-CUBE-CANOPEN 1.3.0
2023-12-31 00:11:38,309 [INFO] ThirdParty:1030 - CMSIS Pack Vendor :STMicroelectronics X-CUBE-TOUCHGFX 4.22.0
2023-12-31 00:11:38,309 [INFO] ThirdParty:1030 - CMSIS Pack Vendor :STMicroelectronics X-CUBE-NFC7 1.0.1
2023-12-31 00:11:38,309 [INFO] ThirdParty:1030 - CMSIS Pack Vendor :STMicroelectronics MBEDTLS 2.14.1
2023-12-31 00:11:38,309 [INFO] ThirdParty:1030 - CMSIS Pack Vendor :STMicroelectronics X-CUBE-NFC7 1.0.0
2023-12-31 00:11:38,309 [INFO] ThirdParty:1030 - CMSIS Pack Vendor :STMicroelectronics X-CUBE-TOUCHGFX 4.22.1
2023-12-31 00:11:38,309 [INFO] ThirdParty:1030 - CMSIS Pack Vendor :STMicroelectronics X-CUBE-NFC6 3.0.0
2023-12-31 00:11:38,309 [INFO] ThirdParty:1030 - CMSIS Pack Vendor :STMicroelectronics X-CUBE-MEMS1 9.3.0
2023-12-31 00:11:38,309 [INFO] ThirdParty:1030 - CMSIS Pack Vendor :STMicroelectronics X-CUBE-EEPRMA1 4.1.0
2023-12-31 00:11:38,309 [INFO] ThirdParty:1030 - CMSIS Pack Vendor :STMicroelectronics X-CUBE-AI 7.2.0
2023-12-31 00:11:38,309 [INFO] ThirdParty:1030 - CMSIS Pack Vendor :STMicroelectronics FP-SNS-SMARTAG2 1.2.0
2023-12-31 00:11:38,309 [INFO] ThirdParty:1030 - CMSIS Pack Vendor :STMicroelectronics X-CUBE-AZRTOS-WL 2.0.0
2023-12-31 00:11:38,309 [INFO] ThirdParty:1030 - CMSIS Pack Vendor :STMicroelectronics USB_DEVICE 1.0.0
2023-12-31 00:11:38,309 [INFO] ThirdParty:1030 - CMSIS Pack Vendor :STMicroelectronics X-CUBE-AI 8.1.0
2023-12-31 00:11:38,309 [INFO] ThirdParty:1030 - CMSIS Pack Vendor :STMicroelectronics X-CUBE-AZRTOS-L4 2.0.0
2023-12-31 00:11:38,309 [INFO] ThirdParty:1030 - CMSIS Pack Vendor :STMicroelectronics ThreadX 0.0.2
2023-12-31 00:11:38,309 [INFO] ThirdParty:1030 - CMSIS Pack Vendor :WES I-CUBE-Cesium 1.3.0
2023-12-31 00:11:38,309 [INFO] ThirdParty:1030 - CMSIS Pack Vendor :STMicroelectronics lwIP 2.1.2
2023-12-31 00:11:38,309 [INFO] ThirdParty:1030 - CMSIS Pack Vendor :STMicroelectronics X-CUBE-SFXS2LP1 4.0.0
2023-12-31 00:11:38,309 [INFO] ThirdParty:1030 - CMSIS Pack Vendor :STMicroelectronics X-CUBE-BLE2 3.3.0
2023-12-31 00:11:38,309 [INFO] ThirdParty:1030 - CMSIS Pack Vendor :STMicroelectronics X-CUBE-DISPLAY 2.2.0
2023-12-31 00:11:38,310 [INFO] ThirdParty:1030 - CMSIS Pack Vendor :STMicroelectronics X-CUBE-TOF1 3.2.0
2023-12-31 00:11:38,310 [INFO] ThirdParty:1030 - CMSIS Pack Vendor :STMicroelectronics PDM2PCM 3.2.0
2023-12-31 00:11:38,310 [INFO] ThirdParty:1030 - CMSIS Pack Vendor :STMicroelectronics X-CUBE-AZRTOS-H7 3.0.0
2023-12-31 00:11:38,310 [INFO] ThirdParty:1030 - CMSIS Pack Vendor :STMicroelectronics X-CUBE-ISPU 1.0.0
2023-12-31 00:11:38,310 [INFO] ThirdParty:1030 - CMSIS Pack Vendor :STMicroelectronics X-CUBE-ISPU 1.1.0
2023-12-31 00:11:38,310 [INFO] ThirdParty:1030 - CMSIS Pack Vendor :RoweBots I-CUBE-UNISONRTOS 5.5.0-4
2023-12-31 00:11:38,310 [INFO] ThirdParty:1030 - CMSIS Pack Vendor :STMicroelectronics X-CUBE-AZRTOS-H7 2.1.0
2023-12-31 00:11:38,310 [INFO] ThirdParty:1030 - CMSIS Pack Vendor :STMicroelectronics USB_DEVICE 3.0.0
2023-12-31 00:11:38,310 [INFO] ThirdParty:1030 - CMSIS Pack Vendor :STMicroelectronics X-CUBE-AI 8.0.0
2023-12-31 00:11:38,310 [INFO] ThirdParty:1030 - CMSIS Pack Vendor :STMicroelectronics X-CUBE-AZRTOS-WB 2.0.0
2023-12-31 00:11:38,310 [INFO] ThirdParty:1030 - CMSIS Pack Vendor :STMicroelectronics X-CUBE-FREERTOS 1.0.0
2023-12-31 00:11:38,310 [INFO] ThirdParty:1030 - CMSIS Pack Vendor :STMicroelectronics X-CUBE-FREERTOS 1.0.1
2023-12-31 00:11:38,310 [INFO] ThirdParty:1030 - CMSIS Pack Vendor :STMicroelectronics X-CUBE-TOUCHGFX 4.21.1
2023-12-31 00:11:38,310 [INFO] ThirdParty:1030 - CMSIS Pack Vendor :STMicroelectronics X-CUBE-TOUCHGFX 4.21.0
2023-12-31 00:11:38,310 [INFO] ThirdParty:1030 - CMSIS Pack Vendor :STMicroelectronics X-CUBE-TOUCHGFX 4.21.3
2023-12-31 00:11:38,310 [INFO] ThirdParty:1030 - CMSIS Pack Vendor :STMicroelectronics X-CUBE-BLEMGR 1.0.0
2023-12-31 00:11:38,310 [INFO] ThirdParty:1030 - CMSIS Pack Vendor :STMicroelectronics X-CUBE-TOUCHGFX 4.21.4
2023-12-31 00:11:38,310 [INFO] ThirdParty:1030 - CMSIS Pack Vendor :STMicroelectronics X-CUBE-MEMS1 9.4.0
2023-12-31 00:11:38,310 [INFO] ThirdParty:1030 - CMSIS Pack Vendor :STMicroelectronics X-CUBE-AI 7.3.0
2023-12-31 00:11:38,310 [INFO] ThirdParty:1030 - CMSIS Pack Vendor :STMicroelectronics X-CUBE-ALGOBUILD 1.3.0
2023-12-31 00:11:38,310 [INFO] ThirdParty:1030 - CMSIS Pack Vendor :STMicroelectronics X-CUBE-AZRTOS-L5 1.1.0
2023-12-31 00:11:38,310 [INFO] ThirdParty:1030 - CMSIS Pack Vendor :STMicroelectronics X-CUBE-AZRTOS-G0 1.1.0
2023-12-31 00:11:38,310 [INFO] ThirdParty:1030 - CMSIS Pack Vendor :STMicroelectronics X-CUBE-AI 8.0.1
2023-12-31 00:11:38,310 [INFO] ThirdParty:1030 - CMSIS Pack Vendor :STMicroelectronics X-CUBE-NFC4 3.0.0
2023-12-31 00:11:38,310 [INFO] ThirdParty:1030 - CMSIS Pack Vendor :SEGGER I-CUBE-embOS 1.2.0
2023-12-31 00:11:38,310 [INFO] ThirdParty:1030 - CMSIS Pack Vendor :STMicroelectronics X-CUBE-SUBG2 5.0.0
2023-12-31 00:11:38,310 [INFO] ThirdParty:1030 - CMSIS Pack Vendor :STMicroelectronics STM32_WPAN 1.0.0
2023-12-31 00:11:38,310 [INFO] ThirdParty:1030 - CMSIS Pack Vendor :STMicroelectronics lwIP 2.0.3
2023-12-31 00:11:38,311 [INFO] ThirdParty:1030 - CMSIS Pack Vendor :STMicroelectronics USB_HOST 1.0.0
2023-12-31 00:11:38,311 [INFO] ThirdParty:1030 - CMSIS Pack Vendor :STMicroelectronics X-CUBE-TOF1 3.3.1
2023-12-31 00:11:38,311 [INFO] ThirdParty:1030 - CMSIS Pack Vendor :STMicroelectronics X-CUBE-AZRTOS-G4 2.0.0
2023-12-31 00:11:38,311 [INFO] ThirdParty:1030 - CMSIS Pack Vendor :STMicroelectronics PDM2PCM 3.1.0
2023-12-31 00:11:38,311 [INFO] ThirdParty:1030 - CMSIS Pack Vendor :STMicroelectronics X-CUBE-TOF1 3.3.0
2023-12-31 00:11:38,311 [INFO] ThirdParty:1030 - CMSIS Pack Vendor :STMicroelectronics FP-ATR-ASTRA1 1.1.1
2023-12-31 00:11:38,311 [INFO] ThirdParty:1030 - CMSIS Pack Vendor :Infineon AIROC-Wi-Fi-Bluetooth-STM32 1.5.1
2023-12-31 00:11:38,311 [INFO] ThirdParty:1030 - CMSIS Pack Vendor :STMicroelectronics X-CUBE-BLEMGR 3.0.0
2023-12-31 00:11:38,311 [INFO] ThirdParty:1030 - CMSIS Pack Vendor :STMicroelectronics FP-ATR-ASTRA1 1.1.0
2023-12-31 00:11:38,311 [INFO] ThirdParty:1030 - CMSIS Pack Vendor :STMicroelectronics X-CUBE-BLEMGR 1.3.0
2023-12-31 00:11:38,311 [INFO] ThirdParty:1030 - CMSIS Pack Vendor :STMicroelectronics FP-SNS-MOTENVWB1 1.3.0
2023-12-31 00:11:38,311 [INFO] ThirdParty:1030 - CMSIS Pack Vendor :STMicroelectronics FP-SNS-MOTENVWB1 1.3.1
2023-12-31 00:11:38,311 [INFO] ThirdParty:1030 - CMSIS Pack Vendor :STMicroelectronics FP-ATR-SIGFOX1 3.2.0
2023-12-31 00:11:38,311 [INFO] ThirdParty:1030 - CMSIS Pack Vendor :STMicroelectronics X-CUBE-AZRTOS-G4 1.0.0
2023-12-31 00:11:38,311 [INFO] ThirdParty:1030 - CMSIS Pack Vendor :wolfSSL I-CUBE-wolfSSL 5.3.0
2023-12-31 00:11:38,311 [INFO] ThirdParty:1030 - CMSIS Pack Vendor :STMicroelectronics X-CUBE-AZRTOS-L4 1.0.0
2023-12-31 00:11:38,311 [INFO] ThirdParty:1030 - CMSIS Pack Vendor :STMicroelectronics X-CUBE-ISPU 2.0.0
2023-12-31 00:11:38,311 [INFO] ThirdParty:1030 - CMSIS Pack Vendor :STMicroelectronics MBEDTLS 2.16.2
2023-12-31 00:11:38,311 [INFO] ThirdParty:1030 - CMSIS Pack Vendor :emotas I-CUBE-CANOPEN 1.1.2
2023-12-31 00:11:38,311 [INFO] ThirdParty:1030 - CMSIS Pack Vendor :STMicroelectronics X-CUBE-TOUCHGFX 4.20.0
2023-12-31 00:11:38,311 [INFO] ThirdParty:1030 - CMSIS Pack Vendor :STMicroelectronics X-CUBE-MEMS1 10.0.0
2023-12-31 00:11:38,311 [INFO] ThirdParty:1030 - CMSIS Pack Vendor :STMicroelectronics X-CUBE-FREERTOS 1.1.0
2023-12-31 00:11:38,311 [INFO] ThirdParty:1030 - CMSIS Pack Vendor :STMicroelectronics X-CUBE-AZRTOS-WL 1.0.0
2023-12-31 00:11:38,311 [INFO] ThirdParty:1030 - CMSIS Pack Vendor :portGmbH I-Cube-SoM-uGOAL 1.1.0
2023-12-31 00:11:38,311 [INFO] ThirdParty:1030 - CMSIS Pack Vendor :STMicroelectronics X-CUBE-ALS 1.0.1
2023-12-31 00:11:38,311 [INFO] ThirdParty:1030 - CMSIS Pack Vendor :STMicroelectronics X-CUBE-MEMS1 9.5.0
2023-12-31 00:11:38,311 [INFO] ThirdParty:1030 - CMSIS Pack Vendor :STMicroelectronics ThreadX 1.0.0
2023-12-31 00:11:38,311 [INFO] ThirdParty:1030 - CMSIS Pack Vendor :STMicroelectronics X-CUBE-AZRTOS-WB 1.1.0
2023-12-31 00:11:38,311 [INFO] ThirdParty:1030 - CMSIS Pack Vendor :SEGGER I-CUBE-embOS 1.3.1
2023-12-31 00:11:38,312 [INFO] ThirdParty:1030 - CMSIS Pack Vendor :STMicroelectronics X-CUBE-AZRTOS-L5 1.0.0
2023-12-31 00:11:38,312 [INFO] ThirdParty:1030 - CMSIS Pack Vendor :STMicroelectronics X-CUBE-EEPRMA1 3.1.1
2023-12-31 00:11:38,312 [INFO] ThirdParty:1030 - CMSIS Pack Vendor :STMicroelectronics FP-ATR-ASTRA1 2.0.0
2023-12-31 00:11:38,312 [INFO] ThirdParty:1030 - CMSIS Pack Vendor :STMicroelectronics X-CUBE-TOF1 3.4.0
2023-12-31 00:11:38,312 [INFO] ThirdParty:1030 - CMSIS Pack Vendor :STMicroelectronics X-CUBE-AZRTOS-H7 3.2.0
2023-12-31 00:11:38,312 [INFO] ThirdParty:841 - exiting critical section [change project]
2023-12-31 00:11:38,560 [INFO] PinOutPanel:1499 - setPackage(No Configuration,No Configuration)
2023-12-31 00:11:38,564 [INFO] PinOutPanel:1499 - setPackage(STM32G071G8Ux,UFQFPN28)
2023-12-31 00:11:39,169 [INFO] UtilMem:75 - Before build in PCC Used Memory: 426247384 Bytes (1073741824)
2023-12-31 00:11:39,505 [INFO] UserBatteryFile:101 - LiPo 300mAh 300.0 0.1 3.7 300.0 0.0
2023-12-31 00:11:39,577 [INFO] UtilMem:75 - After build in PCC Used Memory: 500696280 Bytes (1073741824)
2023-12-31 00:11:39,624 [INFO] IPUIPlugin:80 - create IPUIPlugin
2023-12-31 00:11:39,624 [INFO] IPUIPlugin:80 - create IPUIPlugin
2023-12-31 00:11:39,625 [INFO] IPUIPlugin:80 - create IPUIPlugin
2023-12-31 00:11:39,625 [INFO] IPUIPlugin:80 - create IPUIPlugin
2023-12-31 00:11:39,625 [INFO] IPUIPlugin:80 - create IPUIPlugin
2023-12-31 00:11:39,625 [INFO] IPUIPlugin:80 - create IPUIPlugin
2023-12-31 00:11:39,626 [INFO] IPUIPlugin:80 - create IPUIPlugin
2023-12-31 00:11:39,626 [INFO] IPUIPlugin:80 - create IPUIPlugin
2023-12-31 00:11:39,626 [INFO] IPUIPlugin:80 - create IPUIPlugin
2023-12-31 00:11:39,627 [INFO] IPUIPlugin:80 - create IPUIPlugin
2023-12-31 00:11:39,627 [INFO] IPUIPlugin:80 - create IPUIPlugin
2023-12-31 00:11:39,627 [INFO] IPUIPlugin:80 - create IPUIPlugin
2023-12-31 00:11:39,627 [INFO] IPUIPlugin:80 - create IPUIPlugin
2023-12-31 00:11:39,627 [INFO] IPUIPlugin:80 - create IPUIPlugin
2023-12-31 00:11:39,628 [INFO] IPUIPlugin:80 - create IPUIPlugin
2023-12-31 00:11:39,628 [INFO] IPUIPlugin:80 - create IPUIPlugin
2023-12-31 00:11:39,628 [INFO] IPUIPlugin:80 - create IPUIPlugin
2023-12-31 00:11:39,628 [INFO] IPUIPlugin:80 - create IPUIPlugin
2023-12-31 00:11:39,629 [INFO] IPUIPlugin:80 - create IPUIPlugin
2023-12-31 00:11:39,629 [INFO] IPUIPlugin:80 - create IPUIPlugin
2023-12-31 00:11:39,629 [INFO] IPUIPlugin:80 - create IPUIPlugin
2023-12-31 00:11:39,629 [INFO] IPUIPlugin:80 - create IPUIPlugin
2023-12-31 00:11:39,629 [INFO] IPUIPlugin:80 - create IPUIPlugin
2023-12-31 00:11:39,630 [INFO] IPUIPlugin:80 - create IPUIPlugin
2023-12-31 00:11:39,630 [INFO] IPUIPlugin:80 - create IPUIPlugin
2023-12-31 00:11:39,630 [INFO] IPUIPlugin:80 - create IPUIPlugin
2023-12-31 00:11:39,630 [INFO] IPUIPlugin:80 - create IPUIPlugin
2023-12-31 00:11:39,631 [INFO] IPUIPlugin:80 - create IPUIPlugin
2023-12-31 00:11:39,631 [INFO] IPUIPlugin:80 - create IPUIPlugin
2023-12-31 00:11:39,631 [INFO] IPUIPlugin:80 - create IPUIPlugin
2023-12-31 00:11:39,631 [INFO] IPUIPlugin:80 - create IPUIPlugin
2023-12-31 00:11:39,631 [INFO] IPUIPlugin:80 - create IPUIPlugin
2023-12-31 00:11:39,632 [INFO] IPUIPlugin:80 - create IPUIPlugin
2023-12-31 00:11:39,632 [INFO] IPUIPlugin:80 - create IPUIPlugin
2023-12-31 00:11:39,632 [INFO] IPUIPlugin:80 - create IPUIPlugin
2023-12-31 00:11:39,633 [INFO] IPUIPlugin:80 - create IPUIPlugin
2023-12-31 00:11:39,633 [INFO] IPUIPlugin:80 - create IPUIPlugin
2023-12-31 00:11:39,633 [INFO] IPUIPlugin:80 - create IPUIPlugin
2023-12-31 00:11:39,634 [INFO] IPUIPlugin:80 - create IPUIPlugin
2023-12-31 00:11:39,634 [INFO] IPUIPlugin:80 - create IPUIPlugin
2023-12-31 00:11:39,724 [INFO] CADModel:165 - CPN selected for project levelSTM32G071G8U6
2023-12-31 00:11:39,724 [INFO] CADModel:114 - Register for checkConnection events
2023-12-31 00:11:39,766 [INFO] OpenFileManager:343 - Restore cursor
2023-12-31 00:11:40,890 [INFO] UtilMem:75 - End SaveConfig() Used Memory: 592970968 Bytes (1073741824)
2023-12-31 00:11:45,906 [INFO] AnalyticsPlugin:363 - Accepted License(s) without tracking enabled: [FW.G0.1.6.0]
2023-12-31 00:11:45,907 [INFO] FileExtend:240 - Unzip File : stm32cube_fw_g0_v160.zip
2023-12-31 00:11:45,909 [INFO] FileExtend:255 - Standard Zip Deflate
2023-12-31 00:12:25,231 [INFO] ServerAccessManage:473 - Download File stm32cube_fw_g0_v162.zip
2023-12-31 00:14:02,114 [INFO] FileExtend:240 - Unzip File : stm32cube_fw_g0_v162.zip
2023-12-31 00:14:02,115 [INFO] FileExtend:255 - Standard Zip Deflate
2023-12-31 00:14:31,909 [INFO] LoadServerPackagesThread:196 - End of LoadServerPackages Thread
2023-12-31 00:14:32,154 [INFO] ThirdPartyModel:298 - Start build external matchings
2023-12-31 00:14:32,263 [INFO] UtilMem:75 - End SaveConfig() Used Memory: 488777824 Bytes (1073741824)
2023-12-31 00:14:33,420 [INFO] BlockDiagram:2759 - set Specific Code input for plugin: RCC
2023-12-31 00:14:33,420 [INFO] BlockDiagram:2759 - set Specific Code input for plugin: NVIC
2023-12-31 00:14:33,423 [INFO] CodeGenerator:807 - code generatio: config db path: C:\ST\STM32CubeIDE_1.10.1\STM32CubeIDE\plugins\com.st.stm32cube.common.mx_6.10.0.202311202037\\db\
2023-12-31 00:14:33,956 [INFO] CodeEngine:255 - oldGeneratedFile, C:\Users\bens1\Documents\Other\Projects\Smart-Watch\Firmware\STM32\rfid_module_default_configuration\MXTmpFiles\license.tmp_save
2023-12-31 00:14:34,950 [INFO] CodeEngine:279 - Generated code: C:\Users\bens1\Documents\Other\Projects\Smart-Watch\Firmware\STM32\rfid_module_default_configuration\MXTmpFiles\license.tmp
2023-12-31 00:14:35,023 [INFO] CodeEngine:255 - oldGeneratedFile, C:\Users\bens1\Documents\Other\Projects\Smart-Watch\Firmware\STM32\rfid_module_default_configuration\Core\Src\stm32g0xx_it.c_save
2023-12-31 00:14:35,651 [INFO] CodeEngine:279 - Generated code: C:\Users\bens1\Documents\Other\Projects\Smart-Watch\Firmware\STM32\rfid_module_default_configuration\Core\Src\stm32g0xx_it.c
2023-12-31 00:14:35,705 [INFO] CodeEngine:255 - oldGeneratedFile, C:\Users\bens1\Documents\Other\Projects\Smart-Watch\Firmware\STM32\rfid_module_default_configuration\Core\Inc\stm32g0xx_it.h_save
2023-12-31 00:14:36,263 [INFO] CodeEngine:279 - Generated code: C:\Users\bens1\Documents\Other\Projects\Smart-Watch\Firmware\STM32\rfid_module_default_configuration\Core\Inc\stm32g0xx_it.h
2023-12-31 00:14:36,529 [INFO] CodeEngine:255 - oldGeneratedFile, C:\Users\bens1\Documents\Other\Projects\Smart-Watch\Firmware\STM32\rfid_module_default_configuration\Core\Src\stm32g0xx_hal_msp.c_save
2023-12-31 00:14:37,095 [INFO] CodeEngine:279 - Generated code: C:\Users\bens1\Documents\Other\Projects\Smart-Watch\Firmware\STM32\rfid_module_default_configuration\Core\Src\stm32g0xx_hal_msp.c
2023-12-31 00:14:37,133 [INFO] CodeEngine:255 - oldGeneratedFile, C:\Users\bens1\Documents\Other\Projects\Smart-Watch\Firmware\STM32\rfid_module_default_configuration\MXTmpFiles\system.tmp_save
2023-12-31 00:14:37,329 [INFO] CodeEngine:279 - Generated code: C:\Users\bens1\Documents\Other\Projects\Smart-Watch\Firmware\STM32\rfid_module_default_configuration\MXTmpFiles\system.tmp
2023-12-31 00:14:37,374 [INFO] CodeEngine:311 - oldGeneratedFile, C:\Users\bens1\Documents\Other\Projects\Smart-Watch\Firmware\STM32\rfid_module_default_configuration\Core\Inc\stm32g0xx_hal_conf.h_save
2023-12-31 00:14:37,654 [INFO] CodeEngine:335 - Generated code: C:\Users\bens1\Documents\Other\Projects\Smart-Watch\Firmware\STM32\rfid_module_default_configuration\Core\Inc\stm32g0xx_hal_conf.h
2023-12-31 00:14:37,791 [INFO] CodeEngine:255 - oldGeneratedFile, C:\Users\bens1\Documents\Other\Projects\Smart-Watch\Firmware\STM32\rfid_module_default_configuration\Core\Inc\main.h_save
2023-12-31 00:14:38,102 [INFO] CodeEngine:279 - Generated code: C:\Users\bens1\Documents\Other\Projects\Smart-Watch\Firmware\STM32\rfid_module_default_configuration\Core\Inc\main.h
2023-12-31 00:14:38,137 [INFO] CodeEngine:255 - oldGeneratedFile, C:\Users\bens1\Documents\Other\Projects\Smart-Watch\Firmware\STM32\rfid_module_default_configuration\Core\Src\main.c_save
2023-12-31 00:14:38,499 [INFO] CodeEngine:279 - Generated code: C:\Users\bens1\Documents\Other\Projects\Smart-Watch\Firmware\STM32\rfid_module_default_configuration\Core\Src\main.c
2023-12-31 00:14:39,538 [INFO] ThirdPartyModel:316 - End build external matchings
2023-12-31 00:14:39,545 [INFO] ProjectBuilder:3076 - Time for Copy HAL[1] : 303mS.
2023-12-31 00:14:39,558 [INFO] ProjectBuilder:4485 - Project Generator version: 4.2.0-B44
2023-12-31 00:14:39,613 [INFO] CheckServerUpdateThread:120 - End of CheckServer Thread
2023-12-31 00:14:39,999 [INFO] ConfigFileManager:1495 - The Die is : DIE460
2023-12-31 00:14:40,028 [INFO] ApiDbMcu:508 - Load IP Config File for FATFS
2023-12-31 00:14:40,050 [INFO] ApiDbMcu:508 - Load IP Config File for FREERTOS
2023-12-31 00:14:40,072 [INFO] ApiDbMcu:508 - Load IP Config File for USBPD
