2023-12-31 00:14:42,687 [INFO] LogOutputStream:77 - [STDOUT_REDIRECT] 
2023-12-31 00:14:49,091 [INFO] ProjectBuilder:4747 - Time for Generating toolchain IDE Files: 9532mS.
2023-12-31 00:14:49,094 [INFO] ProjectBuilder:2947 - Time for Copy CMSIS : 2mS.
2023-12-31 00:14:49,102 [INFO] ProjectBuilder:2947 - Time for Copy CMSIS : 0mS.
2023-12-31 00:14:50,765 [INFO] McuFinderGlobals:76 - Set McuFinderConnectedMode to true
2023-12-31 00:14:50,784 [INFO] ApiDb:448 - Save user favorites file C:\Users\bens1/.stm32cubeide/favorites.mcus.txt: 1 item(s)
2023-12-31 00:14:50,784 [INFO] ApiDb:452 - User favorites MCUs=[STM32U575RIT6Q]
2023-12-31 00:15:33,908 [INFO] MainUpdater:2873 - connection check result : 10
2023-12-31 00:15:34,125 [INFO] McuFinderGlobals:76 - Set McuFinderConnectedMode to true
2023-12-31 00:15:34,128 [INFO] MultiScanPanel:200 - Auto-refresh data requested => check proxy status ongoing
2023-12-31 00:15:34,128 [INFO] FinderPluginLoader:95 - Searching for filters in installed packs
2023-12-31 00:15:34,136 [INFO] FinderPluginLoader:108 - Found C:\Users\bens1\STM32Cube\Repository\Packs\STMicroelectronics\X-CUBE-AI\8.0.0\CubeMX\plugins\ip\ai.8.0.0.jar
2023-12-31 00:15:34,136 [INFO] FinderPluginLoader:118 - Loading ai.8.0.0
2023-12-31 00:15:34,151 [INFO] McuExtendedFiltersManager:95 - Add MCU extended filter: Artificial Intelligence
2023-12-31 00:15:34,716 [INFO] AInterface:109 - AInterface using toolDir: C:/Users/bens1/STM32Cube/Repository//Packs/STMicroelectronics/X-CUBE-AI/8.0.0/Utilities/windows
2023-12-31 00:15:35,464 [INFO] LoadUrlFilesThread:185 - End of LoadServerUrlFiles without Thread
2023-12-31 00:15:35,464 [INFO] DetailPanel:341 - Set advertising image to C:/Users/bens1/STM32Cube/Repository/\en.prom-stm32wl3-mcu-finder.jpg
2023-12-31 00:15:54,926 [INFO] ApiDb:581 - Connected to CubeFinder SQLite database (C:\Users\bens1\.stmcufinder\plugins\mcufinder\mcu\cube-finder-db.db)
2023-12-31 00:31:21,302 [INFO] MainUpdater:2873 - connection check result : 10
2023-12-31 00:31:21,302 [INFO] MainUpdater:2873 - connection check result : 10
2023-12-31 00:31:21,323 [INFO] MicroXplorer:468 - Change Database Path : 
2023-12-31 00:31:21,323 [INFO] MicroXplorer:498 - Change Database Version : DB.6.0.100
2023-12-31 00:31:21,336 [ERROR] ProjectManagerView:394 - 
java.lang.NullPointerException: Cannot invoke "javax.swing.JTextField.getText()" because the return value of "java.util.List.get(int)" is null
	at com.st.microxplorer.plugins.projectmanager.gui.ProjectChoiceTab$10.caretUpdate(ProjectChoiceTab.java:2493) ~[filemanager.jar:?]
	at javax.swing.text.JTextComponent.fireCaretUpdate(JTextComponent.java:412) ~[?:?]
	at javax.swing.text.JTextComponent$MutableCaretEvent.fire(JTextComponent.java:4491) ~[?:?]
	at javax.swing.text.JTextComponent$MutableCaretEvent.stateChanged(JTextComponent.java:4513) ~[?:?]
	at javax.swing.text.DefaultCaret.fireStateChanged(DefaultCaret.java:842) ~[?:?]
	at javax.swing.text.DefaultCaret.changeCaretPosition(DefaultCaret.java:1313) ~[?:?]
	at javax.swing.text.DefaultCaret.handleSetDot(DefaultCaret.java:1212) ~[?:?]
	at javax.swing.text.DefaultCaret.setDot(DefaultCaret.java:1193) ~[?:?]
	at javax.swing.text.DefaultCaret$Handler.insertUpdate(DefaultCaret.java:1789) ~[?:?]
	at javax.swing.text.AbstractDocument.fireInsertUpdate(AbstractDocument.java:226) ~[?:?]
	at javax.swing.text.AbstractDocument.handleInsertString(AbstractDocument.java:780) ~[?:?]
	at javax.swing.text.AbstractDocument.insertString(AbstractDocument.java:739) ~[?:?]
	at javax.swing.text.PlainDocument.insertString(PlainDocument.java:131) ~[?:?]
	at javax.swing.text.AbstractDocument.replace(AbstractDocument.java:698) ~[?:?]
	at javax.swing.text.JTextComponent.setText(JTextComponent.java:1729) ~[?:?]
	at com.st.microxplorer.plugins.projectmanager.gui.ProjectChoiceTab.createHeapStackFields(ProjectChoiceTab.java:933) ~[filemanager.jar:?]
	at com.st.microxplorer.plugins.projectmanager.gui.ProjectChoiceTab.buildLinkSettingsPanel(ProjectChoiceTab.java:3426) ~[filemanager.jar:?]
	at com.st.microxplorer.plugins.projectmanager.gui.ProjectChoiceTab.defineWindowsFields(ProjectChoiceTab.java:1813) ~[filemanager.jar:?]
	at com.st.microxplorer.plugins.projectmanager.gui.ProjectChoiceTab.updateSettings(ProjectChoiceTab.java:533) ~[filemanager.jar:?]
	at com.st.microxplorer.plugins.projectmanager.gui.ProjectSettingsPanel.UpdateDialog(ProjectSettingsPanel.java:244) ~[filemanager.jar:?]
	at com.st.microxplorer.plugins.projectmanager.ProjectManagerView.propertyChange(ProjectManagerView.java:391) ~[filemanager.jar:?]
	at java.beans.PropertyChangeSupport.fire(PropertyChangeSupport.java:343) ~[?:?]
	at java.beans.PropertyChangeSupport.firePropertyChange(PropertyChangeSupport.java:335) ~[?:?]
	at java.beans.PropertyChangeSupport.firePropertyChange(PropertyChangeSupport.java:268) ~[?:?]
	at com.st.microxplorer.util.MXPropertyChangeSupport.firePropertyChange(MXPropertyChangeSupport.java:54) ~[STM32CubeMX.jar:?]
	at com.st.microxplorer.mxsystem.MxSystem.closeConfig(MxSystem.java:900) ~[STM32CubeMX.jar:?]
	at com.st.microxplorer.maingui.MainPanel.closeConfig(MainPanel.java:776) ~[STM32CubeMX.jar:?]
	at com.st.microxplorer.plugins.filemanager.engine.OpenFileManager.loadConfigurationFile(OpenFileManager.java:245) ~[filemanager.jar:?]
	at com.st.microxplorer.plugins.filemanager.engine.MainFileManager.userLoadConfig(MainFileManager.java:290) ~[filemanager.jar:?]
	at com.st.microxplorer.plugins.filemanager.FileManagerView.getSpecificTask(FileManagerView.java:247) ~[filemanager.jar:?]
	at com.st.stm32cube.common.mx.editor.CubeMxEditor.getMxTabbedPaneInstance(CubeMxEditor.java:1184) ~[com.st.stm32cube.common.mx_6.10.0.202311202037/:?]
	at com.st.stm32cube.common.mx.editor.CubeMxEditor$12$1.createSwingComponent(CubeMxEditor.java:1065) ~[com.st.stm32cube.common.mx_6.10.0.202311202037/:?]
	at com.st.stm32cube.common.mx.oss.core.awtswtbridge.EmbeddedSwingComposite.doComponentCreation(EmbeddedSwingComposite.java:492) ~[com.st.stm32cube.common.mx.oss_6.10.0.202311202037/:?]
	at com.st.stm32cube.common.mx.oss.core.awtswtbridge.EmbeddedSwingComposite$4.run(EmbeddedSwingComposite.java:291) ~[com.st.stm32cube.common.mx.oss_6.10.0.202311202037/:?]
	at com.st.stm32cube.common.mx.oss.core.awtswtbridge.AwtEnvironment$2.run(AwtEnvironment.java:166) ~[com.st.stm32cube.common.mx.oss_6.10.0.202311202037/:?]
	at java.awt.event.InvocationEvent.dispatch(InvocationEvent.java:318) ~[?:?]
	at java.awt.EventQueue.dispatchEventImpl(EventQueue.java:773) ~[?:?]
	at java.awt.EventQueue$4.run(EventQueue.java:720) ~[?:?]
	at java.awt.EventQueue$4.run(EventQueue.java:714) ~[?:?]
	at java.security.AccessController.doPrivileged(AccessController.java:399) ~[?:?]
	at java.security.ProtectionDomain$JavaSecurityAccessImpl.doIntersectionPrivilege(ProtectionDomain.java:86) ~[?:?]
	at java.awt.EventQueue.dispatchEvent(EventQueue.java:742) ~[?:?]
	at java.awt.EventDispatchThread.pumpOneEventForFilters(EventDispatchThread.java:203) ~[?:?]
	at java.awt.EventDispatchThread.pumpEventsForFilter(EventDispatchThread.java:124) ~[?:?]
	at java.awt.EventDispatchThread.pumpEventsForHierarchy(EventDispatchThread.java:113) ~[?:?]
	at java.awt.EventDispatchThread.pumpEvents(EventDispatchThread.java:109) ~[?:?]
	at java.awt.EventDispatchThread.pumpEvents(EventDispatchThread.java:101) ~[?:?]
	at java.awt.EventDispatchThread.run(EventDispatchThread.java:90) ~[?:?]
2023-12-31 00:31:21,338 [WARN] ThirdParty:871 - waiting for thirdparty lock release [close project]
2023-12-31 00:31:21,338 [INFO] ThirdParty:873 - entering critical section [close project]
2023-12-31 00:31:21,339 [INFO] ThirdParty:883 - exiting critical section [close project]
2023-12-31 00:31:21,341 [INFO] PinOutPanel:1499 - setPackage(No Configuration,No Configuration)
2023-12-31 00:31:21,344 [INFO] UtilMem:75 - Begin LoadConfig() Used Memory: 497468552 Bytes (1048576000)
2023-12-31 00:31:21,345 [INFO] MicroXplorer:468 - Change Database Path : 
2023-12-31 00:31:21,345 [INFO] MicroXplorer:498 - Change Database Version : DB.6.0.100
2023-12-31 00:31:21,345 [INFO] OpenFileManager:312 - Change cursor
2023-12-31 00:31:21,372 [INFO] RulesReader:64 - Compatibility file has been processed (297 Rules)
2023-12-31 00:31:21,380 [INFO] Mcu:2016 - Initializing MCU STM32G071G8Ux STM32G071G8Ux STM32G071G8U6
2023-12-31 00:31:23,405 [INFO] Context:659 - Trying to add GPIOservice into a context  which must be forbidden
2023-12-31 00:31:23,684 [INFO] ImportTextPane:194 - (OptionalMessage_ERROR) Unable to find key (Mcu.ThirdPartyNb) in loaded IOC file
2023-12-31 00:31:23,684 [INFO] ImportTextPane:194 - (OptionalMessage_ERROR) Unable to find key (Mcu.PinsNb) in loaded IOC file
2023-12-31 00:31:23,684 [INFO] ImportTextPane:194 - (OptionalMessage_ERROR) Unable to find key (Mcu.IPNb) in loaded IOC file
2023-12-31 00:31:23,858 [INFO] RtosManager:555 - Registered RTOS mode: class=CMSIS, group=RTOS, mode=CMSIS_V1, owner=FREERTOS
2023-12-31 00:31:23,858 [INFO] RtosManager:555 - Registered RTOS mode: class=CMSIS, group=RTOS2, mode=CMSIS_V2, owner=FREERTOS
2023-12-31 00:31:23,858 [INFO] RtosManager:555 - Registered RTOS mode: class=RTOS, group=Core, mode=CMSIS_V1, owner=FREERTOS
2023-12-31 00:31:23,858 [INFO] RtosManager:555 - Registered RTOS mode: class=RTOS, group=Core, mode=CMSIS_V2, owner=FREERTOS
2023-12-31 00:31:23,858 [WARN] ModelIntegratedComponent:184 - Missing modes for component STMicroelectronics:FreeRTOS:0.0.1:STMicroelectronics:RTOS:FreeRTOS:Core:::10.2.0:
2023-12-31 00:31:23,863 [WARN] ModelIntegratedComponent:63 - No mode defined for component null
2023-12-31 00:31:23,863 [WARN] ModelIntegratedComponent:63 - No mode defined for component null
2023-12-31 00:31:23,863 [WARN] ModelIntegratedComponent:63 - No mode defined for component null
2023-12-31 00:31:23,863 [WARN] ModelIntegratedComponent:63 - No mode defined for component null
2023-12-31 00:31:23,863 [WARN] ModelIntegratedComponent:63 - No mode defined for component null
2023-12-31 00:31:23,863 [WARN] ModelIntegratedComponent:63 - No mode defined for component null
2023-12-31 00:31:23,863 [WARN] ModelIntegratedComponent:63 - No mode defined for component null
2023-12-31 00:31:23,863 [WARN] ModelIntegratedComponent:63 - No mode defined for component null
2023-12-31 00:31:23,864 [WARN] ModelIntegratedComponent:63 - No mode defined for component null
2023-12-31 00:31:23,864 [WARN] ModelIntegratedComponent:63 - No mode defined for component null
2023-12-31 00:31:23,864 [WARN] ModelIntegratedComponent:63 - No mode defined for component null
2023-12-31 00:31:23,864 [WARN] ModelIntegratedComponent:63 - No mode defined for component null
2023-12-31 00:31:23,864 [WARN] ModelIntegratedComponent:63 - No mode defined for component null
2023-12-31 00:31:23,864 [WARN] ModelIntegratedComponent:63 - No mode defined for component null
2023-12-31 00:31:23,864 [WARN] ModelIntegratedComponent:63 - No mode defined for component null
2023-12-31 00:31:23,864 [WARN] ModelIntegratedComponent:63 - No mode defined for component null
2023-12-31 00:31:23,864 [WARN] ModelIntegratedComponent:63 - No mode defined for component null
2023-12-31 00:31:23,864 [WARN] ModelIntegratedComponent:63 - No mode defined for component null
2023-12-31 00:31:23,864 [WARN] ModelIntegratedComponent:63 - No mode defined for component null
2023-12-31 00:31:23,864 [WARN] ModelIntegratedComponent:63 - No mode defined for component null
2023-12-31 00:31:23,864 [WARN] ModelIntegratedComponent:63 - No mode defined for component null
2023-12-31 00:31:23,864 [WARN] ModelIntegratedComponent:63 - No mode defined for component null
2023-12-31 00:31:23,864 [WARN] ModelIntegratedComponent:63 - No mode defined for component null
2023-12-31 00:31:23,864 [WARN] ModelIntegratedComponent:63 - No mode defined for component null
2023-12-31 00:31:23,864 [WARN] ModelIntegratedComponent:63 - No mode defined for component null
2023-12-31 00:31:23,864 [WARN] ModelIntegratedComponent:63 - No mode defined for component null
2023-12-31 00:31:23,864 [WARN] ModelIntegratedComponent:63 - No mode defined for component null
2023-12-31 00:31:23,864 [WARN] ModelIntegratedComponent:63 - No mode defined for component null
2023-12-31 00:31:23,864 [WARN] ModelIntegratedComponent:63 - No mode defined for component null
2023-12-31 00:31:23,864 [WARN] ModelIntegratedComponent:63 - No mode defined for component null
2023-12-31 00:31:23,865 [WARN] ModelIntegratedComponent:63 - No mode defined for component null
2023-12-31 00:31:23,865 [WARN] ModelIntegratedComponent:63 - No mode defined for component null
2023-12-31 00:31:23,865 [WARN] ModelIntegratedComponent:63 - No mode defined for component null
2023-12-31 00:31:24,272 [INFO] ThirdPartyModel:298 - Start build external matchings
2023-12-31 00:31:28,930 [INFO] ThirdPartyModel:316 - End build external matchings
2023-12-31 00:31:29,307 [INFO] UtilMem:75 - End LoadConfig() Used Memory: 576377736 Bytes (1048576000)
2023-12-31 00:31:29,340 [INFO] MicroXplorer:468 - Change Database Path : 
2023-12-31 00:31:29,341 [INFO] MicroXplorer:498 - Change Database Version : DB.6.0.100
2023-12-31 00:31:29,341 [WARN] ThirdParty:833 - waiting for thirdparty lock release [change project]
2023-12-31 00:31:29,341 [INFO] ThirdParty:835 - entering critical section [change project]
2023-12-31 00:31:29,341 [INFO] ThirdParty:1030 - CMSIS Pack Vendor :STMicroelectronics USBPD 4.1
2023-12-31 00:31:29,341 [INFO] ThirdParty:1030 - CMSIS Pack Vendor :STMicroelectronics X-CUBE-GNSS1 6.0.0
2023-12-31 00:31:29,341 [INFO] ThirdParty:1030 - CMSIS Pack Vendor :STMicroelectronics USB_HOST 2.0.0
2023-12-31 00:31:29,342 [INFO] ThirdParty:1030 - CMSIS Pack Vendor :STMicroelectronics X-CUBE-AZRTOS-F4 1.1.0
2023-12-31 00:31:29,342 [INFO] ThirdParty:1030 - CMSIS Pack Vendor :STMicroelectronics LIBJPEG 8.0.0
2023-12-31 00:31:29,342 [INFO] ThirdParty:1030 - CMSIS Pack Vendor :wolfSSL I-CUBE-wolfSSL 5.6.4
2023-12-31 00:31:29,342 [INFO] ThirdParty:1030 - CMSIS Pack Vendor :STMicroelectronics X-CUBE-SMBUS 2.1.0
2023-12-31 00:31:29,342 [INFO] ThirdParty:1030 - CMSIS Pack Vendor :STMicroelectronics X-CUBE-TOUCHGFX 4.23.0
2023-12-31 00:31:29,342 [INFO] ThirdParty:1030 - CMSIS Pack Vendor :STMicroelectronics X-CUBE-MEMS1 9.2.0
2023-12-31 00:31:29,342 [INFO] ThirdParty:1030 - CMSIS Pack Vendor :STMicroelectronics X-CUBE-BLEMGR 1.2.0
2023-12-31 00:31:29,342 [INFO] ThirdParty:1030 - CMSIS Pack Vendor :STMicroelectronics X-CUBE-AZRTOS-F7 1.1.0
2023-12-31 00:31:29,342 [INFO] ThirdParty:1030 - CMSIS Pack Vendor :STMicroelectronics X-CUBE-AZRTOS-L5 2.0.0
2023-12-31 00:31:29,342 [INFO] ThirdParty:1030 - CMSIS Pack Vendor :STMicroelectronics USB_DEVICE 2.0.0
2023-12-31 00:31:29,342 [INFO] ThirdParty:1030 - CMSIS Pack Vendor :STMicroelectronics X-CUBE-MEMS1 9.6.0
2023-12-31 00:31:29,342 [INFO] ThirdParty:1030 - CMSIS Pack Vendor :STMicroelectronics X-CUBE-EEPRMA1 4.2.0
2023-12-31 00:31:29,342 [INFO] ThirdParty:1030 - CMSIS Pack Vendor :ITTIA_DB I-CUBE-ITTIADB 8.8.0
2023-12-31 00:31:29,342 [INFO] ThirdParty:1030 - CMSIS Pack Vendor :STMicroelectronics FP-SNS-MOTENV1 4.3.0
2023-12-31 00:31:29,342 [INFO] ThirdParty:1030 - CMSIS Pack Vendor :STMicroelectronics FP-SNS-MOTENV1 4.3.2
2023-12-31 00:31:29,342 [INFO] ThirdParty:1030 - CMSIS Pack Vendor :STMicroelectronics FP-SNS-FLIGHT1 5.0.0
2023-12-31 00:31:29,342 [INFO] ThirdParty:1030 - CMSIS Pack Vendor :STMicroelectronics FP-SNS-MOTENV1 4.3.1
2023-12-31 00:31:29,342 [INFO] ThirdParty:1030 - CMSIS Pack Vendor :STMicroelectronics FP-SNS-FLIGHT1 5.0.1
2023-12-31 00:31:29,342 [INFO] ThirdParty:1030 - CMSIS Pack Vendor :STMicroelectronics X-CUBE-BLE1 6.2.3
2023-12-31 00:31:29,342 [INFO] ThirdParty:1030 - CMSIS Pack Vendor :STMicroelectronics X-CUBE-BLE1 6.2.4
2023-12-31 00:31:29,342 [INFO] ThirdParty:1030 - CMSIS Pack Vendor :STMicroelectronics FreeRTOS 0.0.1
2023-12-31 00:31:29,342 [INFO] ThirdParty:1030 - CMSIS Pack Vendor :STMicroelectronics X-CUBE-BLEMGR 2.0.0
2023-12-31 00:31:29,342 [INFO] ThirdParty:1030 - CMSIS Pack Vendor :STMicroelectronics FP-SNS-FLIGHT1 5.0.2
2023-12-31 00:31:29,342 [INFO] ThirdParty:1030 - CMSIS Pack Vendor :STMicroelectronics X-CUBE-NFC4 2.0.5
2023-12-31 00:31:29,342 [INFO] ThirdParty:1030 - CMSIS Pack Vendor :STMicroelectronics X-CUBE-NFC4 2.0.4
2023-12-31 00:31:29,342 [INFO] ThirdParty:1030 - CMSIS Pack Vendor :STMicroelectronics X-CUBE-AZRTOS-H7 3.1.0
2023-12-31 00:31:29,343 [INFO] ThirdParty:1030 - CMSIS Pack Vendor :STMicroelectronics PDM2PCM 3.3.0
2023-12-31 00:31:29,343 [INFO] ThirdParty:1030 - CMSIS Pack Vendor :STMicroelectronics X-CUBE-TOF1 3.1.0
2023-12-31 00:31:29,343 [INFO] ThirdParty:1030 - CMSIS Pack Vendor :STMicroelectronics X-CUBE-DISPLAY 3.0.0
2023-12-31 00:31:29,343 [INFO] ThirdParty:1030 - CMSIS Pack Vendor :STMicroelectronics X-CUBE-AZRTOS-F4 1.0.0
2023-12-31 00:31:29,343 [INFO] ThirdParty:1030 - CMSIS Pack Vendor :STMicroelectronics X-CUBE-BLE1 7.0.0
2023-12-31 00:31:29,343 [INFO] ThirdParty:1030 - CMSIS Pack Vendor :STMicroelectronics HAL Drivers 0.0.0
2023-12-31 00:31:29,343 [INFO] ThirdParty:1030 - CMSIS Pack Vendor :emotas I-CUBE-CANOPEN 1.3.0
2023-12-31 00:31:29,343 [INFO] ThirdParty:1030 - CMSIS Pack Vendor :STMicroelectronics X-CUBE-TOUCHGFX 4.22.0
2023-12-31 00:31:29,343 [INFO] ThirdParty:1030 - CMSIS Pack Vendor :STMicroelectronics X-CUBE-NFC7 1.0.1
2023-12-31 00:31:29,343 [INFO] ThirdParty:1030 - CMSIS Pack Vendor :STMicroelectronics MBEDTLS 2.14.1
2023-12-31 00:31:29,343 [INFO] ThirdParty:1030 - CMSIS Pack Vendor :STMicroelectronics X-CUBE-NFC7 1.0.0
2023-12-31 00:31:29,343 [INFO] ThirdParty:1030 - CMSIS Pack Vendor :STMicroelectronics X-CUBE-TOUCHGFX 4.22.1
2023-12-31 00:31:29,343 [INFO] ThirdParty:1030 - CMSIS Pack Vendor :STMicroelectronics X-CUBE-NFC6 3.0.0
2023-12-31 00:31:29,343 [INFO] ThirdParty:1030 - CMSIS Pack Vendor :STMicroelectronics X-CUBE-MEMS1 9.3.0
2023-12-31 00:31:29,344 [INFO] ThirdParty:1030 - CMSIS Pack Vendor :STMicroelectronics X-CUBE-EEPRMA1 4.1.0
2023-12-31 00:31:29,344 [INFO] ThirdParty:1030 - CMSIS Pack Vendor :STMicroelectronics X-CUBE-AI 7.2.0
2023-12-31 00:31:29,344 [INFO] ThirdParty:1030 - CMSIS Pack Vendor :STMicroelectronics FP-SNS-SMARTAG2 1.2.0
2023-12-31 00:31:29,344 [INFO] ThirdParty:1030 - CMSIS Pack Vendor :STMicroelectronics X-CUBE-AZRTOS-WL 2.0.0
2023-12-31 00:31:29,344 [INFO] ThirdParty:1030 - CMSIS Pack Vendor :STMicroelectronics USB_DEVICE 1.0.0
2023-12-31 00:31:29,344 [INFO] ThirdParty:1030 - CMSIS Pack Vendor :STMicroelectronics X-CUBE-AI 8.1.0
2023-12-31 00:31:29,344 [INFO] ThirdParty:1030 - CMSIS Pack Vendor :STMicroelectronics X-CUBE-AZRTOS-L4 2.0.0
2023-12-31 00:31:29,344 [INFO] ThirdParty:1030 - CMSIS Pack Vendor :STMicroelectronics ThreadX 0.0.2
2023-12-31 00:31:29,344 [INFO] ThirdParty:1030 - CMSIS Pack Vendor :WES I-CUBE-Cesium 1.3.0
2023-12-31 00:31:29,344 [INFO] ThirdParty:1030 - CMSIS Pack Vendor :STMicroelectronics lwIP 2.1.2
2023-12-31 00:31:29,344 [INFO] ThirdParty:1030 - CMSIS Pack Vendor :STMicroelectronics X-CUBE-SFXS2LP1 4.0.0
2023-12-31 00:31:29,344 [INFO] ThirdParty:1030 - CMSIS Pack Vendor :STMicroelectronics X-CUBE-BLE2 3.3.0
2023-12-31 00:31:29,344 [INFO] ThirdParty:1030 - CMSIS Pack Vendor :STMicroelectronics X-CUBE-DISPLAY 2.2.0
2023-12-31 00:31:29,344 [INFO] ThirdParty:1030 - CMSIS Pack Vendor :STMicroelectronics X-CUBE-TOF1 3.2.0
2023-12-31 00:31:29,344 [INFO] ThirdParty:1030 - CMSIS Pack Vendor :STMicroelectronics PDM2PCM 3.2.0
2023-12-31 00:31:29,344 [INFO] ThirdParty:1030 - CMSIS Pack Vendor :STMicroelectronics X-CUBE-AZRTOS-H7 3.0.0
2023-12-31 00:31:29,344 [INFO] ThirdParty:1030 - CMSIS Pack Vendor :STMicroelectronics X-CUBE-ISPU 1.0.0
2023-12-31 00:31:29,345 [INFO] ThirdParty:1030 - CMSIS Pack Vendor :STMicroelectronics X-CUBE-ISPU 1.1.0
2023-12-31 00:31:29,345 [INFO] ThirdParty:1030 - CMSIS Pack Vendor :RoweBots I-CUBE-UNISONRTOS 5.5.0-4
2023-12-31 00:31:29,345 [INFO] ThirdParty:1030 - CMSIS Pack Vendor :STMicroelectronics X-CUBE-AZRTOS-H7 2.1.0
2023-12-31 00:31:29,345 [INFO] ThirdParty:1030 - CMSIS Pack Vendor :STMicroelectronics USB_DEVICE 3.0.0
2023-12-31 00:31:29,345 [INFO] ThirdParty:1030 - CMSIS Pack Vendor :STMicroelectronics X-CUBE-AI 8.0.0
2023-12-31 00:31:29,345 [INFO] ThirdParty:1030 - CMSIS Pack Vendor :STMicroelectronics X-CUBE-AZRTOS-WB 2.0.0
2023-12-31 00:31:29,345 [INFO] ThirdParty:1030 - CMSIS Pack Vendor :STMicroelectronics X-CUBE-FREERTOS 1.0.0
2023-12-31 00:31:29,345 [INFO] ThirdParty:1030 - CMSIS Pack Vendor :STMicroelectronics X-CUBE-FREERTOS 1.0.1
2023-12-31 00:31:29,345 [INFO] ThirdParty:1030 - CMSIS Pack Vendor :STMicroelectronics X-CUBE-TOUCHGFX 4.21.1
2023-12-31 00:31:29,345 [INFO] ThirdParty:1030 - CMSIS Pack Vendor :STMicroelectronics X-CUBE-TOUCHGFX 4.21.0
2023-12-31 00:31:29,345 [INFO] ThirdParty:1030 - CMSIS Pack Vendor :STMicroelectronics X-CUBE-TOUCHGFX 4.21.3
2023-12-31 00:31:29,345 [INFO] ThirdParty:1030 - CMSIS Pack Vendor :STMicroelectronics X-CUBE-BLEMGR 1.0.0
2023-12-31 00:31:29,345 [INFO] ThirdParty:1030 - CMSIS Pack Vendor :STMicroelectronics X-CUBE-TOUCHGFX 4.21.4
2023-12-31 00:31:29,345 [INFO] ThirdParty:1030 - CMSIS Pack Vendor :STMicroelectronics X-CUBE-MEMS1 9.4.0
2023-12-31 00:31:29,345 [INFO] ThirdParty:1030 - CMSIS Pack Vendor :STMicroelectronics X-CUBE-AI 7.3.0
2023-12-31 00:31:29,346 [INFO] ThirdParty:1030 - CMSIS Pack Vendor :STMicroelectronics X-CUBE-ALGOBUILD 1.3.0
2023-12-31 00:31:29,346 [INFO] ThirdParty:1030 - CMSIS Pack Vendor :STMicroelectronics X-CUBE-AZRTOS-L5 1.1.0
2023-12-31 00:31:29,346 [INFO] ThirdParty:1030 - CMSIS Pack Vendor :STMicroelectronics X-CUBE-AZRTOS-G0 1.1.0
2023-12-31 00:31:29,346 [INFO] ThirdParty:1030 - CMSIS Pack Vendor :STMicroelectronics X-CUBE-AI 8.0.1
2023-12-31 00:31:29,346 [INFO] ThirdParty:1030 - CMSIS Pack Vendor :STMicroelectronics X-CUBE-NFC4 3.0.0
2023-12-31 00:31:29,346 [INFO] ThirdParty:1030 - CMSIS Pack Vendor :SEGGER I-CUBE-embOS 1.2.0
2023-12-31 00:31:29,346 [INFO] ThirdParty:1030 - CMSIS Pack Vendor :STMicroelectronics X-CUBE-SUBG2 5.0.0
2023-12-31 00:31:29,346 [INFO] ThirdParty:1030 - CMSIS Pack Vendor :STMicroelectronics STM32_WPAN 1.0.0
2023-12-31 00:31:29,346 [INFO] ThirdParty:1030 - CMSIS Pack Vendor :STMicroelectronics lwIP 2.0.3
2023-12-31 00:31:29,346 [INFO] ThirdParty:1030 - CMSIS Pack Vendor :STMicroelectronics USB_HOST 1.0.0
2023-12-31 00:31:29,346 [INFO] ThirdParty:1030 - CMSIS Pack Vendor :STMicroelectronics X-CUBE-TOF1 3.3.1
2023-12-31 00:31:29,346 [INFO] ThirdParty:1030 - CMSIS Pack Vendor :STMicroelectronics X-CUBE-AZRTOS-G4 2.0.0
2023-12-31 00:31:29,346 [INFO] ThirdParty:1030 - CMSIS Pack Vendor :STMicroelectronics PDM2PCM 3.1.0
2023-12-31 00:31:29,346 [INFO] ThirdParty:1030 - CMSIS Pack Vendor :STMicroelectronics X-CUBE-TOF1 3.3.0
2023-12-31 00:31:29,346 [INFO] ThirdParty:1030 - CMSIS Pack Vendor :STMicroelectronics FP-ATR-ASTRA1 1.1.1
2023-12-31 00:31:29,346 [INFO] ThirdParty:1030 - CMSIS Pack Vendor :Infineon AIROC-Wi-Fi-Bluetooth-STM32 1.5.1
2023-12-31 00:31:29,347 [INFO] ThirdParty:1030 - CMSIS Pack Vendor :STMicroelectronics X-CUBE-BLEMGR 3.0.0
2023-12-31 00:31:29,347 [INFO] ThirdParty:1030 - CMSIS Pack Vendor :STMicroelectronics FP-ATR-ASTRA1 1.1.0
2023-12-31 00:31:29,347 [INFO] ThirdParty:1030 - CMSIS Pack Vendor :STMicroelectronics X-CUBE-BLEMGR 1.3.0
2023-12-31 00:31:29,347 [INFO] ThirdParty:1030 - CMSIS Pack Vendor :STMicroelectronics FP-SNS-MOTENVWB1 1.3.0
2023-12-31 00:31:29,347 [INFO] ThirdParty:1030 - CMSIS Pack Vendor :STMicroelectronics FP-SNS-MOTENVWB1 1.3.1
2023-12-31 00:31:29,347 [INFO] ThirdParty:1030 - CMSIS Pack Vendor :STMicroelectronics FP-ATR-SIGFOX1 3.2.0
2023-12-31 00:31:29,347 [INFO] ThirdParty:1030 - CMSIS Pack Vendor :STMicroelectronics X-CUBE-AZRTOS-G4 1.0.0
2023-12-31 00:31:29,347 [INFO] ThirdParty:1030 - CMSIS Pack Vendor :wolfSSL I-CUBE-wolfSSL 5.3.0
2023-12-31 00:31:29,347 [INFO] ThirdParty:1030 - CMSIS Pack Vendor :STMicroelectronics X-CUBE-AZRTOS-L4 1.0.0
2023-12-31 00:31:29,347 [INFO] ThirdParty:1030 - CMSIS Pack Vendor :STMicroelectronics X-CUBE-ISPU 2.0.0
2023-12-31 00:31:29,347 [INFO] ThirdParty:1030 - CMSIS Pack Vendor :STMicroelectronics MBEDTLS 2.16.2
2023-12-31 00:31:29,347 [INFO] ThirdParty:1030 - CMSIS Pack Vendor :emotas I-CUBE-CANOPEN 1.1.2
2023-12-31 00:31:29,347 [INFO] ThirdParty:1030 - CMSIS Pack Vendor :STMicroelectronics X-CUBE-TOUCHGFX 4.20.0
2023-12-31 00:31:29,347 [INFO] ThirdParty:1030 - CMSIS Pack Vendor :STMicroelectronics X-CUBE-MEMS1 10.0.0
2023-12-31 00:31:29,348 [INFO] ThirdParty:1030 - CMSIS Pack Vendor :STMicroelectronics X-CUBE-FREERTOS 1.1.0
2023-12-31 00:31:29,348 [INFO] ThirdParty:1030 - CMSIS Pack Vendor :STMicroelectronics X-CUBE-AZRTOS-WL 1.0.0
2023-12-31 00:31:29,348 [INFO] ThirdParty:1030 - CMSIS Pack Vendor :portGmbH I-Cube-SoM-uGOAL 1.1.0
2023-12-31 00:31:29,348 [INFO] ThirdParty:1030 - CMSIS Pack Vendor :STMicroelectronics X-CUBE-ALS 1.0.1
2023-12-31 00:31:29,348 [INFO] ThirdParty:1030 - CMSIS Pack Vendor :STMicroelectronics X-CUBE-MEMS1 9.5.0
2023-12-31 00:31:29,348 [INFO] ThirdParty:1030 - CMSIS Pack Vendor :STMicroelectronics ThreadX 1.0.0
2023-12-31 00:31:29,348 [INFO] ThirdParty:1030 - CMSIS Pack Vendor :STMicroelectronics X-CUBE-AZRTOS-WB 1.1.0
2023-12-31 00:31:29,348 [INFO] ThirdParty:1030 - CMSIS Pack Vendor :SEGGER I-CUBE-embOS 1.3.1
2023-12-31 00:31:29,348 [INFO] ThirdParty:1030 - CMSIS Pack Vendor :STMicroelectronics X-CUBE-AZRTOS-L5 1.0.0
2023-12-31 00:31:29,348 [INFO] ThirdParty:1030 - CMSIS Pack Vendor :STMicroelectronics X-CUBE-EEPRMA1 3.1.1
2023-12-31 00:31:29,348 [INFO] ThirdParty:1030 - CMSIS Pack Vendor :STMicroelectronics FP-ATR-ASTRA1 2.0.0
2023-12-31 00:31:29,348 [INFO] ThirdParty:1030 - CMSIS Pack Vendor :STMicroelectronics X-CUBE-TOF1 3.4.0
2023-12-31 00:31:29,348 [INFO] ThirdParty:1030 - CMSIS Pack Vendor :STMicroelectronics X-CUBE-AZRTOS-H7 3.2.0
2023-12-31 00:31:29,349 [INFO] ThirdParty:841 - exiting critical section [change project]
2023-12-31 00:31:29,552 [INFO] PinOutPanel:1499 - setPackage(No Configuration,No Configuration)
2023-12-31 00:31:29,566 [INFO] PinOutPanel:1499 - setPackage(STM32G071G8Ux,UFQFPN28)
2023-12-31 00:31:30,299 [INFO] UtilMem:75 - Before build in PCC Used Memory: 378795616 Bytes (1048576000)
2023-12-31 00:31:30,564 [INFO] UserBatteryFile:101 - LiPo 300mAh 300.0 0.1 3.7 300.0 0.0
2023-12-31 00:31:30,615 [INFO] UtilMem:75 - After build in PCC Used Memory: 452718176 Bytes (1048576000)
2023-12-31 00:31:30,666 [INFO] IPUIPlugin:80 - create IPUIPlugin
2023-12-31 00:31:30,666 [INFO] IPUIPlugin:80 - create IPUIPlugin
2023-12-31 00:31:30,666 [INFO] IPUIPlugin:80 - create IPUIPlugin
2023-12-31 00:31:30,666 [INFO] IPUIPlugin:80 - create IPUIPlugin
2023-12-31 00:31:30,667 [INFO] IPUIPlugin:80 - create IPUIPlugin
2023-12-31 00:31:30,667 [INFO] IPUIPlugin:80 - create IPUIPlugin
2023-12-31 00:31:30,667 [INFO] IPUIPlugin:80 - create IPUIPlugin
2023-12-31 00:31:30,667 [INFO] IPUIPlugin:80 - create IPUIPlugin
2023-12-31 00:31:30,667 [INFO] IPUIPlugin:80 - create IPUIPlugin
2023-12-31 00:31:30,667 [INFO] IPUIPlugin:80 - create IPUIPlugin
2023-12-31 00:31:30,667 [INFO] IPUIPlugin:80 - create IPUIPlugin
2023-12-31 00:31:30,667 [INFO] IPUIPlugin:80 - create IPUIPlugin
2023-12-31 00:31:30,668 [INFO] IPUIPlugin:80 - create IPUIPlugin
2023-12-31 00:31:30,668 [INFO] IPUIPlugin:80 - create IPUIPlugin
2023-12-31 00:31:30,668 [INFO] IPUIPlugin:80 - create IPUIPlugin
2023-12-31 00:31:30,668 [INFO] IPUIPlugin:80 - create IPUIPlugin
2023-12-31 00:31:30,668 [INFO] IPUIPlugin:80 - create IPUIPlugin
2023-12-31 00:31:30,669 [INFO] IPUIPlugin:80 - create IPUIPlugin
2023-12-31 00:31:30,669 [INFO] IPUIPlugin:80 - create IPUIPlugin
2023-12-31 00:31:30,669 [INFO] IPUIPlugin:80 - create IPUIPlugin
2023-12-31 00:31:30,669 [INFO] IPUIPlugin:80 - create IPUIPlugin
2023-12-31 00:31:30,669 [INFO] IPUIPlugin:80 - create IPUIPlugin
2023-12-31 00:31:30,670 [INFO] IPUIPlugin:80 - create IPUIPlugin
2023-12-31 00:31:30,670 [INFO] IPUIPlugin:80 - create IPUIPlugin
2023-12-31 00:31:30,670 [INFO] IPUIPlugin:80 - create IPUIPlugin
2023-12-31 00:31:30,670 [INFO] IPUIPlugin:80 - create IPUIPlugin
2023-12-31 00:31:30,670 [INFO] IPUIPlugin:80 - create IPUIPlugin
2023-12-31 00:31:30,671 [INFO] IPUIPlugin:80 - create IPUIPlugin
2023-12-31 00:31:30,671 [INFO] IPUIPlugin:80 - create IPUIPlugin
2023-12-31 00:31:30,671 [INFO] IPUIPlugin:80 - create IPUIPlugin
2023-12-31 00:31:30,671 [INFO] IPUIPlugin:80 - create IPUIPlugin
2023-12-31 00:31:30,672 [INFO] IPUIPlugin:80 - create IPUIPlugin
2023-12-31 00:31:30,672 [INFO] IPUIPlugin:80 - create IPUIPlugin
2023-12-31 00:31:30,672 [INFO] IPUIPlugin:80 - create IPUIPlugin
2023-12-31 00:31:30,672 [INFO] IPUIPlugin:80 - create IPUIPlugin
2023-12-31 00:31:30,673 [INFO] IPUIPlugin:80 - create IPUIPlugin
2023-12-31 00:31:30,673 [INFO] IPUIPlugin:80 - create IPUIPlugin
2023-12-31 00:31:30,673 [INFO] IPUIPlugin:80 - create IPUIPlugin
2023-12-31 00:31:30,674 [INFO] IPUIPlugin:80 - create IPUIPlugin
2023-12-31 00:31:30,674 [INFO] IPUIPlugin:80 - create IPUIPlugin
2023-12-31 00:31:30,741 [INFO] CADModel:165 - CPN selected for project levelSTM32G071G8U6
2023-12-31 00:31:30,741 [INFO] CADModel:114 - Register for checkConnection events
2023-12-31 00:31:30,797 [INFO] OpenFileManager:343 - Restore cursor
2023-12-31 00:31:31,544 [INFO] UtilMem:75 - End SaveConfig() Used Memory: 541324896 Bytes (1048576000)
2023-12-31 00:31:31,713 [INFO] UtilMem:75 - End SaveConfig() Used Memory: 565964384 Bytes (1048576000)
2023-12-31 00:31:32,036 [INFO] BlockDiagram:2759 - set Specific Code input for plugin: RCC
2023-12-31 00:31:32,036 [INFO] BlockDiagram:2759 - set Specific Code input for plugin: NVIC
2023-12-31 00:31:32,038 [INFO] CodeGenerator:807 - code generatio: config db path: C:\ST\STM32CubeIDE_1.10.1\STM32CubeIDE\plugins\com.st.stm32cube.common.mx_6.10.0.202311202037\\db\
2023-12-31 00:31:32,225 [INFO] CodeEngine:255 - oldGeneratedFile, C:\Users\bens1\Documents\Other\Projects\Smart-Watch\Firmware\STM32\rfid_module_default_configuration\MXTmpFiles\license.tmp_save
2023-12-31 00:31:32,442 [INFO] CodeEngine:279 - Generated code: C:\Users\bens1\Documents\Other\Projects\Smart-Watch\Firmware\STM32\rfid_module_default_configuration\MXTmpFiles\license.tmp
2023-12-31 00:31:32,473 [INFO] CodeEngine:255 - oldGeneratedFile, C:\Users\bens1\Documents\Other\Projects\Smart-Watch\Firmware\STM32\rfid_module_default_configuration\Core\Src\stm32g0xx_it.c_save
2023-12-31 00:31:32,941 [INFO] CodeEngine:279 - Generated code: C:\Users\bens1\Documents\Other\Projects\Smart-Watch\Firmware\STM32\rfid_module_default_configuration\Core\Src\stm32g0xx_it.c
2023-12-31 00:31:32,953 [INFO] CodeEngine:255 - oldGeneratedFile, C:\Users\bens1\Documents\Other\Projects\Smart-Watch\Firmware\STM32\rfid_module_default_configuration\Core\Inc\stm32g0xx_it.h_save
2023-12-31 00:31:33,073 [INFO] CodeEngine:279 - Generated code: C:\Users\bens1\Documents\Other\Projects\Smart-Watch\Firmware\STM32\rfid_module_default_configuration\Core\Inc\stm32g0xx_it.h
2023-12-31 00:31:33,111 [INFO] CodeEngine:255 - oldGeneratedFile, C:\Users\bens1\Documents\Other\Projects\Smart-Watch\Firmware\STM32\rfid_module_default_configuration\Core\Src\stm32g0xx_hal_msp.c_save
2023-12-31 00:31:33,303 [INFO] CodeEngine:279 - Generated code: C:\Users\bens1\Documents\Other\Projects\Smart-Watch\Firmware\STM32\rfid_module_default_configuration\Core\Src\stm32g0xx_hal_msp.c
2023-12-31 00:31:33,312 [INFO] CodeEngine:255 - oldGeneratedFile, C:\Users\bens1\Documents\Other\Projects\Smart-Watch\Firmware\STM32\rfid_module_default_configuration\MXTmpFiles\system.tmp_save
2023-12-31 00:31:33,420 [INFO] CodeEngine:279 - Generated code: C:\Users\bens1\Documents\Other\Projects\Smart-Watch\Firmware\STM32\rfid_module_default_configuration\MXTmpFiles\system.tmp
2023-12-31 00:31:33,442 [INFO] CodeEngine:311 - oldGeneratedFile, C:\Users\bens1\Documents\Other\Projects\Smart-Watch\Firmware\STM32\rfid_module_default_configuration\Core\Inc\stm32g0xx_hal_conf.h_save
2023-12-31 00:31:33,654 [INFO] CodeEngine:335 - Generated code: C:\Users\bens1\Documents\Other\Projects\Smart-Watch\Firmware\STM32\rfid_module_default_configuration\Core\Inc\stm32g0xx_hal_conf.h
2023-12-31 00:31:33,707 [INFO] CodeEngine:255 - oldGeneratedFile, C:\Users\bens1\Documents\Other\Projects\Smart-Watch\Firmware\STM32\rfid_module_default_configuration\Core\Inc\main.h_save
2023-12-31 00:31:33,923 [INFO] CodeEngine:279 - Generated code: C:\Users\bens1\Documents\Other\Projects\Smart-Watch\Firmware\STM32\rfid_module_default_configuration\Core\Inc\main.h
2023-12-31 00:31:33,934 [INFO] CodeEngine:255 - oldGeneratedFile, C:\Users\bens1\Documents\Other\Projects\Smart-Watch\Firmware\STM32\rfid_module_default_configuration\Core\Src\main.c_save
2023-12-31 00:31:34,123 [INFO] CodeEngine:279 - Generated code: C:\Users\bens1\Documents\Other\Projects\Smart-Watch\Firmware\STM32\rfid_module_default_configuration\Core\Src\main.c
2023-12-31 00:31:35,041 [INFO] ProjectBuilder:3076 - Time for Copy HAL[1] : 287mS.
2023-12-31 00:31:35,049 [INFO] ProjectBuilder:4485 - Project Generator version: 4.2.0-B44
2023-12-31 00:31:35,368 [INFO] ConfigFileManager:1495 - The Die is : DIE460
2023-12-31 00:31:35,371 [INFO] ApiDbMcu:508 - Load IP Config File for FATFS
2023-12-31 00:31:35,375 [INFO] ApiDbMcu:508 - Load IP Config File for FREERTOS
2023-12-31 00:31:35,380 [INFO] ApiDbMcu:508 - Load IP Config File for USBPD
2023-12-31 00:31:38,825 [INFO] ProjectBuilder:4747 - Time for Generating toolchain IDE Files: 3776mS.
2023-12-31 00:31:38,826 [INFO] ProjectBuilder:2947 - Time for Copy CMSIS : 1mS.
2023-12-31 00:31:38,831 [INFO] ProjectBuilder:2947 - Time for Copy CMSIS : 0mS.
2023-12-31 00:31:39,465 [INFO] McuFinderGlobals:76 - Set McuFinderConnectedMode to true
2023-12-31 00:31:39,468 [INFO] ApiDb:448 - Save user favorites file C:\Users\bens1/.stm32cubeide/favorites.mcus.txt: 1 item(s)
2023-12-31 00:31:39,469 [INFO] ApiDb:452 - User favorites MCUs=[STM32U575RIT6Q]
2023-12-31 02:34:34,965 [INFO] CtxDoc:743 - title: COMP1; link: Datasheet 
2023-12-31 02:34:35,554 [INFO] ServerAccessManage:473 - Download File DS12232.pdf
2023-12-31 02:34:35,847 [INFO] LoadUrlFilesThread:156 - End of LoadUrlFiles Thread
2023-12-31 02:34:35,847 [INFO] CtxDocViewerPdf:144 - Open pdf file: C:/Users/bens1/STM32Cube/Repository/\DS12232.pdf in chapter: Comparators (COMP)
2023-12-31 02:34:36,069 [INFO] CtxDocViewerPdf:209 - item Comparators (COMP) is on page 27
2023-12-31 02:34:36,071 [INFO] CtxDocViewerPdf:239 - Opening file: C:/Users/bens1/STM32Cube/Repository/\DS12232.pdf at page: 27
2023-12-31 02:34:37,003 [ERROR] CtxDocViewerPdf:308 - Can't open file: C:/Users/bens1/STM32Cube/Repository/\DS12232.pdf
2023-12-31 02:39:03,250 [INFO] CtxDoc:743 - title: ADC1; link: Datasheet 
2023-12-31 02:39:03,251 [INFO] CtxDocViewerPdf:144 - Open pdf file: C:/Users/bens1/STM32Cube/Repository/\DS12232.pdf in chapter: Analog to digital converter (ADC)
2023-12-31 02:39:03,282 [INFO] CtxDocViewerPdf:209 - item Analog-to-digital converter (ADC) is on page 25
2023-12-31 02:39:03,282 [INFO] CtxDocViewerPdf:239 - Opening file: C:/Users/bens1/STM32Cube/Repository/\DS12232.pdf at page: 25
2023-12-31 02:39:04,788 [ERROR] CtxDocViewerPdf:308 - Can't open file: C:/Users/bens1/STM32Cube/Repository/\DS12232.pdf
2023-12-31 02:44:07,161 [INFO] UtilMem:75 - End SaveConfig() Used Memory: 324469360 Bytes (1024458752)
2023-12-31 02:44:12,919 [ERROR] LogOutputStream:75 - [STDERR_REDIRECT] 
